#
# A fatal error has been detected by the Java Runtime Environment:
#
#  EXCEPTION_ACCESS_VIOLATION (0xc0000005) at pc=0x00007ff92b029e47, pid=9580, tid=15840
#
# JRE version: Java(TM) SE Runtime Environment (21.0.3+7) (build 21.0.3+7-LTS-152)
# Java VM: Java HotSpot(TM) 64-Bit Server VM (21.0.3+7-LTS-152, mixed mode, sharing, tiered, compressed oops, compressed class ptrs, g1 gc, windows-amd64)
# Problematic frame:
# V  [jvm.dll+0x449e47]
#
# No core dump will be written. Minidumps are not enabled by default on client versions of Windows
#
# If you would like to submit a bug report, please visit:
#   https://bugreport.java.com/bugreport/crash.jsp
#

---------------  S U M M A R Y ------------

Command Line: -Dfile.encoding=UTF-8 -Duser.country=JP -Duser.language=ja -Duser.variant net.rk4z.test.Main

Host: 12th Gen Intel(R) Core(TM) i5-12500H, 16 cores, 63G,  Windows 11 , 64 bit Build 22621 (10.0.22621.3958)
Time: Sun Sep  8 16:30:06 2024  Windows 11 , 64 bit Build 22621 (10.0.22621.3958) elapsed time: 1.068316 seconds (0d 0h 0m 1s)

---------------  T H R E A D  ---------------

Current thread (0x00000246a78abc60):  JavaThread "main"             [_thread_in_vm, id=15840, stack(0x000000aaa4000000,0x000000aaa4100000) (1024K)]

Stack: [0x000000aaa4000000,0x000000aaa4100000],  sp=0x000000aaa40fee60,  free space=1019k
Native frames: (J=compiled Java code, j=interpreted, Vv=VM code, C=native code)
V  [jvm.dll+0x449e47]
C  [Uef.dll+0x2120]

Java frames: (J=compiled Java code, j=interpreted, Vv=VM code)
j  net.rk4z.juef.UefApp.run()V+0
j  net.rk4z.test.Main.main([Ljava/lang/String;)V+75
v  ~StubRoutines::call_stub 0x00000246b8ab100d

siginfo: EXCEPTION_ACCESS_VIOLATION (0xc0000005), reading address 0x0000000000000000


Registers:
RAX=0x00000246d5784d60, RBX=0x00000246a78abc60, RCX=0x0000000000000003, RDX=0x00000246d5784d50
RSP=0x000000aaa40fee60, RBP=0x00000246a78ac018, RSI=0x00000246a78ac018, RDI=0x00000246d5784d58
R8 =0x0000000442507fe0, R9 =0x0000000000000000, R10=0x00007ff9cfe60000, R11=0x000000aaa40fee50
R12=0x0000000000000000, R13=0x0000000000000000, R14=0x0000000000000000, R15=0x000000aaa40fef68
RIP=0x00007ff92b029e47, EFLAGS=0x0000000000010206


Register to memory mapping:

RAX=0x00000246d5784d60 points into unknown readable memory: 0x0000000442507fe0 | e0 7f 50 42 04 00 00 00
RBX=0x00000246a78abc60 is a thread
RCX=0x0000000000000003 is an unknown value
RDX=0x00000246d5784d50 points into unknown readable memory: 0x0000000442506420 | 20 64 50 42 04 00 00 00
RSP=0x000000aaa40fee60 is pointing into the stack for thread: 0x00000246a78abc60
RBP=0x00000246a78ac018 points into unknown readable memory: 0x00007ff92b794600 | 00 46 79 2b f9 7f 00 00
RSI=0x00000246a78ac018 points into unknown readable memory: 0x00007ff92b794600 | 00 46 79 2b f9 7f 00 00
RDI=0x00000246d5784d58 points into unknown readable memory: 0x0000000442507b90 | 90 7b 50 42 04 00 00 00
R8 =0x0000000442507fe0 is an oop: net.rk4z.juef.event.UefMouseEvent 
{0x0000000442507fe0} - klass: 'net/rk4z/juef/event/UefMouseEvent'
 - ---- fields (total size 4 words):
 - public 'x' 'I' @12  0 (0x00000000)
 - public 'y' 'I' @16  0 (0x00000000)
 - public 'type' 'Lnet/rk4z/juef/event/UefMouseEvent$Type;' @20  null (0x00000000)
 - public 'button' 'Lnet/rk4z/juef/event/UefMouseEvent$Button;' @24  null (0x00000000)
R9 =0x0 is null
R10=0x00007ff9cfe60000 VCRUNTIME140.dll
R11=0x000000aaa40fee50 is pointing into the stack for thread: 0x00000246a78abc60
R12=0x0 is null
R13=0x0 is null
R14=0x0 is null
R15=0x000000aaa40fef68 is pointing into the stack for thread: 0x00000246a78abc60

Top of Stack: (sp=0x000000aaa40fee60)
0x000000aaa40fee60:   00000246a78abc60 00000246a78ac018
0x000000aaa40fee70:   00000246a78ac018 00000246d5784d58
0x000000aaa40fee80:   00000246da0dd868 00000004438865f0
0x000000aaa40fee90:   00000004438865f0 0000000000000000
0x000000aaa40feea0:   00000ffb7dd1fc30 0000000000d0089e
0x000000aaa40feeb0:   00000246a78abc60 00000246a78ac6d0
0x000000aaa40feec0:   0000000000000457 00007ff92b5c2a88
0x000000aaa40feed0:   00000246a78ac018 00007ff9f3a44764
0x000000aaa40feee0:   00000246a78abc60 00007ff92b02a5ea
0x000000aaa40feef0:   00007ff9f3a446e0 00007ff92b02a2d7
0x000000aaa40fef00:   0000000000000000 000000aaa40ff048
0x000000aaa40fef10:   0000000000d0089e 00007ff9f3a42120
0x000000aaa40fef20:   00000246d5784d58 000002471ef75360
0x000000aaa40fef30:   00000246a78ac018 00000246d882cff8
0x000000aaa40fef40:   000000aaa40ff048 00007ff9f3a4237a
0x000000aaa40fef50:   00000246d5784d58 000002471ef75360
0x000000aaa40fef60:   0000000000000000 0000000000000000
0x000000aaa40fef70:   000002460000031f 00007ff900000180
0x000000aaa40fef80:   0000000000000000 00007ff99ddad5cd
0x000000aaa40fef90:   0000000000000000 000002471e963cd8
0x000000aaa40fefa0:   000000aaa40ff0c0 000000aaa40ff048
0x000000aaa40fefb0:   0000000000000000 00007ff99ddadf87
0x000000aaa40fefc0:   0000000000000000 0000000000000180
0x000000aaa40fefd0:   0000000000000000 0000000000d0089e
0x000000aaa40fefe0:   0000000000000001 00007ff9f8594ad8
0x000000aaa40feff0:   000000aaa40ff1c8 000000aaa40ff010
0x000000aaa40ff000:   0000000000000001 0000000000000000
0x000000aaa40ff010:   0000000000030000 00007ff9fc817958
0x000000aaa40ff020:   000000aaa40ff1a8 00007ff9fd778ae3
0x000000aaa40ff030:   000000aaa3bda000 00007ff900000000
0x000000aaa40ff040:   0000000000000048 0000031f00000000
0x000000aaa40ff050:   0000000000000180 0000000000000000 

Instructions: (pc=0x00007ff92b029e47)
0x00007ff92b029d47:   6c 24 10 48 89 74 24 18 48 89 7c 24 20 41 54 41
0x00007ff92b029d57:   56 41 57 48 81 ec a0 00 00 00 8b 81 b8 00 00 00
0x00007ff92b029d67:   48 8d 99 48 fc ff ff 05 53 21 ff ff 4d 8b f9 4d
0x00007ff92b029d77:   8b f0 48 8b fa 48 8b e9 83 f8 01 77 08 48 8b cb
0x00007ff92b029d87:   e8 f4 dc f9 ff 80 3d 9d 08 7d 00 00 c7 83 4c 04
0x00007ff92b029d97:   00 00 06 00 00 00 75 06 e8 ec d4 26 00 90 48 8b
0x00007ff92b029da7:   83 50 04 00 00 a8 01 74 0d 45 33 c0 b2 01 48 8b
0x00007ff92b029db7:   cb e8 f3 c5 2d 00 8b 83 48 04 00 00 a8 0c 74 08
0x00007ff92b029dc7:   48 8b cb e8 61 f1 f9 ff 45 33 e4 c7 83 4c 04 00
0x00007ff92b029dd7:   00 06 00 00 00 48 89 5c 24 50 4c 89 64 24 58 4c
0x00007ff92b029de7:   39 63 08 74 0a 48 8d 4c 24 50 e8 8a 92 2a 00 48
0x00007ff92b029df7:   8b c7 83 e0 03 48 83 f8 01 75 0c 48 8d 4f ff ff
0x00007ff92b029e07:   15 94 7b 76 00 eb 15 48 83 f8 02 75 0c 48 8d 4f
0x00007ff92b029e17:   fe ff 15 02 f2 75 00 eb 03 48 8b 07 48 8b d3 48
0x00007ff92b029e27:   8b c8 e8 12 fd f6 ff 4c 39 63 08 74 05 49 8b f4
0x00007ff92b029e37:   eb 79 45 33 c0 48 8b d0 48 8b cb e8 49 ea 01 00
0x00007ff92b029e47:   49 8b 16 48 8d 4c 24 70 48 8b f0 c7 44 24 40 0e
0x00007ff92b029e57:   00 00 00 e8 91 27 00 00 48 8d 44 24 70 48 89 5c
0x00007ff92b029e67:   24 30 48 89 44 24 28 48 8d 3d 9b 8c 59 00 41 b9
0x00007ff92b029e77:   02 00 00 00 4c 89 74 24 20 4c 8b c6 48 89 7c 24
0x00007ff92b029e87:   70 48 8d 54 24 40 4c 89 bc 24 98 00 00 00 48 8b
0x00007ff92b029e97:   cd e8 e3 34 00 00 4c 39 63 08 48 89 7c 24 70 49
0x00007ff92b029ea7:   0f 45 f4 4c 89 a4 24 98 00 00 00 4c 39 64 24 58
0x00007ff92b029eb7:   74 0a 48 8d 4c 24 50 e8 3d 92 2a 00 48 8b bb 98
0x00007ff92b029ec7:   01 00 00 48 8b 47 10 4c 39 20 74 08 48 8b cf e8
0x00007ff92b029ed7:   c5 0a f5 ff 48 8b 57 08 48 8b 4f 10 48 89 4a 10
0x00007ff92b029ee7:   48 8b 57 08 48 8b 4f 18 48 89 4a 18 48 8b 4f 20
0x00007ff92b029ef7:   48 8b 57 08 48 89 4a 20 48 8d 8b 98 03 00 00 e8
0x00007ff92b029f07:   65 85 ec ff 4c 8d 9c 24 a0 00 00 00 90 49 8b 6b
0x00007ff92b029f17:   28 48 8b c6 49 8b 73 30 49 8b 7b 38 c7 83 4c 04
0x00007ff92b029f27:   00 00 04 00 00 00 49 8b 5b 20 49 8b e3 41 5f 41
0x00007ff92b029f37:   5e 41 5c c3 cc cc cc cc cc 4c 89 44 24 18 4c 89 


Stack slot to memory mapping:

stack at sp + 0 slots: 0x00000246a78abc60 is a thread
stack at sp + 1 slots: 0x00000246a78ac018 points into unknown readable memory: 0x00007ff92b794600 | 00 46 79 2b f9 7f 00 00
stack at sp + 2 slots: 0x00000246a78ac018 points into unknown readable memory: 0x00007ff92b794600 | 00 46 79 2b f9 7f 00 00
stack at sp + 3 slots: 0x00000246d5784d58 points into unknown readable memory: 0x0000000442507b90 | 90 7b 50 42 04 00 00 00
stack at sp + 4 slots: 0x00000246da0dd868 is a pointer to class: 
net.rk4z.juef.event.UefMouseEvent {0x00000246da0dd870}
 - instance size:     4
 - klass size:        65
 - access:            public synchronized 
 - flags:             rewritten has_nonstatic_fields should_verify_class has_localvariable_table 
 - state:             fully_initialized
 - name:              'net/rk4z/juef/event/UefMouseEvent'
 - super:             'java/lang/Object'
 - sub:               
 - arrays:            null
 - methods:           Array<T>(0x000002471a6daed0)
 - method ordering:   Array<T>(0x00000246d9b30960)
 - default_methods:   Array<T>(0x0000000000000000)
 - local interfaces:  Array<T>(0x00000246d9613970)
 - trans. interfaces: Array<T>(0x00000246d9613970)
 - constants:         constant pool [66]/operands[5] {0x000002471a6dac38} for 'net/rk4z/juef/event/UefMouseEvent' cache=0x000002471a6db130
 - class loader data:  loader data: 0x00000246d56c8a70 for instance a 'jdk/internal/loader/ClassLoaders$AppClassLoader'{0x00000004438865f0}
 - source file:       'UefMouseEvent.java'
 - class annotations:       Array<T>(0x0000000000000000)
 - class type annotations:  Array<T>(0x0000000000000000)
 - field annotations:       Array<T>(0x0000000000000000)
 - field type annotations:  Array<T>(0x0000000000000000)
 - inner classes:     Array<T>(0x000002471a6db0b0)
 - nest members:     Array<T>(0x000002471a6db0d8)
 - permitted subclasses:     Array<T>(0x00000246d96138f8)
 - java mirror:       a 'java/lang/Class'{0x0000000442507b90} = 'net/rk4z/juef/event/UefMouseEvent'
 - vtable length      5  (start addr: 0x00000246da0dda30)
 - itable length      2 (start addr: 0x00000246da0dda58)
 - ---- static fields (0 words):
 - ---- non-static fields (4 words):
 - public 'x' 'I' @12 
 - public 'y' 'I' @16 
 - public 'type' 'Lnet/rk4z/juef/event/UefMouseEvent$Type;' @20 
 - public 'button' 'Lnet/rk4z/juef/event/UefMouseEvent$Button;' @24 
 - non-static oop maps: 20-24 
stack at sp + 5 slots: 0x00000004438865f0 is an oop: jdk.internal.loader.ClassLoaders$AppClassLoader 
{0x00000004438865f0} - klass: 'jdk/internal/loader/ClassLoaders$AppClassLoader'
 - ---- fields (total size 13 words):
 - private 'defaultAssertionStatus' 'Z' @12  false (0x00)
 - injected 'loader_data' 'J' @16  2503251626608 (0x00000246d56c8a70)
 - private final 'parent' 'Ljava/lang/ClassLoader;' @24  a 'jdk/internal/loader/ClassLoaders$PlatformClassLoader'{0x000000044387f160} (0x8870fe2c)
 - private final 'name' 'Ljava/lang/String;' @28  "app"{0x0000000443886658} (0x88710ccb)
 - private final 'unnamedModule' 'Ljava/lang/Module;' @32  a 'java/lang/Module'{0x00000004438867b0} (0x88710cf6)
 - private final 'nameAndId' 'Ljava/lang/String;' @36  "'app'"{0x00000004438868b0} (0x88710d16)
 - private final 'parallelLockMap' 'Ljava/util/concurrent/ConcurrentHashMap;' @40  a 'java/util/concurrent/ConcurrentHashMap'{0x00000004438867e8} (0x88710cfd)
 - private final 'package2certs' 'Ljava/util/concurrent/ConcurrentHashMap;' @44  a 'java/util/concurrent/ConcurrentHashMap'{0x0000000443886838} (0x88710d07)
 - private final 'classes' 'Ljava/util/ArrayList;' @48  a 'java/util/ArrayList'{0x0000000443886688} (0x88710cd1)
 - private final 'defaultDomain' 'Ljava/security/ProtectionDomain;' @52  a 'java/security/ProtectionDomain'{0x00000004438866a0} (0x88710cd4)
 - private final 'packages' 'Ljava/util/concurrent/ConcurrentHashMap;' @56  a 'java/util/concurrent/ConcurrentHashMap'{0x0000000443886710} (0x88710ce2)
 - private final 'libraries' 'Ljdk/internal/loader/NativeLibraries;' @60  a 'jdk/internal/loader/NativeLibraries'{0x0000000443886750} (0x88710cea)
 - final 'assertionLock' 'Ljava/lang/Object;' @64  a 'java/lang/Object'{0x0000000443886828} (0x88710d05)
 - private 'packageAssertionStatus' 'Ljava/util/Map;' @68  null (0x00000000)
 - 'classAssertionStatus' 'Ljava/util/Map;' @72  null (0x00000000)
 - private volatile 'classLoaderValueMap' 'Ljava/util/concurrent/ConcurrentHashMap;' @76  a 'java/util/concurrent/ConcurrentHashMap'{0x0000000443886e00} (0x88710dc0)
 - private final 'pdcache' 'Ljava/util/Map;' @80  a 'java/util/concurrent/ConcurrentHashMap'{0x00000004438868e0} (0x88710d1c)
 - private final 'parent' 'Ljdk/internal/loader/BuiltinClassLoader;' @84  a 'jdk/internal/loader/ClassLoaders$PlatformClassLoader'{0x000000044387f160} (0x8870fe2c)
 - private 'ucp' 'Ljdk/internal/loader/URLClassPath;' @88  a 'jdk/internal/loader/URLClassPath'{0x000000044387fe30} (0x8870ffc6)
 - private final 'nameToModule' 'Ljava/util/Map;' @92  a 'java/util/concurrent/ConcurrentHashMap'{0x0000000443886920} (0x88710d24)
 - private final 'moduleToReader' 'Ljava/util/Map;' @96  a 'java/util/concurrent/ConcurrentHashMap'{0x0000000443886960} (0x88710d2c)
 - private volatile 'resourceCache' 'Ljava/lang/ref/SoftReference;' @100  a 'java/lang/ref/SoftReference'{0x0000000443f168b0} (0x887e2d16)
stack at sp + 6 slots: 0x00000004438865f0 is an oop: jdk.internal.loader.ClassLoaders$AppClassLoader 
{0x00000004438865f0} - klass: 'jdk/internal/loader/ClassLoaders$AppClassLoader'
 - ---- fields (total size 13 words):
 - private 'defaultAssertionStatus' 'Z' @12  false (0x00)
 - injected 'loader_data' 'J' @16  2503251626608 (0x00000246d56c8a70)
 - private final 'parent' 'Ljava/lang/ClassLoader;' @24  a 'jdk/internal/loader/ClassLoaders$PlatformClassLoader'{0x000000044387f160} (0x8870fe2c)
 - private final 'name' 'Ljava/lang/String;' @28  "app"{0x0000000443886658} (0x88710ccb)
 - private final 'unnamedModule' 'Ljava/lang/Module;' @32  a 'java/lang/Module'{0x00000004438867b0} (0x88710cf6)
 - private final 'nameAndId' 'Ljava/lang/String;' @36  "'app'"{0x00000004438868b0} (0x88710d16)
 - private final 'parallelLockMap' 'Ljava/util/concurrent/ConcurrentHashMap;' @40  a 'java/util/concurrent/ConcurrentHashMap'{0x00000004438867e8} (0x88710cfd)
 - private final 'package2certs' 'Ljava/util/concurrent/ConcurrentHashMap;' @44  a 'java/util/concurrent/ConcurrentHashMap'{0x0000000443886838} (0x88710d07)
 - private final 'classes' 'Ljava/util/ArrayList;' @48  a 'java/util/ArrayList'{0x0000000443886688} (0x88710cd1)
 - private final 'defaultDomain' 'Ljava/security/ProtectionDomain;' @52  a 'java/security/ProtectionDomain'{0x00000004438866a0} (0x88710cd4)
 - private final 'packages' 'Ljava/util/concurrent/ConcurrentHashMap;' @56  a 'java/util/concurrent/ConcurrentHashMap'{0x0000000443886710} (0x88710ce2)
 - private final 'libraries' 'Ljdk/internal/loader/NativeLibraries;' @60  a 'jdk/internal/loader/NativeLibraries'{0x0000000443886750} (0x88710cea)
 - final 'assertionLock' 'Ljava/lang/Object;' @64  a 'java/lang/Object'{0x0000000443886828} (0x88710d05)
 - private 'packageAssertionStatus' 'Ljava/util/Map;' @68  null (0x00000000)
 - 'classAssertionStatus' 'Ljava/util/Map;' @72  null (0x00000000)
 - private volatile 'classLoaderValueMap' 'Ljava/util/concurrent/ConcurrentHashMap;' @76  a 'java/util/concurrent/ConcurrentHashMap'{0x0000000443886e00} (0x88710dc0)
 - private final 'pdcache' 'Ljava/util/Map;' @80  a 'java/util/concurrent/ConcurrentHashMap'{0x00000004438868e0} (0x88710d1c)
 - private final 'parent' 'Ljdk/internal/loader/BuiltinClassLoader;' @84  a 'jdk/internal/loader/ClassLoaders$PlatformClassLoader'{0x000000044387f160} (0x8870fe2c)
 - private 'ucp' 'Ljdk/internal/loader/URLClassPath;' @88  a 'jdk/internal/loader/URLClassPath'{0x000000044387fe30} (0x8870ffc6)
 - private final 'nameToModule' 'Ljava/util/Map;' @92  a 'java/util/concurrent/ConcurrentHashMap'{0x0000000443886920} (0x88710d24)
 - private final 'moduleToReader' 'Ljava/util/Map;' @96  a 'java/util/concurrent/ConcurrentHashMap'{0x0000000443886960} (0x88710d2c)
 - private volatile 'resourceCache' 'Ljava/lang/ref/SoftReference;' @100  a 'java/lang/ref/SoftReference'{0x0000000443f168b0} (0x887e2d16)
stack at sp + 7 slots: 0x0 is null


---------------  P R O C E S S  ---------------

Threads class SMR info:
_java_thread_list=0x000002471e0e5bb0, length=16, elements={
0x00000246a78abc60, 0x00000246d57a17c0, 0x00000246d57a2890, 0x00000246d57a50e0,
0x00000246d57a6610, 0x00000246d57ab430, 0x00000246d57a92b0, 0x00000246d57aa9e0,
0x00000246d57ae020, 0x00000246d57ad950, 0x00000246d57b0230, 0x00000246d57acbb0,
0x00000246d881b2f0, 0x00000246d88217e0, 0x00000246d57aedc0, 0x00000246d57ae6f0
}

Java Threads: ( => current thread )
=>0x00000246a78abc60 JavaThread "main"                              [_thread_in_vm, id=15840, stack(0x000000aaa4000000,0x000000aaa4100000) (1024K)]
  0x00000246d57a17c0 JavaThread "Reference Handler"          daemon [_thread_blocked, id=15460, stack(0x000000aaa4800000,0x000000aaa4900000) (1024K)]
  0x00000246d57a2890 JavaThread "Finalizer"                  daemon [_thread_blocked, id=20672, stack(0x000000aaa4900000,0x000000aaa4a00000) (1024K)]
  0x00000246d57a50e0 JavaThread "Signal Dispatcher"          daemon [_thread_blocked, id=2600, stack(0x000000aaa4a00000,0x000000aaa4b00000) (1024K)]
  0x00000246d57a6610 JavaThread "Attach Listener"            daemon [_thread_blocked, id=24036, stack(0x000000aaa4b00000,0x000000aaa4c00000) (1024K)]
  0x00000246d57ab430 JavaThread "Service Thread"             daemon [_thread_blocked, id=10592, stack(0x000000aaa4c00000,0x000000aaa4d00000) (1024K)]
  0x00000246d57a92b0 JavaThread "Monitor Deflation Thread"   daemon [_thread_blocked, id=10728, stack(0x000000aaa4d00000,0x000000aaa4e00000) (1024K)]
  0x00000246d57aa9e0 JavaThread "C2 CompilerThread0"         daemon [_thread_blocked, id=11404, stack(0x000000aaa4e00000,0x000000aaa4f00000) (1024K)]
  0x00000246d57ae020 JavaThread "C1 CompilerThread0"         daemon [_thread_blocked, id=23676, stack(0x000000aaa4f00000,0x000000aaa5000000) (1024K)]
  0x00000246d57ad950 JavaThread "C1 CompilerThread1"         daemon [_thread_blocked, id=8988, stack(0x000000aaa5000000,0x000000aaa5100000) (1024K)]
  0x00000246d57b0230 JavaThread "C1 CompilerThread2"         daemon [_thread_blocked, id=19268, stack(0x000000aaa5100000,0x000000aaa5200000) (1024K)]
  0x00000246d57acbb0 JavaThread "C1 CompilerThread3"         daemon [_thread_blocked, id=23532, stack(0x000000aaa5200000,0x000000aaa5300000) (1024K)]
  0x00000246d881b2f0 JavaThread "Notification Thread"        daemon [_thread_blocked, id=10540, stack(0x000000aaa5300000,0x000000aaa5400000) (1024K)]
  0x00000246d88217e0 JavaThread "Common-Cleaner"             daemon [_thread_blocked, id=21240, stack(0x000000aaa5400000,0x000000aaa5500000) (1024K)]
  0x00000246d57aedc0 JavaThread "C2 CompilerThread1"         daemon [_thread_blocked, id=21572, stack(0x000000aaa5500000,0x000000aaa5600000) (1024K)]
  0x00000246d57ae6f0 JavaThread "C2 CompilerThread2"         daemon [_thread_blocked, id=20320, stack(0x000000aaa5600000,0x000000aaa5700000) (1024K)]
Total: 16

Other Threads:
  0x00000246d5783e00 VMThread "VM Thread"                           [id=10884, stack(0x000000aaa4700000,0x000000aaa4800000) (1024K)]
  0x00000246d576c130 WatcherThread "VM Periodic Task Thread"        [id=18528, stack(0x000000aaa4600000,0x000000aaa4700000) (1024K)]
  0x00000246a7ad1530 WorkerThread "GC Thread#0"                     [id=20732, stack(0x000000aaa4100000,0x000000aaa4200000) (1024K)]
  0x00000246a7ae2220 ConcurrentGCThread "G1 Main Marker"            [id=11228, stack(0x000000aaa4200000,0x000000aaa4300000) (1024K)]
  0x00000246a7ae2d20 WorkerThread "G1 Conc#0"                       [id=7832, stack(0x000000aaa4300000,0x000000aaa4400000) (1024K)]
  0x00000246d56ad4b0 ConcurrentGCThread "G1 Refine#0"               [id=23596, stack(0x000000aaa4400000,0x000000aaa4500000) (1024K)]
  0x00000246d56ae020 ConcurrentGCThread "G1 Service"                [id=17636, stack(0x000000aaa4500000,0x000000aaa4600000) (1024K)]
Total: 7

Threads with active compile tasks:
Total: 0

VM state: not at safepoint (normal execution)

VM Mutex/Monitor currently owned by a thread: None

Heap address: 0x0000000404000000, size: 16320 MB, Compressed Oops mode: Zero based, Oop shift amount: 3

CDS archive(s) mapped at: [0x00000246d9000000-0x00000246d9c90000-0x00000246d9c90000), size 13172736, SharedBaseAddress: 0x00000246d9000000, ArchiveRelocationMode: 1.
Compressed class space mapped at: 0x00000246da000000-0x000002471a000000, reserved size: 1073741824
Narrow klass base: 0x00000246d9000000, Narrow klass shift: 0, Narrow klass range: 0x100000000

GC Precious Log:
 CardTable entry size: 512
 Card Set container configuration: InlinePtr #cards 4 size 8 Array Of Cards #cards 64 size 144 Howl #buckets 8 coarsen threshold 14745 Howl Bitmap #cards 2048 size 272 coarsen threshold 1843 Card regions per heap region 1 cards per card region 16384
 CPUs: 16 total, 16 available
 Memory: 65256M
 Large Page Support: Disabled
 NUMA Support: Disabled
 Compressed Oops: Enabled (Zero based)
 Heap Region Size: 8M
 Heap Min Capacity: 8M
 Heap Initial Capacity: 1G
 Heap Max Capacity: 16320M
 Pre-touch: Disabled
 Parallel Workers: 13
 Concurrent Workers: 3
 Concurrent Refinement Workers: 13
 Periodic GC: Disabled

Heap:
 garbage-first heap   total 1048576K, used 24576K [0x0000000404000000, 0x0000000800000000)
  region size 8192K, 4 young (32768K), 0 survivors (0K)
 Metaspace       used 6157K, committed 6400K, reserved 1114112K
  class space    used 778K, committed 896K, reserved 1048576K

Heap Regions: E=young(eden), S=young(survivor), O=old, HS=humongous(starts), HC=humongous(continues), CS=collection set, F=free, TAMS=top-at-mark-start, PB=parsable bottom
|   0|0x0000000404000000, 0x0000000404000000, 0x0000000404800000|  0%| F|  |TAMS 0x0000000404000000| PB 0x0000000404000000| Untracked 
|   1|0x0000000404800000, 0x0000000404800000, 0x0000000405000000|  0%| F|  |TAMS 0x0000000404800000| PB 0x0000000404800000| Untracked 
|   2|0x0000000405000000, 0x0000000405000000, 0x0000000405800000|  0%| F|  |TAMS 0x0000000405000000| PB 0x0000000405000000| Untracked 
|   3|0x0000000405800000, 0x0000000405800000, 0x0000000406000000|  0%| F|  |TAMS 0x0000000405800000| PB 0x0000000405800000| Untracked 
|   4|0x0000000406000000, 0x0000000406000000, 0x0000000406800000|  0%| F|  |TAMS 0x0000000406000000| PB 0x0000000406000000| Untracked 
|   5|0x0000000406800000, 0x0000000406800000, 0x0000000407000000|  0%| F|  |TAMS 0x0000000406800000| PB 0x0000000406800000| Untracked 
|   6|0x0000000407000000, 0x0000000407000000, 0x0000000407800000|  0%| F|  |TAMS 0x0000000407000000| PB 0x0000000407000000| Untracked 
|   7|0x0000000407800000, 0x0000000407800000, 0x0000000408000000|  0%| F|  |TAMS 0x0000000407800000| PB 0x0000000407800000| Untracked 
|   8|0x0000000408000000, 0x0000000408000000, 0x0000000408800000|  0%| F|  |TAMS 0x0000000408000000| PB 0x0000000408000000| Untracked 
|   9|0x0000000408800000, 0x0000000408800000, 0x0000000409000000|  0%| F|  |TAMS 0x0000000408800000| PB 0x0000000408800000| Untracked 
|  10|0x0000000409000000, 0x0000000409000000, 0x0000000409800000|  0%| F|  |TAMS 0x0000000409000000| PB 0x0000000409000000| Untracked 
|  11|0x0000000409800000, 0x0000000409800000, 0x000000040a000000|  0%| F|  |TAMS 0x0000000409800000| PB 0x0000000409800000| Untracked 
|  12|0x000000040a000000, 0x000000040a000000, 0x000000040a800000|  0%| F|  |TAMS 0x000000040a000000| PB 0x000000040a000000| Untracked 
|  13|0x000000040a800000, 0x000000040a800000, 0x000000040b000000|  0%| F|  |TAMS 0x000000040a800000| PB 0x000000040a800000| Untracked 
|  14|0x000000040b000000, 0x000000040b000000, 0x000000040b800000|  0%| F|  |TAMS 0x000000040b000000| PB 0x000000040b000000| Untracked 
|  15|0x000000040b800000, 0x000000040b800000, 0x000000040c000000|  0%| F|  |TAMS 0x000000040b800000| PB 0x000000040b800000| Untracked 
|  16|0x000000040c000000, 0x000000040c000000, 0x000000040c800000|  0%| F|  |TAMS 0x000000040c000000| PB 0x000000040c000000| Untracked 
|  17|0x000000040c800000, 0x000000040c800000, 0x000000040d000000|  0%| F|  |TAMS 0x000000040c800000| PB 0x000000040c800000| Untracked 
|  18|0x000000040d000000, 0x000000040d000000, 0x000000040d800000|  0%| F|  |TAMS 0x000000040d000000| PB 0x000000040d000000| Untracked 
|  19|0x000000040d800000, 0x000000040d800000, 0x000000040e000000|  0%| F|  |TAMS 0x000000040d800000| PB 0x000000040d800000| Untracked 
|  20|0x000000040e000000, 0x000000040e000000, 0x000000040e800000|  0%| F|  |TAMS 0x000000040e000000| PB 0x000000040e000000| Untracked 
|  21|0x000000040e800000, 0x000000040e800000, 0x000000040f000000|  0%| F|  |TAMS 0x000000040e800000| PB 0x000000040e800000| Untracked 
|  22|0x000000040f000000, 0x000000040f000000, 0x000000040f800000|  0%| F|  |TAMS 0x000000040f000000| PB 0x000000040f000000| Untracked 
|  23|0x000000040f800000, 0x000000040f800000, 0x0000000410000000|  0%| F|  |TAMS 0x000000040f800000| PB 0x000000040f800000| Untracked 
|  24|0x0000000410000000, 0x0000000410000000, 0x0000000410800000|  0%| F|  |TAMS 0x0000000410000000| PB 0x0000000410000000| Untracked 
|  25|0x0000000410800000, 0x0000000410800000, 0x0000000411000000|  0%| F|  |TAMS 0x0000000410800000| PB 0x0000000410800000| Untracked 
|  26|0x0000000411000000, 0x0000000411000000, 0x0000000411800000|  0%| F|  |TAMS 0x0000000411000000| PB 0x0000000411000000| Untracked 
|  27|0x0000000411800000, 0x0000000411800000, 0x0000000412000000|  0%| F|  |TAMS 0x0000000411800000| PB 0x0000000411800000| Untracked 
|  28|0x0000000412000000, 0x0000000412000000, 0x0000000412800000|  0%| F|  |TAMS 0x0000000412000000| PB 0x0000000412000000| Untracked 
|  29|0x0000000412800000, 0x0000000412800000, 0x0000000413000000|  0%| F|  |TAMS 0x0000000412800000| PB 0x0000000412800000| Untracked 
|  30|0x0000000413000000, 0x0000000413000000, 0x0000000413800000|  0%| F|  |TAMS 0x0000000413000000| PB 0x0000000413000000| Untracked 
|  31|0x0000000413800000, 0x0000000413800000, 0x0000000414000000|  0%| F|  |TAMS 0x0000000413800000| PB 0x0000000413800000| Untracked 
|  32|0x0000000414000000, 0x0000000414000000, 0x0000000414800000|  0%| F|  |TAMS 0x0000000414000000| PB 0x0000000414000000| Untracked 
|  33|0x0000000414800000, 0x0000000414800000, 0x0000000415000000|  0%| F|  |TAMS 0x0000000414800000| PB 0x0000000414800000| Untracked 
|  34|0x0000000415000000, 0x0000000415000000, 0x0000000415800000|  0%| F|  |TAMS 0x0000000415000000| PB 0x0000000415000000| Untracked 
|  35|0x0000000415800000, 0x0000000415800000, 0x0000000416000000|  0%| F|  |TAMS 0x0000000415800000| PB 0x0000000415800000| Untracked 
|  36|0x0000000416000000, 0x0000000416000000, 0x0000000416800000|  0%| F|  |TAMS 0x0000000416000000| PB 0x0000000416000000| Untracked 
|  37|0x0000000416800000, 0x0000000416800000, 0x0000000417000000|  0%| F|  |TAMS 0x0000000416800000| PB 0x0000000416800000| Untracked 
|  38|0x0000000417000000, 0x0000000417000000, 0x0000000417800000|  0%| F|  |TAMS 0x0000000417000000| PB 0x0000000417000000| Untracked 
|  39|0x0000000417800000, 0x0000000417800000, 0x0000000418000000|  0%| F|  |TAMS 0x0000000417800000| PB 0x0000000417800000| Untracked 
|  40|0x0000000418000000, 0x0000000418000000, 0x0000000418800000|  0%| F|  |TAMS 0x0000000418000000| PB 0x0000000418000000| Untracked 
|  41|0x0000000418800000, 0x0000000418800000, 0x0000000419000000|  0%| F|  |TAMS 0x0000000418800000| PB 0x0000000418800000| Untracked 
|  42|0x0000000419000000, 0x0000000419000000, 0x0000000419800000|  0%| F|  |TAMS 0x0000000419000000| PB 0x0000000419000000| Untracked 
|  43|0x0000000419800000, 0x0000000419800000, 0x000000041a000000|  0%| F|  |TAMS 0x0000000419800000| PB 0x0000000419800000| Untracked 
|  44|0x000000041a000000, 0x000000041a000000, 0x000000041a800000|  0%| F|  |TAMS 0x000000041a000000| PB 0x000000041a000000| Untracked 
|  45|0x000000041a800000, 0x000000041a800000, 0x000000041b000000|  0%| F|  |TAMS 0x000000041a800000| PB 0x000000041a800000| Untracked 
|  46|0x000000041b000000, 0x000000041b000000, 0x000000041b800000|  0%| F|  |TAMS 0x000000041b000000| PB 0x000000041b000000| Untracked 
|  47|0x000000041b800000, 0x000000041b800000, 0x000000041c000000|  0%| F|  |TAMS 0x000000041b800000| PB 0x000000041b800000| Untracked 
|  48|0x000000041c000000, 0x000000041c000000, 0x000000041c800000|  0%| F|  |TAMS 0x000000041c000000| PB 0x000000041c000000| Untracked 
|  49|0x000000041c800000, 0x000000041c800000, 0x000000041d000000|  0%| F|  |TAMS 0x000000041c800000| PB 0x000000041c800000| Untracked 
|  50|0x000000041d000000, 0x000000041d000000, 0x000000041d800000|  0%| F|  |TAMS 0x000000041d000000| PB 0x000000041d000000| Untracked 
|  51|0x000000041d800000, 0x000000041d800000, 0x000000041e000000|  0%| F|  |TAMS 0x000000041d800000| PB 0x000000041d800000| Untracked 
|  52|0x000000041e000000, 0x000000041e000000, 0x000000041e800000|  0%| F|  |TAMS 0x000000041e000000| PB 0x000000041e000000| Untracked 
|  53|0x000000041e800000, 0x000000041e800000, 0x000000041f000000|  0%| F|  |TAMS 0x000000041e800000| PB 0x000000041e800000| Untracked 
|  54|0x000000041f000000, 0x000000041f000000, 0x000000041f800000|  0%| F|  |TAMS 0x000000041f000000| PB 0x000000041f000000| Untracked 
|  55|0x000000041f800000, 0x000000041f800000, 0x0000000420000000|  0%| F|  |TAMS 0x000000041f800000| PB 0x000000041f800000| Untracked 
|  56|0x0000000420000000, 0x0000000420000000, 0x0000000420800000|  0%| F|  |TAMS 0x0000000420000000| PB 0x0000000420000000| Untracked 
|  57|0x0000000420800000, 0x0000000420800000, 0x0000000421000000|  0%| F|  |TAMS 0x0000000420800000| PB 0x0000000420800000| Untracked 
|  58|0x0000000421000000, 0x0000000421000000, 0x0000000421800000|  0%| F|  |TAMS 0x0000000421000000| PB 0x0000000421000000| Untracked 
|  59|0x0000000421800000, 0x0000000421800000, 0x0000000422000000|  0%| F|  |TAMS 0x0000000421800000| PB 0x0000000421800000| Untracked 
|  60|0x0000000422000000, 0x0000000422000000, 0x0000000422800000|  0%| F|  |TAMS 0x0000000422000000| PB 0x0000000422000000| Untracked 
|  61|0x0000000422800000, 0x0000000422800000, 0x0000000423000000|  0%| F|  |TAMS 0x0000000422800000| PB 0x0000000422800000| Untracked 
|  62|0x0000000423000000, 0x0000000423000000, 0x0000000423800000|  0%| F|  |TAMS 0x0000000423000000| PB 0x0000000423000000| Untracked 
|  63|0x0000000423800000, 0x0000000423800000, 0x0000000424000000|  0%| F|  |TAMS 0x0000000423800000| PB 0x0000000423800000| Untracked 
|  64|0x0000000424000000, 0x0000000424000000, 0x0000000424800000|  0%| F|  |TAMS 0x0000000424000000| PB 0x0000000424000000| Untracked 
|  65|0x0000000424800000, 0x0000000424800000, 0x0000000425000000|  0%| F|  |TAMS 0x0000000424800000| PB 0x0000000424800000| Untracked 
|  66|0x0000000425000000, 0x0000000425000000, 0x0000000425800000|  0%| F|  |TAMS 0x0000000425000000| PB 0x0000000425000000| Untracked 
|  67|0x0000000425800000, 0x0000000425800000, 0x0000000426000000|  0%| F|  |TAMS 0x0000000425800000| PB 0x0000000425800000| Untracked 
|  68|0x0000000426000000, 0x0000000426000000, 0x0000000426800000|  0%| F|  |TAMS 0x0000000426000000| PB 0x0000000426000000| Untracked 
|  69|0x0000000426800000, 0x0000000426800000, 0x0000000427000000|  0%| F|  |TAMS 0x0000000426800000| PB 0x0000000426800000| Untracked 
|  70|0x0000000427000000, 0x0000000427000000, 0x0000000427800000|  0%| F|  |TAMS 0x0000000427000000| PB 0x0000000427000000| Untracked 
|  71|0x0000000427800000, 0x0000000427800000, 0x0000000428000000|  0%| F|  |TAMS 0x0000000427800000| PB 0x0000000427800000| Untracked 
|  72|0x0000000428000000, 0x0000000428000000, 0x0000000428800000|  0%| F|  |TAMS 0x0000000428000000| PB 0x0000000428000000| Untracked 
|  73|0x0000000428800000, 0x0000000428800000, 0x0000000429000000|  0%| F|  |TAMS 0x0000000428800000| PB 0x0000000428800000| Untracked 
|  74|0x0000000429000000, 0x0000000429000000, 0x0000000429800000|  0%| F|  |TAMS 0x0000000429000000| PB 0x0000000429000000| Untracked 
|  75|0x0000000429800000, 0x0000000429800000, 0x000000042a000000|  0%| F|  |TAMS 0x0000000429800000| PB 0x0000000429800000| Untracked 
|  76|0x000000042a000000, 0x000000042a000000, 0x000000042a800000|  0%| F|  |TAMS 0x000000042a000000| PB 0x000000042a000000| Untracked 
|  77|0x000000042a800000, 0x000000042a800000, 0x000000042b000000|  0%| F|  |TAMS 0x000000042a800000| PB 0x000000042a800000| Untracked 
|  78|0x000000042b000000, 0x000000042b000000, 0x000000042b800000|  0%| F|  |TAMS 0x000000042b000000| PB 0x000000042b000000| Untracked 
|  79|0x000000042b800000, 0x000000042b800000, 0x000000042c000000|  0%| F|  |TAMS 0x000000042b800000| PB 0x000000042b800000| Untracked 
|  80|0x000000042c000000, 0x000000042c000000, 0x000000042c800000|  0%| F|  |TAMS 0x000000042c000000| PB 0x000000042c000000| Untracked 
|  81|0x000000042c800000, 0x000000042c800000, 0x000000042d000000|  0%| F|  |TAMS 0x000000042c800000| PB 0x000000042c800000| Untracked 
|  82|0x000000042d000000, 0x000000042d000000, 0x000000042d800000|  0%| F|  |TAMS 0x000000042d000000| PB 0x000000042d000000| Untracked 
|  83|0x000000042d800000, 0x000000042d800000, 0x000000042e000000|  0%| F|  |TAMS 0x000000042d800000| PB 0x000000042d800000| Untracked 
|  84|0x000000042e000000, 0x000000042e000000, 0x000000042e800000|  0%| F|  |TAMS 0x000000042e000000| PB 0x000000042e000000| Untracked 
|  85|0x000000042e800000, 0x000000042e800000, 0x000000042f000000|  0%| F|  |TAMS 0x000000042e800000| PB 0x000000042e800000| Untracked 
|  86|0x000000042f000000, 0x000000042f000000, 0x000000042f800000|  0%| F|  |TAMS 0x000000042f000000| PB 0x000000042f000000| Untracked 
|  87|0x000000042f800000, 0x000000042f800000, 0x0000000430000000|  0%| F|  |TAMS 0x000000042f800000| PB 0x000000042f800000| Untracked 
|  88|0x0000000430000000, 0x0000000430000000, 0x0000000430800000|  0%| F|  |TAMS 0x0000000430000000| PB 0x0000000430000000| Untracked 
|  89|0x0000000430800000, 0x0000000430800000, 0x0000000431000000|  0%| F|  |TAMS 0x0000000430800000| PB 0x0000000430800000| Untracked 
|  90|0x0000000431000000, 0x0000000431000000, 0x0000000431800000|  0%| F|  |TAMS 0x0000000431000000| PB 0x0000000431000000| Untracked 
|  91|0x0000000431800000, 0x0000000431800000, 0x0000000432000000|  0%| F|  |TAMS 0x0000000431800000| PB 0x0000000431800000| Untracked 
|  92|0x0000000432000000, 0x0000000432000000, 0x0000000432800000|  0%| F|  |TAMS 0x0000000432000000| PB 0x0000000432000000| Untracked 
|  93|0x0000000432800000, 0x0000000432800000, 0x0000000433000000|  0%| F|  |TAMS 0x0000000432800000| PB 0x0000000432800000| Untracked 
|  94|0x0000000433000000, 0x0000000433000000, 0x0000000433800000|  0%| F|  |TAMS 0x0000000433000000| PB 0x0000000433000000| Untracked 
|  95|0x0000000433800000, 0x0000000433800000, 0x0000000434000000|  0%| F|  |TAMS 0x0000000433800000| PB 0x0000000433800000| Untracked 
|  96|0x0000000434000000, 0x0000000434000000, 0x0000000434800000|  0%| F|  |TAMS 0x0000000434000000| PB 0x0000000434000000| Untracked 
|  97|0x0000000434800000, 0x0000000434800000, 0x0000000435000000|  0%| F|  |TAMS 0x0000000434800000| PB 0x0000000434800000| Untracked 
|  98|0x0000000435000000, 0x0000000435000000, 0x0000000435800000|  0%| F|  |TAMS 0x0000000435000000| PB 0x0000000435000000| Untracked 
|  99|0x0000000435800000, 0x0000000435800000, 0x0000000436000000|  0%| F|  |TAMS 0x0000000435800000| PB 0x0000000435800000| Untracked 
| 100|0x0000000436000000, 0x0000000436000000, 0x0000000436800000|  0%| F|  |TAMS 0x0000000436000000| PB 0x0000000436000000| Untracked 
| 101|0x0000000436800000, 0x0000000436800000, 0x0000000437000000|  0%| F|  |TAMS 0x0000000436800000| PB 0x0000000436800000| Untracked 
| 102|0x0000000437000000, 0x0000000437000000, 0x0000000437800000|  0%| F|  |TAMS 0x0000000437000000| PB 0x0000000437000000| Untracked 
| 103|0x0000000437800000, 0x0000000437800000, 0x0000000438000000|  0%| F|  |TAMS 0x0000000437800000| PB 0x0000000437800000| Untracked 
| 104|0x0000000438000000, 0x0000000438000000, 0x0000000438800000|  0%| F|  |TAMS 0x0000000438000000| PB 0x0000000438000000| Untracked 
| 105|0x0000000438800000, 0x0000000438800000, 0x0000000439000000|  0%| F|  |TAMS 0x0000000438800000| PB 0x0000000438800000| Untracked 
| 106|0x0000000439000000, 0x0000000439000000, 0x0000000439800000|  0%| F|  |TAMS 0x0000000439000000| PB 0x0000000439000000| Untracked 
| 107|0x0000000439800000, 0x0000000439800000, 0x000000043a000000|  0%| F|  |TAMS 0x0000000439800000| PB 0x0000000439800000| Untracked 
| 108|0x000000043a000000, 0x000000043a000000, 0x000000043a800000|  0%| F|  |TAMS 0x000000043a000000| PB 0x000000043a000000| Untracked 
| 109|0x000000043a800000, 0x000000043a800000, 0x000000043b000000|  0%| F|  |TAMS 0x000000043a800000| PB 0x000000043a800000| Untracked 
| 110|0x000000043b000000, 0x000000043b000000, 0x000000043b800000|  0%| F|  |TAMS 0x000000043b000000| PB 0x000000043b000000| Untracked 
| 111|0x000000043b800000, 0x000000043b800000, 0x000000043c000000|  0%| F|  |TAMS 0x000000043b800000| PB 0x000000043b800000| Untracked 
| 112|0x000000043c000000, 0x000000043c000000, 0x000000043c800000|  0%| F|  |TAMS 0x000000043c000000| PB 0x000000043c000000| Untracked 
| 113|0x000000043c800000, 0x000000043c800000, 0x000000043d000000|  0%| F|  |TAMS 0x000000043c800000| PB 0x000000043c800000| Untracked 
| 114|0x000000043d000000, 0x000000043d000000, 0x000000043d800000|  0%| F|  |TAMS 0x000000043d000000| PB 0x000000043d000000| Untracked 
| 115|0x000000043d800000, 0x000000043d800000, 0x000000043e000000|  0%| F|  |TAMS 0x000000043d800000| PB 0x000000043d800000| Untracked 
| 116|0x000000043e000000, 0x000000043e000000, 0x000000043e800000|  0%| F|  |TAMS 0x000000043e000000| PB 0x000000043e000000| Untracked 
| 117|0x000000043e800000, 0x000000043e800000, 0x000000043f000000|  0%| F|  |TAMS 0x000000043e800000| PB 0x000000043e800000| Untracked 
| 118|0x000000043f000000, 0x000000043f000000, 0x000000043f800000|  0%| F|  |TAMS 0x000000043f000000| PB 0x000000043f000000| Untracked 
| 119|0x000000043f800000, 0x000000043f800000, 0x0000000440000000|  0%| F|  |TAMS 0x000000043f800000| PB 0x000000043f800000| Untracked 
| 120|0x0000000440000000, 0x0000000440000000, 0x0000000440800000|  0%| F|  |TAMS 0x0000000440000000| PB 0x0000000440000000| Untracked 
| 121|0x0000000440800000, 0x0000000440800000, 0x0000000441000000|  0%| F|  |TAMS 0x0000000440800000| PB 0x0000000440800000| Untracked 
| 122|0x0000000441000000, 0x0000000441000000, 0x0000000441800000|  0%| F|  |TAMS 0x0000000441000000| PB 0x0000000441000000| Untracked 
| 123|0x0000000441800000, 0x0000000441800000, 0x0000000442000000|  0%| F|  |TAMS 0x0000000441800000| PB 0x0000000441800000| Untracked 
| 124|0x0000000442000000, 0x00000004425c6648, 0x0000000442800000| 72%| E|  |TAMS 0x0000000442000000| PB 0x0000000442000000| Complete 
| 125|0x0000000442800000, 0x0000000443000000, 0x0000000443000000|100%| E|CS|TAMS 0x0000000442800000| PB 0x0000000442800000| Complete 
| 126|0x0000000443000000, 0x0000000443800000, 0x0000000443800000|100%| E|CS|TAMS 0x0000000443000000| PB 0x0000000443000000| Complete 
| 127|0x0000000443800000, 0x0000000444000000, 0x0000000444000000|100%| E|CS|TAMS 0x0000000443800000| PB 0x0000000443800000| Complete 

Card table byte_map: [0x00000246c3620000,0x00000246c5600000] _byte_map_base: 0x00000246c1600000

Marking Bits: (CMBitMap*) 0x00000246a7ad1a40
 Bits: [0x00000246c5600000, 0x00000246d5500000)

Polling page: 0x00000246a7870000

Metaspace:

Usage:
  Non-class:      5.25 MB used.
      Class:    778.12 KB used.
       Both:      6.01 MB used.

Virtual space:
  Non-class space:       64.00 MB reserved,       5.38 MB (  8%) committed,  1 nodes.
      Class space:        1.00 GB reserved,     896.00 KB ( <1%) committed,  1 nodes.
             Both:        1.06 GB reserved,       6.25 MB ( <1%) committed. 

Chunk freelists:
   Non-Class:  9.14 MB
       Class:  15.12 MB
        Both:  24.27 MB

MaxMetaspaceSize: unlimited
CompressedClassSpaceSize: 1.00 GB
Initial GC threshold: 21.00 MB
Current GC threshold: 21.00 MB
CDS: on
 - commit_granule_bytes: 65536.
 - commit_granule_words: 8192.
 - virtual_space_node_default_size: 8388608.
 - enlarge_chunks_in_place: 1.
 - use_allocation_guard: 0.


Internal statistics:

num_allocs_failed_limit: 0.
num_arena_births: 264.
num_arena_deaths: 0.
num_vsnodes_births: 2.
num_vsnodes_deaths: 0.
num_space_committed: 100.
num_space_uncommitted: 0.
num_chunks_returned_to_freelist: 0.
num_chunks_taken_from_freelist: 491.
num_chunk_merges: 0.
num_chunk_splits: 287.
num_chunks_enlarged: 164.
num_inconsistent_stats: 0.

CodeHeap 'non-profiled nmethods': size=119168Kb used=533Kb max_used=533Kb free=118634Kb
 bounds [0x00000246b9200000, 0x00000246b9470000, 0x00000246c0660000]
CodeHeap 'profiled nmethods': size=119104Kb used=3215Kb max_used=3215Kb free=115888Kb
 bounds [0x00000246b1660000, 0x00000246b1990000, 0x00000246b8ab0000]
CodeHeap 'non-nmethods': size=7488Kb used=3059Kb max_used=3098Kb free=4428Kb
 bounds [0x00000246b8ab0000, 0x00000246b8dc0000, 0x00000246b9200000]
 total_blobs=2234 nmethods=1760 adapters=375
 compilation: enabled
              stopped_count=0, restarted_count=0
 full_count=0

Compilation events (20 events):
Event: 0.456 Thread 0x00000246d57aa9e0 1752   !   4       java.util.concurrent.ConcurrentHashMap::putVal (432 bytes)
Event: 0.457 Thread 0x00000246d57ae020 1753 %     3       java.util.Properties$LineReader::readLine @ 224 (584 bytes)
Event: 0.458 Thread 0x00000246d57ad950 1754   !   3       java.util.ServiceLoader$LazyClassPathLookupIterator::hasNextService (144 bytes)
Event: 0.458 Thread 0x00000246d57ae020 nmethod 1753% 0x00000246b197c190 code [0x00000246b197c5a0, 0x00000246b197f4b8]
Event: 0.459 Thread 0x00000246d57ad950 nmethod 1754 0x00000246b1980310 code [0x00000246b19806c0, 0x00000246b1981bb0]
Event: 0.459 Thread 0x00000246d57ad950 1755       3       jdk.internal.org.objectweb.asm.MethodVisitor::visitMethodInsn (80 bytes)
Event: 0.459 Thread 0x00000246d57ad950 nmethod 1755 0x00000246b1982690 code [0x00000246b1982880, 0x00000246b1982d68]
Event: 0.464 Thread 0x00000246d57ad950 1756       3       java.lang.invoke.LambdaFormEditor$TransformKey::packedBytes (30 bytes)
Event: 0.464 Thread 0x00000246d57ae020 1757       3       java.lang.invoke.ClassSpecializer$SpeciesData::fieldCount (10 bytes)
Event: 0.464 Thread 0x00000246d57ad950 nmethod 1756 0x00000246b1982f10 code [0x00000246b19830a0, 0x00000246b19831a8]
Event: 0.464 Thread 0x00000246d57ae020 nmethod 1757 0x00000246b1983210 code [0x00000246b19833c0, 0x00000246b19835a0]
Event: 0.465 Thread 0x00000246d57acbb0 1758       1       sun.nio.fs.NativeBuffer::address (5 bytes)
Event: 0.465 Thread 0x00000246d57acbb0 nmethod 1758 0x00000246b9276690 code [0x00000246b9276820, 0x00000246b92768e8]
Event: 0.466 Thread 0x00000246d57ad950 1759       3       java.nio.Buffer::hasRemaining (17 bytes)
Event: 0.466 Thread 0x00000246d57ad950 nmethod 1759 0x00000246b1983690 code [0x00000246b1983820, 0x00000246b1983988]
Event: 0.468 Thread 0x00000246d57ae6f0 nmethod 1681 0x00000246b9276990 code [0x00000246b9276c80, 0x00000246b92788a8]
Event: 0.469 Thread 0x00000246d57aa9e0 nmethod 1752 0x00000246b9279310 code [0x00000246b9279580, 0x00000246b927a6a8]
Event: 0.474 Thread 0x00000246d57ae020 1760       3       java.nio.ByteOrder::nativeOrder (4 bytes)
Event: 0.474 Thread 0x00000246d57ae020 nmethod 1760 0x00000246b1983a10 code [0x00000246b1983ba0, 0x00000246b1983c98]
Event: 0.549 Thread 0x00000246d57aedc0 nmethod 1641 0x00000246b927b190 code [0x00000246b927b9c0, 0x00000246b92824b8]

GC Heap History (0 events):
No events

Dll operation events (11 events):
Event: 0.005 Loaded shared library C:\Program Files\Java\jdk-21\bin\java.dll
Event: 0.029 Loaded shared library C:\Program Files\Java\jdk-21\bin\jsvml.dll
Event: 0.046 Loaded shared library C:\Program Files\Java\jdk-21\bin\net.dll
Event: 0.048 Loaded shared library C:\Program Files\Java\jdk-21\bin\nio.dll
Event: 0.050 Loaded shared library C:\Program Files\Java\jdk-21\bin\zip.dll
Event: 0.064 Loaded shared library C:\Program Files\Java\jdk-21\bin\jimage.dll
Event: 0.467 Loaded shared library C:\Users\main\AppData\Roaming\Uef\UltralightCore.dll
Event: 0.469 Loaded shared library C:\Users\main\AppData\Roaming\Uef\WebCore.dll
Event: 0.471 Loaded shared library C:\Users\main\AppData\Roaming\Uef\Ultralight.dll
Event: 0.474 Loaded shared library C:\Users\main\AppData\Roaming\Uef\AppCore.dll
Event: 0.475 Loaded shared library C:\Users\main\IdeaProjects\java-uef\cbuild\Release\Uef.dll

Deoptimization events (20 events):
Event: 0.358 Thread 0x00000246a78abc60 DEOPT PACKING pc=0x00000246b925c2fc sp=0x000000aaa40fe0b0
Event: 0.358 Thread 0x00000246a78abc60 DEOPT UNPACKING pc=0x00000246b8b046a2 sp=0x000000aaa40fe060 mode 2
Event: 0.369 Thread 0x00000246a78abc60 DEOPT PACKING pc=0x00000246b16a4967 sp=0x000000aaa40f8500
Event: 0.369 Thread 0x00000246a78abc60 DEOPT UNPACKING pc=0x00000246b8b04e42 sp=0x000000aaa40f79d8 mode 0
Event: 0.413 Thread 0x00000246a78abc60 Uncommon trap: trap_request=0xffffffd6 fr.pc=0x00000246b926ca04 relative=0x00000000000003c4
Event: 0.413 Thread 0x00000246a78abc60 Uncommon trap: reason=array_check action=maybe_recompile pc=0x00000246b926ca04 method=java.util.LinkedHashMap.valuesToArray([Ljava/lang/Object;Z)[Ljava/lang/Object; @ 67 c2
Event: 0.413 Thread 0x00000246a78abc60 DEOPT PACKING pc=0x00000246b926ca04 sp=0x000000aaa40fd6c0
Event: 0.413 Thread 0x00000246a78abc60 DEOPT UNPACKING pc=0x00000246b8b046a2 sp=0x000000aaa40fd660 mode 2
Event: 0.413 Thread 0x00000246a78abc60 Uncommon trap: trap_request=0xffffffd6 fr.pc=0x00000246b926ca04 relative=0x00000000000003c4
Event: 0.413 Thread 0x00000246a78abc60 Uncommon trap: reason=array_check action=maybe_recompile pc=0x00000246b926ca04 method=java.util.LinkedHashMap.valuesToArray([Ljava/lang/Object;Z)[Ljava/lang/Object; @ 67 c2
Event: 0.413 Thread 0x00000246a78abc60 DEOPT PACKING pc=0x00000246b926ca04 sp=0x000000aaa40fd600
Event: 0.413 Thread 0x00000246a78abc60 DEOPT UNPACKING pc=0x00000246b8b046a2 sp=0x000000aaa40fd5a0 mode 2
Event: 0.413 Thread 0x00000246a78abc60 Uncommon trap: trap_request=0xffffffd6 fr.pc=0x00000246b926ca04 relative=0x00000000000003c4
Event: 0.413 Thread 0x00000246a78abc60 Uncommon trap: reason=array_check action=maybe_recompile pc=0x00000246b926ca04 method=java.util.LinkedHashMap.valuesToArray([Ljava/lang/Object;Z)[Ljava/lang/Object; @ 67 c2
Event: 0.413 Thread 0x00000246a78abc60 DEOPT PACKING pc=0x00000246b926ca04 sp=0x000000aaa40fd6c0
Event: 0.413 Thread 0x00000246a78abc60 DEOPT UNPACKING pc=0x00000246b8b046a2 sp=0x000000aaa40fd660 mode 2
Event: 0.413 Thread 0x00000246a78abc60 Uncommon trap: trap_request=0xffffffd6 fr.pc=0x00000246b926ca04 relative=0x00000000000003c4
Event: 0.413 Thread 0x00000246a78abc60 Uncommon trap: reason=array_check action=maybe_recompile pc=0x00000246b926ca04 method=java.util.LinkedHashMap.valuesToArray([Ljava/lang/Object;Z)[Ljava/lang/Object; @ 67 c2
Event: 0.413 Thread 0x00000246a78abc60 DEOPT PACKING pc=0x00000246b926ca04 sp=0x000000aaa40fd600
Event: 0.413 Thread 0x00000246a78abc60 DEOPT UNPACKING pc=0x00000246b8b046a2 sp=0x000000aaa40fd5a0 mode 2

Classes loaded (20 events):
Event: 0.457 Loading class java/net/InetAddress$CachedLookup
Event: 0.457 Loading class java/net/InetAddress$CachedLookup done
Event: 0.457 Loading class java/net/InetAddress$CachedLocalHost
Event: 0.457 Loading class java/net/InetAddress$CachedLocalHost done
Event: 0.463 Loading class java/security/NoSuchAlgorithmException
Event: 0.463 Loading class java/security/GeneralSecurityException
Event: 0.463 Loading class java/security/GeneralSecurityException done
Event: 0.463 Loading class java/security/NoSuchAlgorithmException done
Event: 0.464 Loading class java/nio/file/attribute/FileAttribute
Event: 0.464 Loading class java/nio/file/attribute/FileAttribute done
Event: 0.464 Loading class sun/nio/fs/WindowsSecurityDescriptor
Event: 0.464 Loading class sun/nio/fs/WindowsSecurityDescriptor done
Event: 0.464 Loading class sun/nio/fs/WindowsException
Event: 0.464 Loading class sun/nio/fs/WindowsException done
Event: 0.464 Loading class java/nio/file/FileAlreadyExistsException
Event: 0.464 Loading class java/nio/file/FileSystemException
Event: 0.464 Loading class java/nio/file/FileSystemException done
Event: 0.465 Loading class java/nio/file/FileAlreadyExistsException done
Event: 0.465 Loading class java/nio/file/AccessMode
Event: 0.465 Loading class java/nio/file/AccessMode done

Classes unloaded (0 events):
No events

Classes redefined (0 events):
No events

Internal exceptions (20 events):
Event: 0.250 Thread 0x00000246a78abc60 Exception <a 'java/lang/NoSuchMethodError'{0x000000044282b650}: 'java.lang.Object java.lang.invoke.Invokers$Holder.invokeExact_MT(java.lang.Object, java.lang.Object, java.lang.Object, java.lang.Object, java.lang.Object)'> (0x000000044282b650) 
thrown [s\open\src\hotspot\share\interpreter\linkResolver.cpp, line 773]
Event: 0.275 Thread 0x00000246a78abc60 Exception <a 'java/lang/NoSuchMethodError'{0x0000000442958b48}: 'java.lang.Object java.lang.invoke.DirectMethodHandle$Holder.invokeVirtual(java.lang.Object, java.lang.Object, java.lang.Object)'> (0x0000000442958b48) 
thrown [s\open\src\hotspot\share\interpreter\linkResolver.cpp, line 773]
Event: 0.279 Thread 0x00000246a78abc60 Exception <a 'java/lang/NoSuchMethodError'{0x00000004429a6b28}: 'int java.lang.invoke.DirectMethodHandle$Holder.invokeStatic(java.lang.Object)'> (0x00000004429a6b28) 
thrown [s\open\src\hotspot\share\interpreter\linkResolver.cpp, line 773]
Event: 0.280 Thread 0x00000246a78abc60 Exception <a 'java/lang/NoSuchMethodError'{0x00000004429a9f30}: 'int java.lang.invoke.DirectMethodHandle$Holder.invokeStaticInit(java.lang.Object)'> (0x00000004429a9f30) 
thrown [s\open\src\hotspot\share\interpreter\linkResolver.cpp, line 773]
Event: 0.303 Thread 0x00000246a78abc60 Exception <a 'java/lang/NoSuchMethodError'{0x0000000442b15ed0}: 'void java.lang.invoke.DirectMethodHandle$Holder.invokeStatic(java.lang.Object, java.lang.Object, java.lang.Object, java.lang.Object)'> (0x0000000442b15ed0) 
thrown [s\open\src\hotspot\share\interpreter\linkResolver.cpp, line 773]
Event: 0.304 Thread 0x00000246a78abc60 Exception <a 'java/lang/NoSuchMethodError'{0x0000000442b198d8}: 'void java.lang.invoke.DirectMethodHandle$Holder.invokeStaticInit(java.lang.Object, java.lang.Object, java.lang.Object, java.lang.Object)'> (0x0000000442b198d8) 
thrown [s\open\src\hotspot\share\interpreter\linkResolver.cpp, line 773]
Event: 0.307 Thread 0x00000246a78abc60 Exception <a 'java/lang/NoSuchMethodError'{0x0000000442b36f88}: 'void java.lang.invoke.DirectMethodHandle$Holder.invokeStaticInit(java.lang.Object, java.lang.Object, java.lang.Object)'> (0x0000000442b36f88) 
thrown [s\open\src\hotspot\share\interpreter\linkResolver.cpp, line 773]
Event: 0.309 Thread 0x00000246a78abc60 Exception <a 'java/lang/NoSuchMethodError'{0x0000000442b51320}: 'int java.lang.invoke.DirectMethodHandle$Holder.invokeStaticInit(java.lang.Object, java.lang.Object, java.lang.Object)'> (0x0000000442b51320) 
thrown [s\open\src\hotspot\share\interpreter\linkResolver.cpp, line 773]
Event: 0.312 Thread 0x00000246a78abc60 Exception <a 'java/lang/NoSuchMethodError'{0x0000000442b80770}: 'java.lang.Object java.lang.invoke.DirectMethodHandle$Holder.invokeStatic(java.lang.Object, java.lang.Object, int)'> (0x0000000442b80770) 
thrown [s\open\src\hotspot\share\interpreter\linkResolver.cpp, line 773]
Event: 0.312 Thread 0x00000246a78abc60 Exception <a 'java/lang/NoSuchMethodError'{0x0000000442b8b880}: 'void java.lang.invoke.DelegatingMethodHandle$Holder.delegate(java.lang.Object, java.lang.Object, int, java.lang.Object)'> (0x0000000442b8b880) 
thrown [s\open\src\hotspot\share\interpreter\linkResolver.cpp, line 773]
Event: 0.313 Thread 0x00000246a78abc60 Exception <a 'java/lang/NoSuchMethodError'{0x0000000442b8f560}: 'int java.lang.invoke.DirectMethodHandle$Holder.invokeSpecial(java.lang.Object, java.lang.Object, java.lang.Object)'> (0x0000000442b8f560) 
thrown [s\open\src\hotspot\share\interpreter\linkResolver.cpp, line 773]
Event: 0.329 Thread 0x00000246a78abc60 Exception <a 'java/lang/NoSuchMethodError'{0x0000000442c5b070}: 'java.lang.Object java.lang.invoke.DirectMethodHandle$Holder.newInvokeSpecial(java.lang.Object, long, int, java.lang.Object)'> (0x0000000442c5b070) 
thrown [s\open\src\hotspot\share\interpreter\linkResolver.cpp, line 773]
Event: 0.338 Thread 0x00000246a78abc60 Exception <a 'java/lang/NoSuchMethodError'{0x0000000442cdf710}: 'java.lang.Object java.lang.invoke.DirectMethodHandle$Holder.invokeVirtual(java.lang.Object, java.lang.Object, java.lang.Object, java.lang.Object)'> (0x0000000442cdf710) 
thrown [s\open\src\hotspot\share\interpreter\linkResolver.cpp, line 773]
Event: 0.464 Thread 0x00000246a78abc60 Exception <a 'sun/nio/fs/WindowsException'{0x00000004424f7dc8}> (0x00000004424f7dc8) 
thrown [s\open\src\hotspot\share\prims\jni.cpp, line 520]
Event: 0.465 Thread 0x00000246a78abc60 Exception <a 'sun/nio/fs/WindowsException'{0x00000004424f89a0}> (0x00000004424f89a0) 
thrown [s\open\src\hotspot\share\prims\jni.cpp, line 520]
Event: 0.465 Thread 0x00000246a78abc60 Exception <a 'sun/nio/fs/WindowsException'{0x00000004424f9288}> (0x00000004424f9288) 
thrown [s\open\src\hotspot\share\prims\jni.cpp, line 520]
Event: 0.465 Thread 0x00000246a78abc60 Exception <a 'sun/nio/fs/WindowsException'{0x00000004424f9b70}> (0x00000004424f9b70) 
thrown [s\open\src\hotspot\share\prims\jni.cpp, line 520]
Event: 0.465 Thread 0x00000246a78abc60 Exception <a 'sun/nio/fs/WindowsException'{0x00000004424fa4c8}> (0x00000004424fa4c8) 
thrown [s\open\src\hotspot\share\prims\jni.cpp, line 520]
Event: 0.465 Thread 0x00000246a78abc60 Exception <a 'sun/nio/fs/WindowsException'{0x00000004424fae58}> (0x00000004424fae58) 
thrown [s\open\src\hotspot\share\prims\jni.cpp, line 520]
Event: 1.065 Thread 0x00000246a78abc60 Exception <a 'java/lang/NoSuchMethodError'{0x0000000442507d08}: Lnet/rk4z/juef/event/UefMouseEvent;.<init>(III)V> (0x0000000442507d08) 
thrown [s\open\src\hotspot\share\prims\jni.cpp, line 1111]

ZGC Phase Switch (0 events):
No events

VM Operations (10 events):
Event: 0.043 Executing VM operation: HandshakeAllThreads (Deoptimize)
Event: 0.043 Executing VM operation: HandshakeAllThreads (Deoptimize) done
Event: 0.282 Executing VM operation: HandshakeAllThreads (Deoptimize)
Event: 0.282 Executing VM operation: HandshakeAllThreads (Deoptimize) done
Event: 0.298 Executing VM operation: ICBufferFull
Event: 0.299 Executing VM operation: ICBufferFull done
Event: 0.312 Executing VM operation: HandshakeAllThreads (Deoptimize)
Event: 0.312 Executing VM operation: HandshakeAllThreads (Deoptimize) done
Event: 0.464 Executing VM operation: ICBufferFull
Event: 0.464 Executing VM operation: ICBufferFull done

Events (16 events):
Event: 0.016 Thread 0x00000246a78abc60 Thread added: 0x00000246a78abc60
Event: 0.027 Thread 0x00000246d57a17c0 Thread added: 0x00000246d57a17c0
Event: 0.027 Thread 0x00000246d57a2890 Thread added: 0x00000246d57a2890
Event: 0.027 Thread 0x00000246d57a50e0 Thread added: 0x00000246d57a50e0
Event: 0.027 Thread 0x00000246d57a6610 Thread added: 0x00000246d57a6610
Event: 0.027 Thread 0x00000246d57ab430 Thread added: 0x00000246d57ab430
Event: 0.027 Thread 0x00000246d57a92b0 Thread added: 0x00000246d57a92b0
Event: 0.027 Thread 0x00000246d57aa9e0 Thread added: 0x00000246d57aa9e0
Event: 0.027 Thread 0x00000246d57ae020 Thread added: 0x00000246d57ae020
Event: 0.028 Thread 0x00000246d57ad950 Thread added: 0x00000246d57ad950
Event: 0.030 Thread 0x00000246d57b0230 Thread added: 0x00000246d57b0230
Event: 0.038 Thread 0x00000246d57acbb0 Thread added: 0x00000246d57acbb0
Event: 0.039 Thread 0x00000246d881b2f0 Thread added: 0x00000246d881b2f0
Event: 0.040 Thread 0x00000246d88217e0 Thread added: 0x00000246d88217e0
Event: 0.112 Thread 0x00000246d57aedc0 Thread added: 0x00000246d57aedc0
Event: 0.438 Thread 0x00000246d57ae6f0 Thread added: 0x00000246d57ae6f0


Dynamic libraries:
0x00007ff7c6e20000 - 0x00007ff7c6e30000 	C:\Program Files\Java\jdk-21\bin\java.exe
0x00007ff9fd750000 - 0x00007ff9fd967000 	C:\Windows\SYSTEM32\ntdll.dll
0x00007ff9fd230000 - 0x00007ff9fd2f4000 	C:\Windows\System32\KERNEL32.DLL
0x00007ff9fada0000 - 0x00007ff9fb14d000 	C:\Windows\System32\KERNELBASE.dll
0x00007ff9faaa0000 - 0x00007ff9fabb1000 	C:\Windows\System32\ucrtbase.dll
0x00007ff9cfe80000 - 0x00007ff9cfe99000 	C:\Program Files\Java\jdk-21\bin\jli.dll
0x00007ff9cfe60000 - 0x00007ff9cfe7b000 	C:\Program Files\Java\jdk-21\bin\VCRUNTIME140.dll
0x00007ff9fb480000 - 0x00007ff9fb532000 	C:\Windows\System32\ADVAPI32.dll
0x00007ff9fd660000 - 0x00007ff9fd707000 	C:\Windows\System32\msvcrt.dll
0x00007ff9fc9b0000 - 0x00007ff9fca59000 	C:\Windows\System32\sechost.dll
0x00007ff9faa70000 - 0x00007ff9faa98000 	C:\Windows\System32\bcrypt.dll
0x00007ff9fca60000 - 0x00007ff9fcb74000 	C:\Windows\System32\RPCRT4.dll
0x00007ff9fc7f0000 - 0x00007ff9fc99e000 	C:\Windows\System32\USER32.dll
0x00007ff9fb450000 - 0x00007ff9fb476000 	C:\Windows\System32\win32u.dll
0x00007ff9ebb70000 - 0x00007ff9ebe03000 	C:\Windows\WinSxS\amd64_microsoft.windows.common-controls_6595b64144ccf1df_6.0.22621.3672_none_2713b9d173822955\COMCTL32.dll
0x00007ff9fd580000 - 0x00007ff9fd5a9000 	C:\Windows\System32\GDI32.dll
0x00007ff9fabc0000 - 0x00007ff9facd9000 	C:\Windows\System32\gdi32full.dll
0x00007ff9fb150000 - 0x00007ff9fb1ea000 	C:\Windows\System32\msvcp_win.dll
0x00007ff9f1d20000 - 0x00007ff9f1d2a000 	C:\Windows\SYSTEM32\VERSION.dll
0x00007ff9fc5f0000 - 0x00007ff9fc621000 	C:\Windows\System32\IMM32.DLL
0x00007ff9d3190000 - 0x00007ff9d319c000 	C:\Program Files\Java\jdk-21\bin\vcruntime140_1.dll
0x00007ff9b3dd0000 - 0x00007ff9b3e5e000 	C:\Program Files\Java\jdk-21\bin\msvcp140.dll
0x00007ff92abe0000 - 0x00007ff92b8ed000 	C:\Program Files\Java\jdk-21\bin\server\jvm.dll
0x00007ff9fd000000 - 0x00007ff9fd071000 	C:\Windows\System32\WS2_32.dll
0x00007ff9f98c0000 - 0x00007ff9f990d000 	C:\Windows\SYSTEM32\POWRPROF.dll
0x00007ff9f39d0000 - 0x00007ff9f3a04000 	C:\Windows\SYSTEM32\WINMM.dll
0x00007ff9f98a0000 - 0x00007ff9f98b3000 	C:\Windows\SYSTEM32\UMPDC.dll
0x00007ff9f9af0000 - 0x00007ff9f9b08000 	C:\Windows\SYSTEM32\kernel.appcore.dll
0x00007ff9cfe50000 - 0x00007ff9cfe5a000 	C:\Program Files\Java\jdk-21\bin\jimage.dll
0x00007ff9f80a0000 - 0x00007ff9f82d2000 	C:\Windows\SYSTEM32\DBGHELP.DLL
0x00007ff9fc260000 - 0x00007ff9fc5ed000 	C:\Windows\System32\combase.dll
0x00007ff9fc710000 - 0x00007ff9fc7e7000 	C:\Windows\System32\OLEAUT32.dll
0x00007ff9cf970000 - 0x00007ff9cf9a2000 	C:\Windows\SYSTEM32\dbgcore.DLL
0x00007ff9fb3d0000 - 0x00007ff9fb44b000 	C:\Windows\System32\bcryptPrimitives.dll
0x00007ff9b3da0000 - 0x00007ff9b3dbf000 	C:\Program Files\Java\jdk-21\bin\java.dll
0x00007ff9fb910000 - 0x00007ff9fc178000 	C:\Windows\System32\SHELL32.dll
0x00007ff9f8980000 - 0x00007ff9f927e000 	C:\Windows\SYSTEM32\windows.storage.dll
0x00007ff9f8840000 - 0x00007ff9f897f000 	C:\Windows\SYSTEM32\wintypes.dll
0x00007ff9fd300000 - 0x00007ff9fd3f9000 	C:\Windows\System32\SHCORE.dll
0x00007ff9fc180000 - 0x00007ff9fc1de000 	C:\Windows\System32\shlwapi.dll
0x00007ff9fa9a0000 - 0x00007ff9fa9c1000 	C:\Windows\SYSTEM32\profapi.dll
0x00007ff99ec20000 - 0x00007ff99ecf7000 	C:\Program Files\Java\jdk-21\bin\jsvml.dll
0x00007ff9b3d70000 - 0x00007ff9b3d80000 	C:\Program Files\Java\jdk-21\bin\net.dll
0x00007ff9f5c70000 - 0x00007ff9f5da6000 	C:\Windows\SYSTEM32\WINHTTP.dll
0x00007ff9f9fc0000 - 0x00007ff9fa029000 	C:\Windows\system32\mswsock.dll
0x00007ff9b3d50000 - 0x00007ff9b3d66000 	C:\Program Files\Java\jdk-21\bin\nio.dll
0x00007ff9b3d80000 - 0x00007ff9b3d98000 	C:\Program Files\Java\jdk-21\bin\zip.dll
0x00007ff9ebeb0000 - 0x00007ff9ebec7000 	C:\Windows\system32\napinsp.dll
0x00007ff9ebe90000 - 0x00007ff9ebeab000 	C:\Windows\system32\pnrpnsp.dll
0x00007ff9f95c0000 - 0x00007ff9f96b8000 	C:\Windows\SYSTEM32\DNSAPI.dll
0x00007ff9f9550000 - 0x00007ff9f957d000 	C:\Windows\SYSTEM32\IPHLPAPI.DLL
0x00007ff9fc6e0000 - 0x00007ff9fc6e9000 	C:\Windows\System32\NSI.dll
0x00007ff9ebe70000 - 0x00007ff9ebe81000 	C:\Windows\System32\winrnr.dll
0x00007ff9cb520000 - 0x00007ff9cb535000 	C:\Windows\system32\wshbth.dll
0x00007ff9ebe40000 - 0x00007ff9ebe67000 	C:\Windows\system32\nlansp_c.dll
0x00007ff9e1b90000 - 0x00007ff9e1b9a000 	C:\Windows\System32\rasadhlp.dll
0x00007ff9f41c0000 - 0x00007ff9f4243000 	C:\Windows\System32\fwpuclnt.dll
0x00007ff99d3a0000 - 0x00007ff99d5e0000 	C:\Users\main\AppData\Roaming\Uef\UltralightCore.dll
0x00007ff927b30000 - 0x00007ff92abdd000 	C:\Users\main\AppData\Roaming\Uef\WebCore.dll
0x00007ff9fb260000 - 0x00007ff9fb3c7000 	C:\Windows\System32\CRYPT32.dll
0x00007ff99d320000 - 0x00007ff99d393000 	C:\Users\main\AppData\Roaming\Uef\Ultralight.dll
0x00007ff99dda0000 - 0x00007ff99ddde000 	C:\Users\main\AppData\Roaming\Uef\AppCore.dll
0x00007ff9fd080000 - 0x00007ff9fd225000 	C:\Windows\System32\ole32.dll
0x00007ff9f8300000 - 0x00007ff9f8557000 	C:\Windows\SYSTEM32\d3d11.dll
0x00007ff9f48f0000 - 0x00007ff9f4cd6000 	C:\Windows\SYSTEM32\D3DCOMPILER_47.dll
0x00007ff9f7a80000 - 0x00007ff9f7cf3000 	C:\Windows\SYSTEM32\DWrite.dll
0x00007ff9fa1f0000 - 0x00007ff9fa20b000 	C:\Windows\SYSTEM32\CRYPTSP.dll
0x00007ff9f8560000 - 0x00007ff9f8657000 	C:\Windows\SYSTEM32\dxgi.dll
0x00007ff9f3a40000 - 0x00007ff9f3a4b000 	C:\Users\main\IdeaProjects\java-uef\cbuild\Release\Uef.dll
0x00007ff9f7450000 - 0x00007ff9f7487000 	C:\Windows\SYSTEM32\dxcore.dll
0x00007ff9f3e20000 - 0x00007ff9f3e69000 	C:\Windows\SYSTEM32\directxdatabasehelper.dll
0x00007ff9c1290000 - 0x00007ff9c134e000 	C:\Windows\System32\DriverStore\FileRepository\nvcvig.inf_amd64_1b154e8b0df3879e\nvldumdx.dll
0x00007ff9fa700000 - 0x00007ff9fa712000 	C:\Windows\SYSTEM32\msasn1.dll
0x00007ff9f1ce0000 - 0x00007ff9f1d12000 	C:\Windows\SYSTEM32\cryptnet.dll
0x00007ff9f14e0000 - 0x00007ff9f1642000 	C:\Windows\SYSTEM32\drvstore.dll
0x00007ff9fa720000 - 0x00007ff9fa74c000 	C:\Windows\SYSTEM32\devobj.dll
0x00007ff9fa750000 - 0x00007ff9fa79e000 	C:\Windows\SYSTEM32\cfgmgr32.dll
0x00007ff9fa310000 - 0x00007ff9fa359000 	C:\Windows\SYSTEM32\wldp.dll
0x00007ff9fa210000 - 0x00007ff9fa21c000 	C:\Windows\SYSTEM32\cryptbase.dll
0x00007ff9fb1f0000 - 0x00007ff9fb25b000 	C:\Windows\System32\wintrust.dll
0x00007ff9fc240000 - 0x00007ff9fc25f000 	C:\Windows\System32\imagehlp.dll
0x00007ff9f9ab0000 - 0x00007ff9f9ae5000 	C:\Windows\system32\rsaenh.dll
0x00007ff9bedd0000 - 0x00007ff9c0fee000 	C:\Windows\System32\DriverStore\FileRepository\nvcvig.inf_amd64_1b154e8b0df3879e\nvgpucomp64.dll
0x00007ff9babc0000 - 0x00007ff9beca3000 	C:\Windows\System32\DriverStore\FileRepository\nvcvig.inf_amd64_1b154e8b0df3879e\nvwgf2umx.dll
0x00007ff994fd0000 - 0x00007ff9952a0000 	C:\Windows\system32\nvspcap64.dll
0x00007ff9f9b70000 - 0x00007ff9f9ba4000 	C:\Windows\SYSTEM32\ntmarta.dll
0x00007ff9f70c0000 - 0x00007ff9f7170000 	C:\Windows\system32\uxtheme.dll
0x00007ff9fb540000 - 0x00007ff9fb69b000 	C:\Windows\System32\MSCTF.dll
0x00007ff9ea1c0000 - 0x00007ff9ea30e000 	C:\Windows\SYSTEM32\textinputframework.dll
0x00007ff9f5420000 - 0x00007ff9f5553000 	C:\Windows\SYSTEM32\CoreMessaging.dll
0x00007ff9f2bb0000 - 0x00007ff9f2f1d000 	C:\Windows\SYSTEM32\CoreUIComponents.dll
0x00007ff9f7220000 - 0x00007ff9f724b000 	C:\Windows\SYSTEM32\dwmapi.dll
0x00007ff9f0d00000 - 0x00007ff9f10f5000 	C:\Windows\System32\DriverStore\FileRepository\iigd_dch.inf_amd64_571cc8050ef265ef\igd10iumd64.dll
0x00007ff9f6730000 - 0x00007ff9f67c7000 	C:\Windows\SYSTEM32\apphelp.dll
0x00007ff9eece0000 - 0x00007ff9f04ed000 	C:\Windows\System32\DriverStore\FileRepository\iigd_dch.inf_amd64_571cc8050ef265ef\igd10um64xe.DLL
0x00007ff9eec20000 - 0x00007ff9eecb3000 	C:\Windows\System32\DriverStore\FileRepository\iigd_dch.inf_amd64_571cc8050ef265ef\IntelControlLib.dll
0x00007ff9ee030000 - 0x00007ff9ee46e000 	C:\Windows\System32\DriverStore\FileRepository\iigd_dch.inf_amd64_571cc8050ef265ef\igdgmm64.dll
0x00007ff9e3530000 - 0x00007ff9e7572000 	C:\Windows\System32\DriverStore\FileRepository\iigd_dch.inf_amd64_571cc8050ef265ef\igc64.dll
0x00007ff9c3dd0000 - 0x00007ff9c4215000 	C:\Windows\SYSTEM32\UIAutomationCore.DLL
0x00007ff9e2af0000 - 0x00007ff9e2b59000 	C:\Windows\SYSTEM32\OLEACC.dll
0x00007ff9fd5b0000 - 0x00007ff9fd660000 	C:\Windows\System32\clbcatq.dll

dbghelp: loaded successfully - version: 4.0.5 - missing functions: none
symbol engine: initialized successfully - sym options: 0x614 - pdb path: .;C:\Program Files\Java\jdk-21\bin;C:\Windows\SYSTEM32;C:\Windows\WinSxS\amd64_microsoft.windows.common-controls_6595b64144ccf1df_6.0.22621.3672_none_2713b9d173822955;C:\Program Files\Java\jdk-21\bin\server;C:\Users\main\AppData\Roaming\Uef;C:\Users\main\IdeaProjects\java-uef\cbuild\Release;C:\Windows\System32\DriverStore\FileRepository\nvcvig.inf_amd64_1b154e8b0df3879e;C:\Windows\System32\DriverStore\FileRepository\iigd_dch.inf_amd64_571cc8050ef265ef

VM Arguments:
jvm_args: -Dfile.encoding=UTF-8 -Duser.country=JP -Duser.language=ja -Duser.variant 
java_command: net.rk4z.test.Main
java_class_path (initial): C:\Users\main\IdeaProjects\java-uef\build\classes\java\test;C:\Users\main\IdeaProjects\java-uef\build\classes\kotlin\test;C:\Users\main\IdeaProjects\java-uef\build\resources\test;C:\Users\main\IdeaProjects\java-uef\build\classes\java\main;C:\Users\main\IdeaProjects\java-uef\build\classes\kotlin\main;C:\Users\main\IdeaProjects\java-uef\build\resources\main;C:\Users\main\.gradle\caches\modules-2\files-2.1\org.jetbrains.kotlin\kotlin-stdlib\2.0.20\7388d355f7cceb002cd387ccb7ab3850e4e0a07f\kotlin-stdlib-2.0.20.jar;C:\Users\main\.gradle\caches\modules-2\files-2.1\org.apache.logging.log4j\log4j-slf4j2-impl\3.0.0-beta2\30889fe7602c02c54fd11826bbc2af5fdbfedf6a\log4j-slf4j2-impl-3.0.0-beta2.jar;C:\Users\main\.gradle\caches\modules-2\files-2.1\org.slf4j\slf4j-api\2.1.0-alpha1\4e2525fc4327cc553c52e3937427c7cf2114735f\slf4j-api-2.1.0-alpha1.jar;C:\Users\main\.gradle\caches\modules-2\files-2.1\org.jetbrains\annotations\13.0\919f0dfe192fb4e063e7dacadee7f8bb9a2672a9\annotations-13.0.jar;C:\Users\main\.gradle\caches\modules-2\files-2.1\org.apache.logging.log4j\log4j-core\3.0.0-beta2\49714119d6a0f3731d080381f5ddcd61fab27fc3\log4j-core-3.0.0-beta2.jar;C:\Users\main\.gradle\caches\modules-2\files-2.1\org.apache.logging.log4j\log4j-plugins\3.0.0-beta2\dc24089857163f36a6f3adb8b9036628def859c4\log4j-plugins-3.0.0-beta2.jar;C:\Users\main\.gradle\caches\modules-2\files-2.1\org.apache.logging.log4j\log4j-api\3.0.0-beta2\3df0cf119d50a1840f39e3dd75dbceebb46079f2\log4j-api-3.0.0-beta2.jar
Launcher Type: SUN_STANDARD

[Global flags]
     intx CICompilerCount                          = 12                                        {product} {ergonomic}
     uint ConcGCThreads                            = 3                                         {product} {ergonomic}
     uint G1ConcRefinementThreads                  = 13                                        {product} {ergonomic}
   size_t G1HeapRegionSize                         = 8388608                                   {product} {ergonomic}
    uintx GCDrainStackTargetSize                   = 64                                        {product} {ergonomic}
   size_t InitialHeapSize                          = 1073741824                                {product} {ergonomic}
   size_t MarkStackSize                            = 4194304                                   {product} {ergonomic}
   size_t MaxHeapSize                              = 17112760320                               {product} {ergonomic}
   size_t MaxNewSize                               = 10267656192                               {product} {ergonomic}
   size_t MinHeapDeltaBytes                        = 8388608                                   {product} {ergonomic}
   size_t MinHeapSize                              = 8388608                                   {product} {ergonomic}
    uintx NonNMethodCodeHeapSize                   = 7602480                                {pd product} {ergonomic}
    uintx NonProfiledCodeHeapSize                  = 122027880                              {pd product} {ergonomic}
    uintx ProfiledCodeHeapSize                     = 122027880                              {pd product} {ergonomic}
    uintx ReservedCodeCacheSize                    = 251658240                              {pd product} {ergonomic}
     bool SegmentedCodeCache                       = true                                      {product} {ergonomic}
   size_t SoftMaxHeapSize                          = 17112760320                            {manageable} {ergonomic}
     bool UseCompressedOops                        = true                           {product lp64_product} {ergonomic}
     bool UseG1GC                                  = true                                      {product} {ergonomic}
     bool UseLargePagesIndividualAllocation        = false                                  {pd product} {ergonomic}

Logging:
Log output configuration:
 #0: stdout all=warning uptime,level,tags foldmultilines=false
 #1: stderr all=off uptime,level,tags foldmultilines=false

Environment Variables:
PATH=C:\Python312\Scripts\;C:\Python312\;C:\Program Files\Smart Projects\IsoBuster;C:\Program Files\Common Files\Oracle\Java\javapath;C:\Program Files (x86)\Common Files\Oracle\Java\java8path;C:\Program Files (x86)\Common Files\Oracle\Java\javapath;C:\Windows\system32;C:\Windows;C:\Windows\System32\Wbem;C:\Windows\System32\WindowsPowerShell\v1.0\;C:\Windows\System32\OpenSSH\;C:\Program Files (x86)\NVIDIA Corporation\PhysX\Common;C:\Program Files\NVIDIA Corporation\NVIDIA NvDLISR;C:\Program Files\Git\cmd;C:\Program Files\nodejs\;C:\ProgramData\chocolatey\bin;C:\Program Files\CMake\bin;C:\Program Files\ninja;C:\Program Files (x86)\cloudflared\;C:\Program Files\Cloudflare\Cloudflare WARP\;C:\Windows\SysWOW64;C:\PHP;C:\ProgramData\ComposerSetup\bin;C:\Users\main\.cargo\bin;C:\Users\main\AppData\Local\Microsoft\WindowsApps;C:\Users\main\AppData\Local\JetBrains\Toolbox\scripts;C:\Users\main\AppData\Roaming\npm;C:\Users\main\AppData\Roaming\Programs\Zero Install;C:\Users\main\AppData\Roaming\Composer\vendor\bin
USERNAME=main
OS=Windows_NT
PROCESSOR_IDENTIFIER=Intel64 Family 6 Model 154 Stepping 3, GenuineIntel
TMP=C:\Users\main\AppData\Local\Temp
TEMP=C:\Users\main\AppData\Local\Temp




Periodic native trim disabled

---------------  S Y S T E M  ---------------

OS:
 Windows 11 , 64 bit Build 22621 (10.0.22621.3958)
OS uptime: 0 days 20:43 hours
Hyper-V role detected

CPU: total 16 (initial active 16) (8 cores per cpu, 2 threads per core) family 6 model 154 stepping 3 microcode 0x41e, cx8, cmov, fxsr, ht, mmx, 3dnowpref, sse, sse2, sse3, ssse3, sse4.1, sse4.2, popcnt, lzcnt, tsc, tscinvbit, avx, avx2, aes, erms, clmul, bmi1, bmi2, adx, sha, fma, vzeroupper, clflush, clflushopt, clwb, hv, serialize, rdtscp, rdpid, fsrm, f16c, cet_ibt, cet_ss
Processor Information for processor 0
  Max Mhz: 2500, Current Mhz: 2500, Mhz Limit: 2500
Processor Information for processor 1
  Max Mhz: 2500, Current Mhz: 2500, Mhz Limit: 2500
Processor Information for processor 2
  Max Mhz: 2500, Current Mhz: 2500, Mhz Limit: 2500
Processor Information for processor 3
  Max Mhz: 2500, Current Mhz: 2500, Mhz Limit: 2500
Processor Information for processor 4
  Max Mhz: 2500, Current Mhz: 2500, Mhz Limit: 2500
Processor Information for processor 5
  Max Mhz: 2500, Current Mhz: 2500, Mhz Limit: 2500
Processor Information for processor 6
  Max Mhz: 2500, Current Mhz: 2500, Mhz Limit: 2500
Processor Information for processor 7
  Max Mhz: 2500, Current Mhz: 2500, Mhz Limit: 2500
Processor Information for processor 8
  Max Mhz: 2500, Current Mhz: 1800, Mhz Limit: 1800
Processor Information for processor 9
  Max Mhz: 2500, Current Mhz: 1800, Mhz Limit: 1800
Processor Information for processor 10
  Max Mhz: 2500, Current Mhz: 1800, Mhz Limit: 1800
Processor Information for processor 11
  Max Mhz: 2500, Current Mhz: 1800, Mhz Limit: 1800
Processor Information for processor 12
  Max Mhz: 2500, Current Mhz: 1800, Mhz Limit: 1800
Processor Information for processor 13
  Max Mhz: 2500, Current Mhz: 1800, Mhz Limit: 1800
Processor Information for processor 14
  Max Mhz: 2500, Current Mhz: 1800, Mhz Limit: 1800
Processor Information for processor 15
  Max Mhz: 2500, Current Mhz: 1800, Mhz Limit: 1800

Memory: 4k page, system-wide physical 65256M (43263M free)
TotalPageFile size 69352M (AvailPageFile size 45119M)
current process WorkingSet (physical memory assigned to process): 149M, peak: 149M
current process commit charge ("private bytes"): 1292M, peak: 1292M

vm_info: Java HotSpot(TM) 64-Bit Server VM (21.0.3+7-LTS-152) for windows-amd64 JRE (21.0.3+7-LTS-152), built on 2024-03-11T17:42:26Z by "mach5one" with MS VC++ 17.6 (VS2022)

END.
