#
# A fatal error has been detected by the Java Runtime Environment:
#
#  EXCEPTION_ACCESS_VIOLATION (0xc0000005) at pc=0x00007ff9d007131e, pid=12580, tid=16872
#
# JRE version: Java(TM) SE Runtime Environment (21.0.3+7) (build 21.0.3+7-LTS-152)
# Java VM: Java HotSpot(TM) 64-Bit Server VM (21.0.3+7-LTS-152, mixed mode, sharing, tiered, compressed oops, compressed class ptrs, g1 gc, windows-amd64)
# Problematic frame:
# C  [Uef.dll+0x131e]
#
# No core dump will be written. Minidumps are not enabled by default on client versions of Windows
#
# If you would like to submit a bug report, please visit:
#   https://bugreport.java.com/bugreport/crash.jsp
# The crash happened outside the Java Virtual Machine in native code.
# See problematic frame for where to report the bug.
#

---------------  S U M M A R Y ------------

Command Line: -Ddebugger.agent.enable.coroutines=true -Dkotlinx.coroutines.debug.enable.creation.stack.trace=false -agentlib:jdwp=transport=dt_socket,server=n,suspend=y,address=127.0.0.1:58648 -javaagent:C:\Users\main\AppData\Local\JetBrains\IntelliJIdea2024.2\captureAgent\debugger-agent.jar=file:/C:/Users/main/AppData/Local/Temp/capture.props -Dfile.encoding=UTF-8 -Duser.country=JP -Duser.language=ja -Duser.variant net.rk4z.test.Main

Host: 12th Gen Intel(R) Core(TM) i5-12500H, 16 cores, 63G,  Windows 11 , 64 bit Build 22621 (10.0.22621.3958)
Time: Sun Sep  8 01:44:23 2024  Windows 11 , 64 bit Build 22621 (10.0.22621.3958) elapsed time: 0.687136 seconds (0d 0h 0m 0s)

---------------  T H R E A D  ---------------

Current thread (0x0000021f5a30ab80):  JavaThread "main"             [_thread_in_native, id=16872, stack(0x000000de8e600000,0x000000de8e700000) (1024K)]

Stack: [0x000000de8e600000,0x000000de8e700000],  sp=0x000000de8e6ff0a0,  free space=1020k
Native frames: (J=compiled Java code, j=interpreted, Vv=VM code, C=native code)
C  [Uef.dll+0x131e]

Java frames: (J=compiled Java code, j=interpreted, Vv=VM code)
j  net.rk4z.juef.UefApp.createApp(Lnet/rk4z/juef/UefConfig;Lnet/rk4z/juef/UefSettings;)V+0
j  net.rk4z.test.Main.main([Ljava/lang/String;)V+22
v  ~StubRoutines::call_stub 0x0000021f69bd100d

siginfo: EXCEPTION_ACCESS_VIOLATION (0xc0000005), reading address 0x0000000000000000


Registers:
RAX=0x0000000000000000, RBX=0x000000de8e6ff128, RCX=0x0000021f58090000, RDX=0x0000021f58090000
RSP=0x000000de8e6ff0a0, RBP=0x000000de8e6ff1a0, RSI=0x0000021f721c9a08, RDI=0x0000000000000000
R8 =0x0000021f57fb3cc0, R9 =0x0000000000000001, R10=0x0000000000000003, R11=0x000000de8e6fefd0
R12=0x0000000000000000, R13=0x0000021f5a30af38, R14=0x0000021f721c9a00, R15=0x0000021f721c99f8
RIP=0x00007ff9d007131e, EFLAGS=0x0000000000010206


Register to memory mapping:

RAX=0x0 is null
RBX=0x000000de8e6ff128 is pointing into the stack for thread: 0x0000021f5a30ab80
RCX=0x0000021f58090000 points into unknown readable memory: 0x0000000000000000 | 00 00 00 00 00 00 00 00
RDX=0x0000021f58090000 points into unknown readable memory: 0x0000000000000000 | 00 00 00 00 00 00 00 00
RSP=0x000000de8e6ff0a0 is pointing into the stack for thread: 0x0000021f5a30ab80
RBP=0x000000de8e6ff1a0 is pointing into the stack for thread: 0x0000021f5a30ab80
RSI=0x0000021f721c9a08 points into unknown readable memory: 0x0000000441ab7fe0 | e0 7f ab 41 04 00 00 00
RDI=0x0 is null
R8 =0x0000021f57fb3cc0 points into unknown readable memory: 0x0000021f57fb0cc0 | c0 0c fb 57 1f 02 00 00
R9 =0x0000000000000001 is an unknown value
R10=0x0000000000000003 is an unknown value
R11=0x000000de8e6fefd0 is pointing into the stack for thread: 0x0000021f5a30ab80
R12=0x0 is null
R13=0x0000021f5a30af38 points into unknown readable memory: 0x00007ff956a54600 | 00 46 a5 56 f9 7f 00 00
R14=0x0000021f721c9a00 points into unknown readable memory: 0x0000000441ab7aa0 | a0 7a ab 41 04 00 00 00
R15=0x0000021f721c99f8 points into unknown readable memory: 0x0000000441ab7a68 | 68 7a ab 41 04 00 00 00

Top of Stack: (sp=0x000000de8e6ff0a0)
0x000000de8e6ff0a0:   000000de8e6ff128 000000de8e6ff1b0
0x000000de8e6ff0b0:   000000de8e6ff128 000000de8e6fefe0
0x000000de8e6ff0c0:   0000021f569469a0 000000000000002a
0x000000de8e6ff0d0:   0000021f51aebf90 0000000000000005
0x000000de8e6ff0e0:   0000021f56343350 0000000000000009
0x000000de8e6ff0f0:   0000021f56343370 0000000000000009
0x000000de8e6ff100:   0000021f51aebfa0 0000000000000005
0x000000de8e6ff110:   0000021f569468e0 000000000000002a
0x000000de8e6ff120:   000000de8e6f0000 0000000000000000
0x000000de8e6ff130:   0000000000000000 0000000000000000
0x000000de8e6ff140:   0000000000000000 0000000000000101
0x000000de8e6ff150:   3ffccccccccccccd 0000000000000000
0x000000de8e6ff160:   0000000000000000 0000000000000000
0x000000de8e6ff170:   3f91111111111111 3f91111111111111
0x000000de8e6ff180:   4010000000000000 0000000004000000
0x000000de8e6ff190:   0200000000000000 0000000000100000
0x000000de8e6ff1a0:   3f747ae147ae147b 0000000000000010
0x000000de8e6ff1b0:   0000000000000000 0000000000000000
0x000000de8e6ff1c0:   0000000000000000 0000000000000000
0x000000de8e6ff1d0:   0000000000000000 0000000000000000
0x000000de8e6ff1e0:   0000000001080000 0000021f69be04b9
0x000000de8e6ff1f0:   0000021f5a30ab80 000000de8e6ff2c8
0x000000de8e6ff200:   0000021f526e6330 0000000000000000
0x000000de8e6ff210:   000000de8e6ff2a0 0000021f69be07b6
0x000000de8e6ff220:   0000000000000000 0000021f526e6330
0x000000de8e6ff230:   0000021f52200550 000000000108c8da
0x000000de8e6ff240:   0000021f69bda9b4 0000021f69bf17d9
0x000000de8e6ff250:   0000021f69be00bf 000000de8e6ff258
0x000000de8e6ff260:   0000021f526e6330 0000000000000005
0x000000de8e6ff270:   0000021f526e63c8 0000000000000000
0x000000de8e6ff280:   0000000441ab8d08 0000021f526e6330
0x000000de8e6ff290:   0000000000000000 000000de8e6ff2c0 

Instructions: (pc=0x00007ff9d007131e)
0x00007ff9d007121e:   8b 88 48 05 00 00 45 33 c0 48 8b d6 49 8b cd 41
0x00007ff9d007122e:   ff d1 48 8b d8 48 8b d0 48 8d 4c 24 20 ff 15 7f
0x00007ff9d007123e:   1e 00 00 49 8b 4d 00 4c 8b 89 50 05 00 00 4c 8b
0x00007ff9d007124e:   c3 48 8b d6 49 8b cd 41 ff d1 48 8d 4c 24 50 ff
0x00007ff9d007125e:   15 bd 1d 00 00 48 8d 54 24 40 48 8d 4c 24 50 ff
0x00007ff9d007126e:   15 35 1e 00 00 48 8d 54 24 30 48 8d 4c 24 60 ff
0x00007ff9d007127e:   15 25 1e 00 00 48 8d 54 24 20 48 8d 4c 24 70 ff
0x00007ff9d007128e:   15 15 1e 00 00 45 84 e4 0f 95 45 80 40 84 ff 0f
0x00007ff9d007129e:   95 45 81 0f 57 c0 33 c0 0f 11 45 88 0f 11 45 98
0x00007ff9d00712ae:   0f 11 45 a8 0f 11 45 b8 0f 11 45 c8 0f 11 45 d8
0x00007ff9d00712be:   0f 11 45 e8 0f 11 45 f8 48 89 45 08 48 8d 4d 88
0x00007ff9d00712ce:   ff 15 e4 1d 00 00 48 8b d8 48 8d 54 24 50 48 8d
0x00007ff9d00712de:   4d 10 ff 15 32 1d 00 00 4c 8b c3 48 8b d0 48 8d
0x00007ff9d00712ee:   8d 80 00 00 00 ff 15 17 1d 00 00 90 48 8b 8d 80
0x00007ff9d00712fe:   00 00 00 48 c7 85 80 00 00 00 00 00 00 00 48 85
0x00007ff9d007130e:   c9 74 07 48 8b 01 ff 50 08 90 ff 15 ea 1c 00 00
0x00007ff9d007131e:   48 8b 10 48 8b c8 ff 52 50 48 8d 4c 24 50 ff 15
0x00007ff9d007132e:   f6 1c 00 00 48 8d 4c 24 20 ff 15 73 1d 00 00 48
0x00007ff9d007133e:   8d 4c 24 30 ff 15 68 1d 00 00 48 8d 4c 24 40 ff
0x00007ff9d007134e:   15 5d 1d 00 00 4c 8d 9c 24 50 01 00 00 49 8b 5b
0x00007ff9d007135e:   38 49 8b 73 40 49 8b 7b 48 49 8b e3 41 5f 41 5e
0x00007ff9d007136e:   41 5d 41 5c 5d c3 cc cc cc cc cc cc cc cc cc cc
0x00007ff9d007137e:   cc cc 48 83 ec 28 48 8b 0d 05 3d 00 00 48 85 c9
0x00007ff9d007138e:   74 2b 48 8b 01 ff 90 b8 00 00 00 48 8b 0d f0 3c
0x00007ff9d007139e:   00 00 48 c7 05 e5 3c 00 00 00 00 00 00 48 85 c9
0x00007ff9d00713ae:   74 0b 48 8b 01 48 83 c4 28 48 ff 60 08 48 83 c4
0x00007ff9d00713be:   28 c3 48 89 5c 24 08 57 48 83 ec 40 41 8b d9 41
0x00007ff9d00713ce:   8b f8 ff 15 32 1c 00 00 48 85 c0 0f 84 b0 00 00
0x00007ff9d00713de:   00 ff 15 23 1c 00 00 48 8b 10 48 8b c8 ff 52 40
0x00007ff9d00713ee:   4c 8b d8 80 7c 24 70 00 41 0f 95 c2 44 8b 4c 24
0x00007ff9d00713fe:   78 41 8b d1 83 e2 01 44 8b c2 41 83 c8 02 41 f6
0x00007ff9d007140e:   c1 02 44 0f 44 c2 41 8b c8 83 c9 04 41 f6 c1 04 


Stack slot to memory mapping:

stack at sp + 0 slots: 0x000000de8e6ff128 is pointing into the stack for thread: 0x0000021f5a30ab80
stack at sp + 1 slots: 0x000000de8e6ff1b0 is pointing into the stack for thread: 0x0000021f5a30ab80
stack at sp + 2 slots: 0x000000de8e6ff128 is pointing into the stack for thread: 0x0000021f5a30ab80
stack at sp + 3 slots: 0x000000de8e6fefe0 is pointing into the stack for thread: 0x0000021f5a30ab80
stack at sp + 4 slots: 0x0000021f569469a0 points into unknown readable memory: 0x73726573555c3a43 | 43 3a 5c 55 73 65 72 73
stack at sp + 5 slots: 0x000000000000002a is an unknown value
stack at sp + 6 slots: 0x0000021f51aebf90 points into unknown readable memory: 0x000000707041794d | 4d 79 41 70 70 00 00 00
stack at sp + 7 slots: 0x0000000000000005 is an unknown value


---------------  P R O C E S S  ---------------

Threads class SMR info:
_java_thread_list=0x0000021f5121c8b0, length=19, elements={
0x0000021f5a30ab80, 0x0000021f721e8220, 0x0000021f721e91f0, 0x0000021f721eb170,
0x0000021f721ede10, 0x0000021f721ef160, 0x0000021f721f1470, 0x0000021f721f23b0,
0x0000021f721f30b0, 0x0000021f510ef960, 0x0000021f511ed3c0, 0x0000021f511f2260,
0x0000021f511f2c80, 0x0000021f51226760, 0x0000021f5129f890, 0x0000021f512a0750,
0x0000021f512b5e70, 0x0000021f51349f90, 0x0000021f515e4890
}

Java Threads: ( => current thread )
=>0x0000021f5a30ab80 JavaThread "main"                              [_thread_in_native, id=16872, stack(0x000000de8e600000,0x000000de8e700000) (1024K)]
  0x0000021f721e8220 JavaThread "Reference Handler"          daemon [_thread_blocked, id=22652, stack(0x000000de8ee00000,0x000000de8ef00000) (1024K)]
  0x0000021f721e91f0 JavaThread "Finalizer"                  daemon [_thread_blocked, id=11996, stack(0x000000de8ef00000,0x000000de8f000000) (1024K)]
  0x0000021f721eb170 JavaThread "Signal Dispatcher"          daemon [_thread_blocked, id=10320, stack(0x000000de8f000000,0x000000de8f100000) (1024K)]
  0x0000021f721ede10 JavaThread "Attach Listener"            daemon [_thread_blocked, id=19396, stack(0x000000de8f100000,0x000000de8f200000) (1024K)]
  0x0000021f721ef160 JavaThread "Service Thread"             daemon [_thread_blocked, id=14100, stack(0x000000de8f200000,0x000000de8f300000) (1024K)]
  0x0000021f721f1470 JavaThread "Monitor Deflation Thread"   daemon [_thread_blocked, id=21720, stack(0x000000de8f300000,0x000000de8f400000) (1024K)]
  0x0000021f721f23b0 JavaThread "C2 CompilerThread0"         daemon [_thread_blocked, id=20016, stack(0x000000de8f400000,0x000000de8f500000) (1024K)]
  0x0000021f721f30b0 JavaThread "C1 CompilerThread0"         daemon [_thread_blocked, id=3664, stack(0x000000de8f500000,0x000000de8f600000) (1024K)]
  0x0000021f510ef960 JavaThread "C1 CompilerThread1"         daemon [_thread_blocked, id=10528, stack(0x000000de8f600000,0x000000de8f700000) (1024K)]
  0x0000021f511ed3c0 JavaThread "Common-Cleaner"             daemon [_thread_blocked, id=15688, stack(0x000000de8f700000,0x000000de8f800000) (1024K)]
  0x0000021f511f2260 JavaThread "C1 CompilerThread2"         daemon [_thread_blocked, id=19088, stack(0x000000de8f800000,0x000000de8f900000) (1024K)]
  0x0000021f511f2c80 JavaThread "C1 CompilerThread3"         daemon [_thread_blocked, id=23452, stack(0x000000de8f900000,0x000000de8fa00000) (1024K)]
  0x0000021f51226760 JavaThread "C2 CompilerThread1"         daemon [_thread_blocked, id=18768, stack(0x000000de8fa00000,0x000000de8fb00000) (1024K)]
  0x0000021f5129f890 JavaThread "JDWP Transport Listener: dt_socket" daemon [_thread_blocked, id=18684, stack(0x000000de8fb00000,0x000000de8fc00000) (1024K)]
  0x0000021f512a0750 JavaThread "JDWP Event Helper Thread"   daemon [_thread_blocked, id=22552, stack(0x000000de8fc00000,0x000000de8fd00000) (1024K)]
  0x0000021f512b5e70 JavaThread "JDWP Command Reader"        daemon [_thread_in_native, id=22908, stack(0x000000de8fd00000,0x000000de8fe00000) (1024K)]
  0x0000021f51349f90 JavaThread "Notification Thread"        daemon [_thread_blocked, id=23620, stack(0x000000de8fe00000,0x000000de8ff00000) (1024K)]
  0x0000021f515e4890 JavaThread "C2 CompilerThread2"         daemon [_thread_blocked, id=22872, stack(0x000000de8ff00000,0x000000de90000000) (1024K)]
Total: 19

Other Threads:
  0x0000021f721c9240 VMThread "VM Thread"                           [id=7200, stack(0x000000de8ed00000,0x000000de8ee00000) (1024K)]
  0x0000021f721b2c90 WatcherThread "VM Periodic Task Thread"        [id=23076, stack(0x000000de8ec00000,0x000000de8ed00000) (1024K)]
  0x0000021f720908b0 WorkerThread "GC Thread#0"                     [id=23684, stack(0x000000de8e700000,0x000000de8e800000) (1024K)]
  0x0000021f5a38aa60 ConcurrentGCThread "G1 Main Marker"            [id=8136, stack(0x000000de8e800000,0x000000de8e900000) (1024K)]
  0x0000021f5a38b370 WorkerThread "G1 Conc#0"                       [id=23752, stack(0x000000de8e900000,0x000000de8ea00000) (1024K)]
  0x0000021f720f9f20 ConcurrentGCThread "G1 Refine#0"               [id=16884, stack(0x000000de8ea00000,0x000000de8eb00000) (1024K)]
  0x0000021f720fa9a0 ConcurrentGCThread "G1 Service"                [id=11444, stack(0x000000de8eb00000,0x000000de8ec00000) (1024K)]
Total: 7

Threads with active compile tasks:
Total: 0

VM state: not at safepoint (normal execution)

VM Mutex/Monitor currently owned by a thread: None

Heap address: 0x0000000404000000, size: 16320 MB, Compressed Oops mode: Zero based, Oop shift amount: 3

CDS archive(s) mapped at: [0x0000021f10000000-0x0000021f10c90000-0x0000021f10c90000), size 13172736, SharedBaseAddress: 0x0000021f10000000, ArchiveRelocationMode: 1.
Compressed class space mapped at: 0x0000021f11000000-0x0000021f51000000, reserved size: 1073741824
Narrow klass base: 0x0000021f10000000, Narrow klass shift: 0, Narrow klass range: 0x100000000

GC Precious Log:
 CardTable entry size: 512
 Card Set container configuration: InlinePtr #cards 4 size 8 Array Of Cards #cards 64 size 144 Howl #buckets 8 coarsen threshold 14745 Howl Bitmap #cards 2048 size 272 coarsen threshold 1843 Card regions per heap region 1 cards per card region 16384
 CPUs: 16 total, 16 available
 Memory: 65256M
 Large Page Support: Disabled
 NUMA Support: Disabled
 Compressed Oops: Enabled (Zero based)
 Heap Region Size: 8M
 Heap Min Capacity: 8M
 Heap Initial Capacity: 1G
 Heap Max Capacity: 16320M
 Pre-touch: Disabled
 Parallel Workers: 13
 Concurrent Workers: 3
 Concurrent Refinement Workers: 13
 Periodic GC: Disabled

Heap:
 garbage-first heap   total 1048576K, used 32768K [0x0000000404000000, 0x0000000800000000)
  region size 8192K, 5 young (40960K), 0 survivors (0K)
 Metaspace       used 6438K, committed 6720K, reserved 1114112K
  class space    used 797K, committed 896K, reserved 1048576K

Heap Regions: E=young(eden), S=young(survivor), O=old, HS=humongous(starts), HC=humongous(continues), CS=collection set, F=free, TAMS=top-at-mark-start, PB=parsable bottom
|   0|0x0000000404000000, 0x0000000404000000, 0x0000000404800000|  0%| F|  |TAMS 0x0000000404000000| PB 0x0000000404000000| Untracked 
|   1|0x0000000404800000, 0x0000000404800000, 0x0000000405000000|  0%| F|  |TAMS 0x0000000404800000| PB 0x0000000404800000| Untracked 
|   2|0x0000000405000000, 0x0000000405000000, 0x0000000405800000|  0%| F|  |TAMS 0x0000000405000000| PB 0x0000000405000000| Untracked 
|   3|0x0000000405800000, 0x0000000405800000, 0x0000000406000000|  0%| F|  |TAMS 0x0000000405800000| PB 0x0000000405800000| Untracked 
|   4|0x0000000406000000, 0x0000000406000000, 0x0000000406800000|  0%| F|  |TAMS 0x0000000406000000| PB 0x0000000406000000| Untracked 
|   5|0x0000000406800000, 0x0000000406800000, 0x0000000407000000|  0%| F|  |TAMS 0x0000000406800000| PB 0x0000000406800000| Untracked 
|   6|0x0000000407000000, 0x0000000407000000, 0x0000000407800000|  0%| F|  |TAMS 0x0000000407000000| PB 0x0000000407000000| Untracked 
|   7|0x0000000407800000, 0x0000000407800000, 0x0000000408000000|  0%| F|  |TAMS 0x0000000407800000| PB 0x0000000407800000| Untracked 
|   8|0x0000000408000000, 0x0000000408000000, 0x0000000408800000|  0%| F|  |TAMS 0x0000000408000000| PB 0x0000000408000000| Untracked 
|   9|0x0000000408800000, 0x0000000408800000, 0x0000000409000000|  0%| F|  |TAMS 0x0000000408800000| PB 0x0000000408800000| Untracked 
|  10|0x0000000409000000, 0x0000000409000000, 0x0000000409800000|  0%| F|  |TAMS 0x0000000409000000| PB 0x0000000409000000| Untracked 
|  11|0x0000000409800000, 0x0000000409800000, 0x000000040a000000|  0%| F|  |TAMS 0x0000000409800000| PB 0x0000000409800000| Untracked 
|  12|0x000000040a000000, 0x000000040a000000, 0x000000040a800000|  0%| F|  |TAMS 0x000000040a000000| PB 0x000000040a000000| Untracked 
|  13|0x000000040a800000, 0x000000040a800000, 0x000000040b000000|  0%| F|  |TAMS 0x000000040a800000| PB 0x000000040a800000| Untracked 
|  14|0x000000040b000000, 0x000000040b000000, 0x000000040b800000|  0%| F|  |TAMS 0x000000040b000000| PB 0x000000040b000000| Untracked 
|  15|0x000000040b800000, 0x000000040b800000, 0x000000040c000000|  0%| F|  |TAMS 0x000000040b800000| PB 0x000000040b800000| Untracked 
|  16|0x000000040c000000, 0x000000040c000000, 0x000000040c800000|  0%| F|  |TAMS 0x000000040c000000| PB 0x000000040c000000| Untracked 
|  17|0x000000040c800000, 0x000000040c800000, 0x000000040d000000|  0%| F|  |TAMS 0x000000040c800000| PB 0x000000040c800000| Untracked 
|  18|0x000000040d000000, 0x000000040d000000, 0x000000040d800000|  0%| F|  |TAMS 0x000000040d000000| PB 0x000000040d000000| Untracked 
|  19|0x000000040d800000, 0x000000040d800000, 0x000000040e000000|  0%| F|  |TAMS 0x000000040d800000| PB 0x000000040d800000| Untracked 
|  20|0x000000040e000000, 0x000000040e000000, 0x000000040e800000|  0%| F|  |TAMS 0x000000040e000000| PB 0x000000040e000000| Untracked 
|  21|0x000000040e800000, 0x000000040e800000, 0x000000040f000000|  0%| F|  |TAMS 0x000000040e800000| PB 0x000000040e800000| Untracked 
|  22|0x000000040f000000, 0x000000040f000000, 0x000000040f800000|  0%| F|  |TAMS 0x000000040f000000| PB 0x000000040f000000| Untracked 
|  23|0x000000040f800000, 0x000000040f800000, 0x0000000410000000|  0%| F|  |TAMS 0x000000040f800000| PB 0x000000040f800000| Untracked 
|  24|0x0000000410000000, 0x0000000410000000, 0x0000000410800000|  0%| F|  |TAMS 0x0000000410000000| PB 0x0000000410000000| Untracked 
|  25|0x0000000410800000, 0x0000000410800000, 0x0000000411000000|  0%| F|  |TAMS 0x0000000410800000| PB 0x0000000410800000| Untracked 
|  26|0x0000000411000000, 0x0000000411000000, 0x0000000411800000|  0%| F|  |TAMS 0x0000000411000000| PB 0x0000000411000000| Untracked 
|  27|0x0000000411800000, 0x0000000411800000, 0x0000000412000000|  0%| F|  |TAMS 0x0000000411800000| PB 0x0000000411800000| Untracked 
|  28|0x0000000412000000, 0x0000000412000000, 0x0000000412800000|  0%| F|  |TAMS 0x0000000412000000| PB 0x0000000412000000| Untracked 
|  29|0x0000000412800000, 0x0000000412800000, 0x0000000413000000|  0%| F|  |TAMS 0x0000000412800000| PB 0x0000000412800000| Untracked 
|  30|0x0000000413000000, 0x0000000413000000, 0x0000000413800000|  0%| F|  |TAMS 0x0000000413000000| PB 0x0000000413000000| Untracked 
|  31|0x0000000413800000, 0x0000000413800000, 0x0000000414000000|  0%| F|  |TAMS 0x0000000413800000| PB 0x0000000413800000| Untracked 
|  32|0x0000000414000000, 0x0000000414000000, 0x0000000414800000|  0%| F|  |TAMS 0x0000000414000000| PB 0x0000000414000000| Untracked 
|  33|0x0000000414800000, 0x0000000414800000, 0x0000000415000000|  0%| F|  |TAMS 0x0000000414800000| PB 0x0000000414800000| Untracked 
|  34|0x0000000415000000, 0x0000000415000000, 0x0000000415800000|  0%| F|  |TAMS 0x0000000415000000| PB 0x0000000415000000| Untracked 
|  35|0x0000000415800000, 0x0000000415800000, 0x0000000416000000|  0%| F|  |TAMS 0x0000000415800000| PB 0x0000000415800000| Untracked 
|  36|0x0000000416000000, 0x0000000416000000, 0x0000000416800000|  0%| F|  |TAMS 0x0000000416000000| PB 0x0000000416000000| Untracked 
|  37|0x0000000416800000, 0x0000000416800000, 0x0000000417000000|  0%| F|  |TAMS 0x0000000416800000| PB 0x0000000416800000| Untracked 
|  38|0x0000000417000000, 0x0000000417000000, 0x0000000417800000|  0%| F|  |TAMS 0x0000000417000000| PB 0x0000000417000000| Untracked 
|  39|0x0000000417800000, 0x0000000417800000, 0x0000000418000000|  0%| F|  |TAMS 0x0000000417800000| PB 0x0000000417800000| Untracked 
|  40|0x0000000418000000, 0x0000000418000000, 0x0000000418800000|  0%| F|  |TAMS 0x0000000418000000| PB 0x0000000418000000| Untracked 
|  41|0x0000000418800000, 0x0000000418800000, 0x0000000419000000|  0%| F|  |TAMS 0x0000000418800000| PB 0x0000000418800000| Untracked 
|  42|0x0000000419000000, 0x0000000419000000, 0x0000000419800000|  0%| F|  |TAMS 0x0000000419000000| PB 0x0000000419000000| Untracked 
|  43|0x0000000419800000, 0x0000000419800000, 0x000000041a000000|  0%| F|  |TAMS 0x0000000419800000| PB 0x0000000419800000| Untracked 
|  44|0x000000041a000000, 0x000000041a000000, 0x000000041a800000|  0%| F|  |TAMS 0x000000041a000000| PB 0x000000041a000000| Untracked 
|  45|0x000000041a800000, 0x000000041a800000, 0x000000041b000000|  0%| F|  |TAMS 0x000000041a800000| PB 0x000000041a800000| Untracked 
|  46|0x000000041b000000, 0x000000041b000000, 0x000000041b800000|  0%| F|  |TAMS 0x000000041b000000| PB 0x000000041b000000| Untracked 
|  47|0x000000041b800000, 0x000000041b800000, 0x000000041c000000|  0%| F|  |TAMS 0x000000041b800000| PB 0x000000041b800000| Untracked 
|  48|0x000000041c000000, 0x000000041c000000, 0x000000041c800000|  0%| F|  |TAMS 0x000000041c000000| PB 0x000000041c000000| Untracked 
|  49|0x000000041c800000, 0x000000041c800000, 0x000000041d000000|  0%| F|  |TAMS 0x000000041c800000| PB 0x000000041c800000| Untracked 
|  50|0x000000041d000000, 0x000000041d000000, 0x000000041d800000|  0%| F|  |TAMS 0x000000041d000000| PB 0x000000041d000000| Untracked 
|  51|0x000000041d800000, 0x000000041d800000, 0x000000041e000000|  0%| F|  |TAMS 0x000000041d800000| PB 0x000000041d800000| Untracked 
|  52|0x000000041e000000, 0x000000041e000000, 0x000000041e800000|  0%| F|  |TAMS 0x000000041e000000| PB 0x000000041e000000| Untracked 
|  53|0x000000041e800000, 0x000000041e800000, 0x000000041f000000|  0%| F|  |TAMS 0x000000041e800000| PB 0x000000041e800000| Untracked 
|  54|0x000000041f000000, 0x000000041f000000, 0x000000041f800000|  0%| F|  |TAMS 0x000000041f000000| PB 0x000000041f000000| Untracked 
|  55|0x000000041f800000, 0x000000041f800000, 0x0000000420000000|  0%| F|  |TAMS 0x000000041f800000| PB 0x000000041f800000| Untracked 
|  56|0x0000000420000000, 0x0000000420000000, 0x0000000420800000|  0%| F|  |TAMS 0x0000000420000000| PB 0x0000000420000000| Untracked 
|  57|0x0000000420800000, 0x0000000420800000, 0x0000000421000000|  0%| F|  |TAMS 0x0000000420800000| PB 0x0000000420800000| Untracked 
|  58|0x0000000421000000, 0x0000000421000000, 0x0000000421800000|  0%| F|  |TAMS 0x0000000421000000| PB 0x0000000421000000| Untracked 
|  59|0x0000000421800000, 0x0000000421800000, 0x0000000422000000|  0%| F|  |TAMS 0x0000000421800000| PB 0x0000000421800000| Untracked 
|  60|0x0000000422000000, 0x0000000422000000, 0x0000000422800000|  0%| F|  |TAMS 0x0000000422000000| PB 0x0000000422000000| Untracked 
|  61|0x0000000422800000, 0x0000000422800000, 0x0000000423000000|  0%| F|  |TAMS 0x0000000422800000| PB 0x0000000422800000| Untracked 
|  62|0x0000000423000000, 0x0000000423000000, 0x0000000423800000|  0%| F|  |TAMS 0x0000000423000000| PB 0x0000000423000000| Untracked 
|  63|0x0000000423800000, 0x0000000423800000, 0x0000000424000000|  0%| F|  |TAMS 0x0000000423800000| PB 0x0000000423800000| Untracked 
|  64|0x0000000424000000, 0x0000000424000000, 0x0000000424800000|  0%| F|  |TAMS 0x0000000424000000| PB 0x0000000424000000| Untracked 
|  65|0x0000000424800000, 0x0000000424800000, 0x0000000425000000|  0%| F|  |TAMS 0x0000000424800000| PB 0x0000000424800000| Untracked 
|  66|0x0000000425000000, 0x0000000425000000, 0x0000000425800000|  0%| F|  |TAMS 0x0000000425000000| PB 0x0000000425000000| Untracked 
|  67|0x0000000425800000, 0x0000000425800000, 0x0000000426000000|  0%| F|  |TAMS 0x0000000425800000| PB 0x0000000425800000| Untracked 
|  68|0x0000000426000000, 0x0000000426000000, 0x0000000426800000|  0%| F|  |TAMS 0x0000000426000000| PB 0x0000000426000000| Untracked 
|  69|0x0000000426800000, 0x0000000426800000, 0x0000000427000000|  0%| F|  |TAMS 0x0000000426800000| PB 0x0000000426800000| Untracked 
|  70|0x0000000427000000, 0x0000000427000000, 0x0000000427800000|  0%| F|  |TAMS 0x0000000427000000| PB 0x0000000427000000| Untracked 
|  71|0x0000000427800000, 0x0000000427800000, 0x0000000428000000|  0%| F|  |TAMS 0x0000000427800000| PB 0x0000000427800000| Untracked 
|  72|0x0000000428000000, 0x0000000428000000, 0x0000000428800000|  0%| F|  |TAMS 0x0000000428000000| PB 0x0000000428000000| Untracked 
|  73|0x0000000428800000, 0x0000000428800000, 0x0000000429000000|  0%| F|  |TAMS 0x0000000428800000| PB 0x0000000428800000| Untracked 
|  74|0x0000000429000000, 0x0000000429000000, 0x0000000429800000|  0%| F|  |TAMS 0x0000000429000000| PB 0x0000000429000000| Untracked 
|  75|0x0000000429800000, 0x0000000429800000, 0x000000042a000000|  0%| F|  |TAMS 0x0000000429800000| PB 0x0000000429800000| Untracked 
|  76|0x000000042a000000, 0x000000042a000000, 0x000000042a800000|  0%| F|  |TAMS 0x000000042a000000| PB 0x000000042a000000| Untracked 
|  77|0x000000042a800000, 0x000000042a800000, 0x000000042b000000|  0%| F|  |TAMS 0x000000042a800000| PB 0x000000042a800000| Untracked 
|  78|0x000000042b000000, 0x000000042b000000, 0x000000042b800000|  0%| F|  |TAMS 0x000000042b000000| PB 0x000000042b000000| Untracked 
|  79|0x000000042b800000, 0x000000042b800000, 0x000000042c000000|  0%| F|  |TAMS 0x000000042b800000| PB 0x000000042b800000| Untracked 
|  80|0x000000042c000000, 0x000000042c000000, 0x000000042c800000|  0%| F|  |TAMS 0x000000042c000000| PB 0x000000042c000000| Untracked 
|  81|0x000000042c800000, 0x000000042c800000, 0x000000042d000000|  0%| F|  |TAMS 0x000000042c800000| PB 0x000000042c800000| Untracked 
|  82|0x000000042d000000, 0x000000042d000000, 0x000000042d800000|  0%| F|  |TAMS 0x000000042d000000| PB 0x000000042d000000| Untracked 
|  83|0x000000042d800000, 0x000000042d800000, 0x000000042e000000|  0%| F|  |TAMS 0x000000042d800000| PB 0x000000042d800000| Untracked 
|  84|0x000000042e000000, 0x000000042e000000, 0x000000042e800000|  0%| F|  |TAMS 0x000000042e000000| PB 0x000000042e000000| Untracked 
|  85|0x000000042e800000, 0x000000042e800000, 0x000000042f000000|  0%| F|  |TAMS 0x000000042e800000| PB 0x000000042e800000| Untracked 
|  86|0x000000042f000000, 0x000000042f000000, 0x000000042f800000|  0%| F|  |TAMS 0x000000042f000000| PB 0x000000042f000000| Untracked 
|  87|0x000000042f800000, 0x000000042f800000, 0x0000000430000000|  0%| F|  |TAMS 0x000000042f800000| PB 0x000000042f800000| Untracked 
|  88|0x0000000430000000, 0x0000000430000000, 0x0000000430800000|  0%| F|  |TAMS 0x0000000430000000| PB 0x0000000430000000| Untracked 
|  89|0x0000000430800000, 0x0000000430800000, 0x0000000431000000|  0%| F|  |TAMS 0x0000000430800000| PB 0x0000000430800000| Untracked 
|  90|0x0000000431000000, 0x0000000431000000, 0x0000000431800000|  0%| F|  |TAMS 0x0000000431000000| PB 0x0000000431000000| Untracked 
|  91|0x0000000431800000, 0x0000000431800000, 0x0000000432000000|  0%| F|  |TAMS 0x0000000431800000| PB 0x0000000431800000| Untracked 
|  92|0x0000000432000000, 0x0000000432000000, 0x0000000432800000|  0%| F|  |TAMS 0x0000000432000000| PB 0x0000000432000000| Untracked 
|  93|0x0000000432800000, 0x0000000432800000, 0x0000000433000000|  0%| F|  |TAMS 0x0000000432800000| PB 0x0000000432800000| Untracked 
|  94|0x0000000433000000, 0x0000000433000000, 0x0000000433800000|  0%| F|  |TAMS 0x0000000433000000| PB 0x0000000433000000| Untracked 
|  95|0x0000000433800000, 0x0000000433800000, 0x0000000434000000|  0%| F|  |TAMS 0x0000000433800000| PB 0x0000000433800000| Untracked 
|  96|0x0000000434000000, 0x0000000434000000, 0x0000000434800000|  0%| F|  |TAMS 0x0000000434000000| PB 0x0000000434000000| Untracked 
|  97|0x0000000434800000, 0x0000000434800000, 0x0000000435000000|  0%| F|  |TAMS 0x0000000434800000| PB 0x0000000434800000| Untracked 
|  98|0x0000000435000000, 0x0000000435000000, 0x0000000435800000|  0%| F|  |TAMS 0x0000000435000000| PB 0x0000000435000000| Untracked 
|  99|0x0000000435800000, 0x0000000435800000, 0x0000000436000000|  0%| F|  |TAMS 0x0000000435800000| PB 0x0000000435800000| Untracked 
| 100|0x0000000436000000, 0x0000000436000000, 0x0000000436800000|  0%| F|  |TAMS 0x0000000436000000| PB 0x0000000436000000| Untracked 
| 101|0x0000000436800000, 0x0000000436800000, 0x0000000437000000|  0%| F|  |TAMS 0x0000000436800000| PB 0x0000000436800000| Untracked 
| 102|0x0000000437000000, 0x0000000437000000, 0x0000000437800000|  0%| F|  |TAMS 0x0000000437000000| PB 0x0000000437000000| Untracked 
| 103|0x0000000437800000, 0x0000000437800000, 0x0000000438000000|  0%| F|  |TAMS 0x0000000437800000| PB 0x0000000437800000| Untracked 
| 104|0x0000000438000000, 0x0000000438000000, 0x0000000438800000|  0%| F|  |TAMS 0x0000000438000000| PB 0x0000000438000000| Untracked 
| 105|0x0000000438800000, 0x0000000438800000, 0x0000000439000000|  0%| F|  |TAMS 0x0000000438800000| PB 0x0000000438800000| Untracked 
| 106|0x0000000439000000, 0x0000000439000000, 0x0000000439800000|  0%| F|  |TAMS 0x0000000439000000| PB 0x0000000439000000| Untracked 
| 107|0x0000000439800000, 0x0000000439800000, 0x000000043a000000|  0%| F|  |TAMS 0x0000000439800000| PB 0x0000000439800000| Untracked 
| 108|0x000000043a000000, 0x000000043a000000, 0x000000043a800000|  0%| F|  |TAMS 0x000000043a000000| PB 0x000000043a000000| Untracked 
| 109|0x000000043a800000, 0x000000043a800000, 0x000000043b000000|  0%| F|  |TAMS 0x000000043a800000| PB 0x000000043a800000| Untracked 
| 110|0x000000043b000000, 0x000000043b000000, 0x000000043b800000|  0%| F|  |TAMS 0x000000043b000000| PB 0x000000043b000000| Untracked 
| 111|0x000000043b800000, 0x000000043b800000, 0x000000043c000000|  0%| F|  |TAMS 0x000000043b800000| PB 0x000000043b800000| Untracked 
| 112|0x000000043c000000, 0x000000043c000000, 0x000000043c800000|  0%| F|  |TAMS 0x000000043c000000| PB 0x000000043c000000| Untracked 
| 113|0x000000043c800000, 0x000000043c800000, 0x000000043d000000|  0%| F|  |TAMS 0x000000043c800000| PB 0x000000043c800000| Untracked 
| 114|0x000000043d000000, 0x000000043d000000, 0x000000043d800000|  0%| F|  |TAMS 0x000000043d000000| PB 0x000000043d000000| Untracked 
| 115|0x000000043d800000, 0x000000043d800000, 0x000000043e000000|  0%| F|  |TAMS 0x000000043d800000| PB 0x000000043d800000| Untracked 
| 116|0x000000043e000000, 0x000000043e000000, 0x000000043e800000|  0%| F|  |TAMS 0x000000043e000000| PB 0x000000043e000000| Untracked 
| 117|0x000000043e800000, 0x000000043e800000, 0x000000043f000000|  0%| F|  |TAMS 0x000000043e800000| PB 0x000000043e800000| Untracked 
| 118|0x000000043f000000, 0x000000043f000000, 0x000000043f800000|  0%| F|  |TAMS 0x000000043f000000| PB 0x000000043f000000| Untracked 
| 119|0x000000043f800000, 0x000000043f800000, 0x0000000440000000|  0%| F|  |TAMS 0x000000043f800000| PB 0x000000043f800000| Untracked 
| 120|0x0000000440000000, 0x0000000440000000, 0x0000000440800000|  0%| F|  |TAMS 0x0000000440000000| PB 0x0000000440000000| Untracked 
| 121|0x0000000440800000, 0x0000000440800000, 0x0000000441000000|  0%| F|  |TAMS 0x0000000440800000| PB 0x0000000440800000| Untracked 
| 122|0x0000000441000000, 0x0000000441000000, 0x0000000441800000|  0%| F|  |TAMS 0x0000000441000000| PB 0x0000000441000000| Untracked 
| 123|0x0000000441800000, 0x0000000441ae1d20, 0x0000000442000000| 36%| E|  |TAMS 0x0000000441800000| PB 0x0000000441800000| Complete 
| 124|0x0000000442000000, 0x0000000442800000, 0x0000000442800000|100%| E|CS|TAMS 0x0000000442000000| PB 0x0000000442000000| Complete 
| 125|0x0000000442800000, 0x0000000443000000, 0x0000000443000000|100%| E|CS|TAMS 0x0000000442800000| PB 0x0000000442800000| Complete 
| 126|0x0000000443000000, 0x0000000443800000, 0x0000000443800000|100%| E|CS|TAMS 0x0000000443000000| PB 0x0000000443000000| Complete 
| 127|0x0000000443800000, 0x0000000444000000, 0x0000000444000000|100%| E|CS|TAMS 0x0000000443800000| PB 0x0000000443800000| Complete 

Card table byte_map: [0x0000021f741f0000,0x0000021f761d0000] _byte_map_base: 0x0000021f721d0000

Marking Bits: (CMBitMap*) 0x0000021f5a37a0d0
 Bits: [0x0000021f00000000, 0x0000021f0ff00000)

Polling page: 0x0000021f58280000

Metaspace:

Usage:
  Non-class:      5.51 MB used.
      Class:    797.00 KB used.
       Both:      6.29 MB used.

Virtual space:
  Non-class space:       64.00 MB reserved,       5.69 MB (  9%) committed,  1 nodes.
      Class space:        1.00 GB reserved,     896.00 KB ( <1%) committed,  1 nodes.
             Both:        1.06 GB reserved,       6.56 MB ( <1%) committed. 

Chunk freelists:
   Non-Class:  9.11 MB
       Class:  15.12 MB
        Both:  24.23 MB

MaxMetaspaceSize: unlimited
CompressedClassSpaceSize: 1.00 GB
Initial GC threshold: 21.00 MB
Current GC threshold: 21.00 MB
CDS: on
 - commit_granule_bytes: 65536.
 - commit_granule_words: 8192.
 - virtual_space_node_default_size: 8388608.
 - enlarge_chunks_in_place: 1.
 - use_allocation_guard: 0.


Internal statistics:

num_allocs_failed_limit: 0.
num_arena_births: 272.
num_arena_deaths: 0.
num_vsnodes_births: 2.
num_vsnodes_deaths: 0.
num_space_committed: 105.
num_space_uncommitted: 0.
num_chunks_returned_to_freelist: 0.
num_chunks_taken_from_freelist: 505.
num_chunk_merges: 0.
num_chunk_splits: 295.
num_chunks_enlarged: 162.
num_inconsistent_stats: 0.

CodeHeap 'non-profiled nmethods': size=119168Kb used=591Kb max_used=591Kb free=118576Kb
 bounds [0x0000021f6a320000, 0x0000021f6a590000, 0x0000021f71780000]
CodeHeap 'profiled nmethods': size=119104Kb used=3513Kb max_used=3513Kb free=115590Kb
 bounds [0x0000021f62780000, 0x0000021f62af0000, 0x0000021f69bd0000]
CodeHeap 'non-nmethods': size=7488Kb used=3128Kb max_used=3164Kb free=4359Kb
 bounds [0x0000021f69bd0000, 0x0000021f69ef0000, 0x0000021f6a320000]
 total_blobs=2308 nmethods=1830 adapters=379
 compilation: enabled
              stopped_count=0, restarted_count=0
 full_count=0

Compilation events (20 events):
Event: 0.565 Thread 0x0000021f511f2c80 nmethod 1819 0x0000021f62ad9490 code [0x0000021f62ad9800, 0x0000021f62ada9d8]
Event: 0.565 Thread 0x0000021f510ef960 1825   !   3       java.lang.invoke.CallSite::makeSite (91 bytes)
Event: 0.565 Thread 0x0000021f511f2260 nmethod 1823 0x0000021f62adb090 code [0x0000021f62adb280, 0x0000021f62adb7f8]
Event: 0.566 Thread 0x0000021f721f30b0 nmethod 1824 0x0000021f62adba10 code [0x0000021f62adbc60, 0x0000021f62adc5d8]
Event: 0.566 Thread 0x0000021f511f2c80 1828       1       sun.nio.fs.NativeBuffer::address (5 bytes)
Event: 0.566 Thread 0x0000021f511f2260 1826   !   3       java.lang.invoke.BootstrapMethodInvoker::invoke (974 bytes)
Event: 0.566 Thread 0x0000021f511f2c80 nmethod 1828 0x0000021f6a3a3e10 code [0x0000021f6a3a3fa0, 0x0000021f6a3a4068]
Event: 0.566 Thread 0x0000021f721f30b0 1827       3       java.lang.invoke.MethodHandleNatives::staticArgumentsPulled (5 bytes)
Event: 0.566 Thread 0x0000021f721f30b0 nmethod 1827 0x0000021f62adca10 code [0x0000021f62adcbc0, 0x0000021f62adcda8]
Event: 0.567 Thread 0x0000021f510ef960 nmethod 1825 0x0000021f62adce10 code [0x0000021f62add1a0, 0x0000021f62ade8b0]
Event: 0.567 Thread 0x0000021f721f30b0 1830       3       java.nio.Buffer::hasRemaining (17 bytes)
Event: 0.567 Thread 0x0000021f721f30b0 nmethod 1830 0x0000021f62adf590 code [0x0000021f62adf720, 0x0000021f62adf888]
Event: 0.570 Thread 0x0000021f721f23b0 nmethod 1782% 0x0000021f6a3a4110 code [0x0000021f6a3a42e0, 0x0000021f6a3a4ab8]
Event: 0.571 Thread 0x0000021f721f23b0 1829       4       java.lang.invoke.DirectMethodHandle::internalMemberName (8 bytes)
Event: 0.571 Thread 0x0000021f511f2260 nmethod 1826 0x0000021f62adf910 code [0x0000021f62ae0240, 0x0000021f62aeabc0]
Event: 0.571 Thread 0x0000021f721f23b0 nmethod 1829 0x0000021f6a3a4e90 code [0x0000021f6a3a5020, 0x0000021f6a3a50c8]
Event: 0.574 Thread 0x0000021f511f2260 1831       3       java.nio.ByteOrder::nativeOrder (4 bytes)
Event: 0.574 Thread 0x0000021f511f2260 nmethod 1831 0x0000021f62aee490 code [0x0000021f62aee620, 0x0000021f62aee718]
Event: 0.589 Thread 0x0000021f51226760 nmethod 1695 0x0000021f6a3a5190 code [0x0000021f6a3a5740, 0x0000021f6a3aaa60]
Event: 0.595 Thread 0x0000021f515e4890 nmethod 1778 0x0000021f6a3ad810 code [0x0000021f6a3adcc0, 0x0000021f6a3b1c20]

GC Heap History (0 events):
No events

Dll operation events (13 events):
Event: 0.007 Loaded shared library C:\Program Files\Java\jdk-21\bin\java.dll
Event: 0.007 Loaded shared library C:\Program Files\Java\jdk-21\bin\zip.dll
Event: 0.031 Loaded shared library C:\Program Files\Java\jdk-21\bin\jsvml.dll
Event: 0.075 Loaded shared library C:\Program Files\Java\jdk-21\bin\instrument.dll
Event: 0.094 Loaded shared library C:\Program Files\Java\jdk-21\bin\net.dll
Event: 0.095 Loaded shared library C:\Program Files\Java\jdk-21\bin\nio.dll
Event: 0.101 Loaded shared library C:\Program Files\Java\jdk-21\bin\zip.dll
Event: 0.113 Loaded shared library C:\Program Files\Java\jdk-21\bin\jimage.dll
Event: 0.568 Loaded shared library C:\Users\main\AppData\Roaming\Uef\UltralightCore.dll
Event: 0.572 Loaded shared library C:\Users\main\AppData\Roaming\Uef\WebCore.dll
Event: 0.573 Loaded shared library C:\Users\main\AppData\Roaming\Uef\Ultralight.dll
Event: 0.576 Loaded shared library C:\Users\main\AppData\Roaming\Uef\AppCore.dll
Event: 0.577 Loaded shared library C:\Users\main\IdeaProjects\java-uef\cbuild\Release\Uef.dll

Deoptimization events (20 events):
Event: 0.442 Thread 0x0000021f5a30ab80 DEOPT PACKING pc=0x0000021f6a386384 sp=0x000000de8e6fdb00
Event: 0.442 Thread 0x0000021f5a30ab80 DEOPT UNPACKING pc=0x0000021f69c246a2 sp=0x000000de8e6fdab0 mode 2
Event: 0.452 Thread 0x0000021f5a30ab80 DEOPT PACKING pc=0x0000021f627e7047 sp=0x000000de8e6f7dc0
Event: 0.452 Thread 0x0000021f5a30ab80 DEOPT UNPACKING pc=0x0000021f69c24e42 sp=0x000000de8e6f72c8 mode 0
Event: 0.494 Thread 0x0000021f5a30ab80 Uncommon trap: trap_request=0xffffffd6 fr.pc=0x0000021f6a38f908 relative=0x00000000000003c8
Event: 0.494 Thread 0x0000021f5a30ab80 Uncommon trap: reason=array_check action=maybe_recompile pc=0x0000021f6a38f908 method=java.util.LinkedHashMap.valuesToArray([Ljava/lang/Object;Z)[Ljava/lang/Object; @ 67 c2
Event: 0.494 Thread 0x0000021f5a30ab80 DEOPT PACKING pc=0x0000021f6a38f908 sp=0x000000de8e6fca20
Event: 0.494 Thread 0x0000021f5a30ab80 DEOPT UNPACKING pc=0x0000021f69c246a2 sp=0x000000de8e6fc9c0 mode 2
Event: 0.494 Thread 0x0000021f5a30ab80 Uncommon trap: trap_request=0xffffffd6 fr.pc=0x0000021f6a38f908 relative=0x00000000000003c8
Event: 0.494 Thread 0x0000021f5a30ab80 Uncommon trap: reason=array_check action=maybe_recompile pc=0x0000021f6a38f908 method=java.util.LinkedHashMap.valuesToArray([Ljava/lang/Object;Z)[Ljava/lang/Object; @ 67 c2
Event: 0.494 Thread 0x0000021f5a30ab80 DEOPT PACKING pc=0x0000021f6a38f908 sp=0x000000de8e6fc940
Event: 0.494 Thread 0x0000021f5a30ab80 DEOPT UNPACKING pc=0x0000021f69c246a2 sp=0x000000de8e6fc8e0 mode 2
Event: 0.494 Thread 0x0000021f5a30ab80 Uncommon trap: trap_request=0xffffffd6 fr.pc=0x0000021f6a38f908 relative=0x00000000000003c8
Event: 0.494 Thread 0x0000021f5a30ab80 Uncommon trap: reason=array_check action=maybe_recompile pc=0x0000021f6a38f908 method=java.util.LinkedHashMap.valuesToArray([Ljava/lang/Object;Z)[Ljava/lang/Object; @ 67 c2
Event: 0.494 Thread 0x0000021f5a30ab80 DEOPT PACKING pc=0x0000021f6a38f908 sp=0x000000de8e6fc940
Event: 0.494 Thread 0x0000021f5a30ab80 DEOPT UNPACKING pc=0x0000021f69c246a2 sp=0x000000de8e6fc8e0 mode 2
Event: 0.494 Thread 0x0000021f5a30ab80 Uncommon trap: trap_request=0xffffffd6 fr.pc=0x0000021f6a38f908 relative=0x00000000000003c8
Event: 0.494 Thread 0x0000021f5a30ab80 Uncommon trap: reason=array_check action=maybe_recompile pc=0x0000021f6a38f908 method=java.util.LinkedHashMap.valuesToArray([Ljava/lang/Object;Z)[Ljava/lang/Object; @ 67 c2
Event: 0.494 Thread 0x0000021f5a30ab80 DEOPT PACKING pc=0x0000021f6a38f908 sp=0x000000de8e6fc940
Event: 0.494 Thread 0x0000021f5a30ab80 DEOPT UNPACKING pc=0x0000021f69c246a2 sp=0x000000de8e6fc8e0 mode 2

Classes loaded (20 events):
Event: 0.563 Loading class sun/nio/fs/WindowsSecurityDescriptor
Event: 0.563 Loading class sun/nio/fs/WindowsSecurityDescriptor done
Event: 0.564 Loading class sun/nio/fs/WindowsException
Event: 0.564 Loading class sun/nio/fs/WindowsException done
Event: 0.564 Loading class java/nio/file/FileAlreadyExistsException
Event: 0.564 Loading class java/nio/file/FileSystemException
Event: 0.564 Loading class java/nio/file/FileSystemException done
Event: 0.565 Loading class java/nio/file/FileAlreadyExistsException done
Event: 0.565 Loading class java/nio/file/AccessMode
Event: 0.565 Loading class java/nio/file/AccessMode done
Event: 0.577 Loading class net/rk4z/juef/UefConfig
Event: 0.577 Loading class net/rk4z/juef/UefConfig done
Event: 0.578 Loading class net/rk4z/juef/FaceWinding
Event: 0.578 Loading class net/rk4z/juef/FaceWinding done
Event: 0.578 Loading class net/rk4z/juef/FontHinting
Event: 0.578 Loading class net/rk4z/juef/FontHinting done
Event: 0.578 Loading class net/rk4z/juef/UefSettings
Event: 0.578 Loading class net/rk4z/juef/UefSettings done
Event: 0.579 Loading class net/rk4z/juef/UefApp
Event: 0.579 Loading class net/rk4z/juef/UefApp done

Classes unloaded (0 events):
No events

Classes redefined (0 events):
No events

Internal exceptions (20 events):
Event: 0.313 Thread 0x0000021f5a30ab80 Exception <a 'java/lang/IncompatibleClassChangeError'{0x0000000442bd7630}: Found class java.lang.Object, but interface was expected> (0x0000000442bd7630) 
thrown [s\open\src\hotspot\share\interpreter\linkResolver.cpp, line 840]
Event: 0.321 Thread 0x0000021f5a30ab80 Exception <a 'java/lang/NoSuchMethodError'{0x0000000442c211a8}: 'java.lang.Object java.lang.invoke.DirectMethodHandle$Holder.newInvokeSpecial(java.lang.Object, java.lang.Object, java.lang.Object, java.lang.Object, java.lang.Object, java.lang.Object)'> (0x0000000442c211a8) 
thrown [s\open\src\hotspot\share\interpreter\linkResolver.cpp, line 773]
Event: 0.322 Thread 0x0000021f5a30ab80 Exception <a 'java/lang/NoSuchMethodError'{0x0000000442c2a200}: 'java.lang.Object java.lang.invoke.DirectMethodHandle$Holder.newInvokeSpecial(java.lang.Object, java.lang.Object, java.lang.Object, java.lang.Object, java.lang.Object, java.lang.Object, java.lang.Object)'> (0x0000000442c2a200) 
thrown [s\open\src\hotspot\share\interpreter\linkResolver.cpp, line 773]
Event: 0.351 Thread 0x0000021f5a30ab80 Exception <a 'java/lang/NoSuchMethodError'{0x0000000442d9ae40}: 'java.lang.Object java.lang.invoke.DirectMethodHandle$Holder.invokeVirtual(java.lang.Object, java.lang.Object, java.lang.Object)'> (0x0000000442d9ae40) 
thrown [s\open\src\hotspot\share\interpreter\linkResolver.cpp, line 773]
Event: 0.356 Thread 0x0000021f5a30ab80 Exception <a 'java/lang/NoSuchMethodError'{0x0000000442dfdfd0}: 'int java.lang.invoke.DirectMethodHandle$Holder.invokeStatic(java.lang.Object)'> (0x0000000442dfdfd0) 
thrown [s\open\src\hotspot\share\interpreter\linkResolver.cpp, line 773]
Event: 0.357 Thread 0x0000021f5a30ab80 Exception <a 'java/lang/NoSuchMethodError'{0x0000000442e013d8}: 'int java.lang.invoke.DirectMethodHandle$Holder.invokeStaticInit(java.lang.Object)'> (0x0000000442e013d8) 
thrown [s\open\src\hotspot\share\interpreter\linkResolver.cpp, line 773]
Event: 0.390 Thread 0x0000021f5a30ab80 Exception <a 'java/lang/NoSuchMethodError'{0x0000000442fb0130}: 'void java.lang.invoke.DirectMethodHandle$Holder.invokeStatic(java.lang.Object, java.lang.Object, java.lang.Object, java.lang.Object)'> (0x0000000442fb0130) 
thrown [s\open\src\hotspot\share\interpreter\linkResolver.cpp, line 773]
Event: 0.390 Thread 0x0000021f5a30ab80 Exception <a 'java/lang/NoSuchMethodError'{0x0000000442fb3958}: 'void java.lang.invoke.DirectMethodHandle$Holder.invokeStaticInit(java.lang.Object, java.lang.Object, java.lang.Object, java.lang.Object)'> (0x0000000442fb3958) 
thrown [s\open\src\hotspot\share\interpreter\linkResolver.cpp, line 773]
Event: 0.392 Thread 0x0000021f5a30ab80 Exception <a 'java/lang/NoSuchMethodError'{0x0000000442fdacc8}: 'void java.lang.invoke.DirectMethodHandle$Holder.invokeStaticInit(java.lang.Object, java.lang.Object, java.lang.Object)'> (0x0000000442fdacc8) 
thrown [s\open\src\hotspot\share\interpreter\linkResolver.cpp, line 773]
Event: 0.394 Thread 0x0000021f5a30ab80 Exception <a 'java/lang/NoSuchMethodError'{0x0000000442ff55a0}: 'int java.lang.invoke.DirectMethodHandle$Holder.invokeStaticInit(java.lang.Object, java.lang.Object, java.lang.Object)'> (0x0000000442ff55a0) 
thrown [s\open\src\hotspot\share\interpreter\linkResolver.cpp, line 773]
Event: 0.398 Thread 0x0000021f5a30ab80 Exception <a 'java/lang/NoSuchMethodError'{0x000000044202fcf0}: 'java.lang.Object java.lang.invoke.DirectMethodHandle$Holder.invokeStatic(java.lang.Object, java.lang.Object, int)'> (0x000000044202fcf0) 
thrown [s\open\src\hotspot\share\interpreter\linkResolver.cpp, line 773]
Event: 0.399 Thread 0x0000021f5a30ab80 Exception <a 'java/lang/NoSuchMethodError'{0x000000044203ae00}: 'void java.lang.invoke.DelegatingMethodHandle$Holder.delegate(java.lang.Object, java.lang.Object, int, java.lang.Object)'> (0x000000044203ae00) 
thrown [s\open\src\hotspot\share\interpreter\linkResolver.cpp, line 773]
Event: 0.399 Thread 0x0000021f5a30ab80 Exception <a 'java/lang/NoSuchMethodError'{0x000000044203ea90}: 'int java.lang.invoke.DirectMethodHandle$Holder.invokeSpecial(java.lang.Object, java.lang.Object, java.lang.Object)'> (0x000000044203ea90) 
thrown [s\open\src\hotspot\share\interpreter\linkResolver.cpp, line 773]
Event: 0.415 Thread 0x0000021f5a30ab80 Exception <a 'java/lang/NoSuchMethodError'{0x0000000442127790}: 'java.lang.Object java.lang.invoke.DirectMethodHandle$Holder.newInvokeSpecial(java.lang.Object, long, int, java.lang.Object)'> (0x0000000442127790) 
thrown [s\open\src\hotspot\share\interpreter\linkResolver.cpp, line 773]
Event: 0.422 Thread 0x0000021f5a30ab80 Exception <a 'java/lang/NoSuchMethodError'{0x00000004421b59a0}: 'java.lang.Object java.lang.invoke.DirectMethodHandle$Holder.invokeVirtual(java.lang.Object, java.lang.Object, java.lang.Object, java.lang.Object)'> (0x00000004421b59a0) 
thrown [s\open\src\hotspot\share\interpreter\linkResolver.cpp, line 773]
Event: 0.564 Thread 0x0000021f5a30ab80 Exception <a 'sun/nio/fs/WindowsException'{0x0000000441aaa3c8}> (0x0000000441aaa3c8) 
thrown [s\open\src\hotspot\share\prims\jni.cpp, line 520]
Event: 0.565 Thread 0x0000021f5a30ab80 Exception <a 'sun/nio/fs/WindowsException'{0x0000000441aabd28}> (0x0000000441aabd28) 
thrown [s\open\src\hotspot\share\prims\jni.cpp, line 520]
Event: 0.566 Thread 0x0000021f5a30ab80 Exception <a 'sun/nio/fs/WindowsException'{0x0000000441aac610}> (0x0000000441aac610) 
thrown [s\open\src\hotspot\share\prims\jni.cpp, line 520]
Event: 0.566 Thread 0x0000021f5a30ab80 Exception <a 'sun/nio/fs/WindowsException'{0x0000000441aacef8}> (0x0000000441aacef8) 
thrown [s\open\src\hotspot\share\prims\jni.cpp, line 520]
Event: 0.566 Thread 0x0000021f5a30ab80 Exception <a 'sun/nio/fs/WindowsException'{0x0000000441aad850}> (0x0000000441aad850) 
thrown [s\open\src\hotspot\share\prims\jni.cpp, line 520]

ZGC Phase Switch (0 events):
No events

VM Operations (12 events):
Event: 0.073 Executing VM operation: ChangeBreakpoints
Event: 0.073 Executing VM operation: ChangeBreakpoints done
Event: 0.073 Executing VM operation: ChangeBreakpoints
Event: 0.073 Executing VM operation: ChangeBreakpoints done
Event: 0.089 Executing VM operation: HandshakeAllThreads (Deoptimize)
Event: 0.089 Executing VM operation: HandshakeAllThreads (Deoptimize) done
Event: 0.360 Executing VM operation: HandshakeAllThreads (Deoptimize)
Event: 0.360 Executing VM operation: HandshakeAllThreads (Deoptimize) done
Event: 0.388 Executing VM operation: ICBufferFull
Event: 0.388 Executing VM operation: ICBufferFull done
Event: 0.398 Executing VM operation: HandshakeAllThreads (Deoptimize)
Event: 0.398 Executing VM operation: HandshakeAllThreads (Deoptimize) done

Events (19 events):
Event: 0.018 Thread 0x0000021f5a30ab80 Thread added: 0x0000021f5a30ab80
Event: 0.029 Thread 0x0000021f721e8220 Thread added: 0x0000021f721e8220
Event: 0.029 Thread 0x0000021f721e91f0 Thread added: 0x0000021f721e91f0
Event: 0.029 Thread 0x0000021f721eb170 Thread added: 0x0000021f721eb170
Event: 0.029 Thread 0x0000021f721ede10 Thread added: 0x0000021f721ede10
Event: 0.029 Thread 0x0000021f721ef160 Thread added: 0x0000021f721ef160
Event: 0.029 Thread 0x0000021f721f1470 Thread added: 0x0000021f721f1470
Event: 0.029 Thread 0x0000021f721f23b0 Thread added: 0x0000021f721f23b0
Event: 0.029 Thread 0x0000021f721f30b0 Thread added: 0x0000021f721f30b0
Event: 0.031 Thread 0x0000021f510ef960 Thread added: 0x0000021f510ef960
Event: 0.044 Thread 0x0000021f511ed3c0 Thread added: 0x0000021f511ed3c0
Event: 0.048 Thread 0x0000021f511f2260 Thread added: 0x0000021f511f2260
Event: 0.048 Thread 0x0000021f511f2c80 Thread added: 0x0000021f511f2c80
Event: 0.052 Thread 0x0000021f51226760 Thread added: 0x0000021f51226760
Event: 0.057 Thread 0x0000021f5129f890 Thread added: 0x0000021f5129f890
Event: 0.057 Thread 0x0000021f512a0750 Thread added: 0x0000021f512a0750
Event: 0.057 Thread 0x0000021f512b5e70 Thread added: 0x0000021f512b5e70
Event: 0.085 Thread 0x0000021f51349f90 Thread added: 0x0000021f51349f90
Event: 0.178 Thread 0x0000021f515e4890 Thread added: 0x0000021f515e4890


Dynamic libraries:
0x00007ff7c6e20000 - 0x00007ff7c6e30000 	C:\Program Files\Java\jdk-21\bin\java.exe
0x00007ff9fd750000 - 0x00007ff9fd967000 	C:\Windows\SYSTEM32\ntdll.dll
0x00007ff9fd230000 - 0x00007ff9fd2f4000 	C:\Windows\System32\KERNEL32.DLL
0x00007ff9fada0000 - 0x00007ff9fb14d000 	C:\Windows\System32\KERNELBASE.dll
0x00007ff9faaa0000 - 0x00007ff9fabb1000 	C:\Windows\System32\ucrtbase.dll
0x00007ff9c94b0000 - 0x00007ff9c94cb000 	C:\Program Files\Java\jdk-21\bin\VCRUNTIME140.dll
0x00007ff9c9ac0000 - 0x00007ff9c9ad9000 	C:\Program Files\Java\jdk-21\bin\jli.dll
0x00007ff9fb480000 - 0x00007ff9fb532000 	C:\Windows\System32\ADVAPI32.dll
0x00007ff9fd660000 - 0x00007ff9fd707000 	C:\Windows\System32\msvcrt.dll
0x00007ff9fc9b0000 - 0x00007ff9fca59000 	C:\Windows\System32\sechost.dll
0x00007ff9faa70000 - 0x00007ff9faa98000 	C:\Windows\System32\bcrypt.dll
0x00007ff9fca60000 - 0x00007ff9fcb74000 	C:\Windows\System32\RPCRT4.dll
0x00007ff9fc7f0000 - 0x00007ff9fc99e000 	C:\Windows\System32\USER32.dll
0x00007ff9fb450000 - 0x00007ff9fb476000 	C:\Windows\System32\win32u.dll
0x00007ff9ebb70000 - 0x00007ff9ebe03000 	C:\Windows\WinSxS\amd64_microsoft.windows.common-controls_6595b64144ccf1df_6.0.22621.3672_none_2713b9d173822955\COMCTL32.dll
0x00007ff9fd580000 - 0x00007ff9fd5a9000 	C:\Windows\System32\GDI32.dll
0x00007ff9fabc0000 - 0x00007ff9facd9000 	C:\Windows\System32\gdi32full.dll
0x00007ff9fb150000 - 0x00007ff9fb1ea000 	C:\Windows\System32\msvcp_win.dll
0x00007ff9f1d20000 - 0x00007ff9f1d2a000 	C:\Windows\SYSTEM32\VERSION.dll
0x00007ff9fc5f0000 - 0x00007ff9fc621000 	C:\Windows\System32\IMM32.DLL
0x00007ff9cb2a0000 - 0x00007ff9cb2ac000 	C:\Program Files\Java\jdk-21\bin\vcruntime140_1.dll
0x00007ff9c26b0000 - 0x00007ff9c273e000 	C:\Program Files\Java\jdk-21\bin\msvcp140.dll
0x00007ff955ea0000 - 0x00007ff956bad000 	C:\Program Files\Java\jdk-21\bin\server\jvm.dll
0x00007ff9fd000000 - 0x00007ff9fd071000 	C:\Windows\System32\WS2_32.dll
0x00007ff9f98c0000 - 0x00007ff9f990d000 	C:\Windows\SYSTEM32\POWRPROF.dll
0x00007ff9f39d0000 - 0x00007ff9f3a04000 	C:\Windows\SYSTEM32\WINMM.dll
0x00007ff9f98a0000 - 0x00007ff9f98b3000 	C:\Windows\SYSTEM32\UMPDC.dll
0x00007ff9f9af0000 - 0x00007ff9f9b08000 	C:\Windows\SYSTEM32\kernel.appcore.dll
0x00007ff9c9930000 - 0x00007ff9c993a000 	C:\Program Files\Java\jdk-21\bin\jimage.dll
0x00007ff9f80a0000 - 0x00007ff9f82d2000 	C:\Windows\SYSTEM32\DBGHELP.DLL
0x00007ff9fc260000 - 0x00007ff9fc5ed000 	C:\Windows\System32\combase.dll
0x00007ff9fc710000 - 0x00007ff9fc7e7000 	C:\Windows\System32\OLEAUT32.dll
0x00007ff9cf970000 - 0x00007ff9cf9a2000 	C:\Windows\SYSTEM32\dbgcore.DLL
0x00007ff9fb3d0000 - 0x00007ff9fb44b000 	C:\Windows\System32\bcryptPrimitives.dll
0x00007ff9d0080000 - 0x00007ff9d00bc000 	C:\Program Files\Java\jdk-21\bin\jdwp.dll
0x00007ff9c93d0000 - 0x00007ff9c93df000 	C:\Program Files\Java\jdk-21\bin\instrument.dll
0x00007ff9c93b0000 - 0x00007ff9c93cf000 	C:\Program Files\Java\jdk-21\bin\java.dll
0x00007ff9c8470000 - 0x00007ff9c8488000 	C:\Program Files\Java\jdk-21\bin\zip.dll
0x00007ff9fb910000 - 0x00007ff9fc178000 	C:\Windows\System32\SHELL32.dll
0x00007ff9f8980000 - 0x00007ff9f927e000 	C:\Windows\SYSTEM32\windows.storage.dll
0x00007ff9f8840000 - 0x00007ff9f897f000 	C:\Windows\SYSTEM32\wintypes.dll
0x00007ff9fd300000 - 0x00007ff9fd3f9000 	C:\Windows\System32\SHCORE.dll
0x00007ff9fc180000 - 0x00007ff9fc1de000 	C:\Windows\System32\shlwapi.dll
0x00007ff9fa9a0000 - 0x00007ff9fa9c1000 	C:\Windows\SYSTEM32\profapi.dll
0x00007ff9a5c20000 - 0x00007ff9a5cf7000 	C:\Program Files\Java\jdk-21\bin\jsvml.dll
0x00007ff9f3dd0000 - 0x00007ff9f3ddc000 	C:\Program Files\Java\jdk-21\bin\dt_socket.dll
0x00007ff9f9550000 - 0x00007ff9f957d000 	C:\Windows\SYSTEM32\IPHLPAPI.DLL
0x00007ff9f9fc0000 - 0x00007ff9fa029000 	C:\Windows\system32\mswsock.dll
0x00007ff9c26a0000 - 0x00007ff9c26b0000 	C:\Program Files\Java\jdk-21\bin\net.dll
0x00007ff9f5c70000 - 0x00007ff9f5da6000 	C:\Windows\SYSTEM32\WINHTTP.dll
0x00007ff9c2680000 - 0x00007ff9c2696000 	C:\Program Files\Java\jdk-21\bin\nio.dll
0x00007ff9ebeb0000 - 0x00007ff9ebec7000 	C:\Windows\system32\napinsp.dll
0x00007ff9ebe90000 - 0x00007ff9ebeab000 	C:\Windows\system32\pnrpnsp.dll
0x00007ff9f95c0000 - 0x00007ff9f96b8000 	C:\Windows\SYSTEM32\DNSAPI.dll
0x00007ff9fc6e0000 - 0x00007ff9fc6e9000 	C:\Windows\System32\NSI.dll
0x00007ff9ebe70000 - 0x00007ff9ebe81000 	C:\Windows\System32\winrnr.dll
0x00007ff9cb520000 - 0x00007ff9cb535000 	C:\Windows\system32\wshbth.dll
0x00007ff9ebe40000 - 0x00007ff9ebe67000 	C:\Windows\system32\nlansp_c.dll
0x00007ff9e1b90000 - 0x00007ff9e1b9a000 	C:\Windows\System32\rasadhlp.dll
0x00007ff9f41c0000 - 0x00007ff9f4243000 	C:\Windows\System32\fwpuclnt.dll
0x00007ff9a1540000 - 0x00007ff9a1780000 	C:\Users\main\AppData\Roaming\Uef\UltralightCore.dll
0x00007ff937490000 - 0x00007ff93a53d000 	C:\Users\main\AppData\Roaming\Uef\WebCore.dll
0x00007ff9fb260000 - 0x00007ff9fb3c7000 	C:\Windows\System32\CRYPT32.dll
0x00007ff9b4670000 - 0x00007ff9b46e3000 	C:\Users\main\AppData\Roaming\Uef\Ultralight.dll
0x00007ff9b47c0000 - 0x00007ff9b47fe000 	C:\Users\main\AppData\Roaming\Uef\AppCore.dll
0x00007ff9fd080000 - 0x00007ff9fd225000 	C:\Windows\System32\ole32.dll
0x00007ff9f8300000 - 0x00007ff9f8557000 	C:\Windows\SYSTEM32\d3d11.dll
0x00007ff9f48f0000 - 0x00007ff9f4cd6000 	C:\Windows\SYSTEM32\D3DCOMPILER_47.dll
0x00007ff9f7a80000 - 0x00007ff9f7cf3000 	C:\Windows\SYSTEM32\DWrite.dll
0x00007ff9f8560000 - 0x00007ff9f8657000 	C:\Windows\SYSTEM32\dxgi.dll
0x00007ff9fa1f0000 - 0x00007ff9fa20b000 	C:\Windows\SYSTEM32\CRYPTSP.dll
0x00007ff9d0070000 - 0x00007ff9d0079000 	C:\Users\main\IdeaProjects\java-uef\cbuild\Release\Uef.dll
0x00007ff9f7450000 - 0x00007ff9f7487000 	C:\Windows\SYSTEM32\dxcore.dll
0x00007ff9f3e20000 - 0x00007ff9f3e69000 	C:\Windows\SYSTEM32\directxdatabasehelper.dll
0x00007ff9fa700000 - 0x00007ff9fa712000 	C:\Windows\SYSTEM32\msasn1.dll
0x00007ff9f1ce0000 - 0x00007ff9f1d12000 	C:\Windows\SYSTEM32\cryptnet.dll
0x00007ff9f14e0000 - 0x00007ff9f1642000 	C:\Windows\SYSTEM32\drvstore.dll
0x00007ff9fa720000 - 0x00007ff9fa74c000 	C:\Windows\SYSTEM32\devobj.dll
0x00007ff9fa750000 - 0x00007ff9fa79e000 	C:\Windows\SYSTEM32\cfgmgr32.dll
0x00007ff9fa310000 - 0x00007ff9fa359000 	C:\Windows\SYSTEM32\wldp.dll
0x00007ff9fa210000 - 0x00007ff9fa21c000 	C:\Windows\SYSTEM32\cryptbase.dll
0x00007ff9fb1f0000 - 0x00007ff9fb25b000 	C:\Windows\System32\wintrust.dll
0x00007ff9fc240000 - 0x00007ff9fc25f000 	C:\Windows\System32\imagehlp.dll
0x00007ff9f9ab0000 - 0x00007ff9f9ae5000 	C:\Windows\system32\rsaenh.dll
0x00007ff9bedd0000 - 0x00007ff9c0fee000 	C:\Windows\System32\DriverStore\FileRepository\nvcvig.inf_amd64_1b154e8b0df3879e\nvgpucomp64.dll
0x00007ff994fd0000 - 0x00007ff9952a0000 	C:\Windows\system32\nvspcap64.dll
0x00007ff9f9b70000 - 0x00007ff9f9ba4000 	C:\Windows\SYSTEM32\ntmarta.dll
0x00007ff9f70c0000 - 0x00007ff9f7170000 	C:\Windows\system32\uxtheme.dll

dbghelp: loaded successfully - version: 4.0.5 - missing functions: none
symbol engine: initialized successfully - sym options: 0x614 - pdb path: .;C:\Program Files\Java\jdk-21\bin;C:\Windows\SYSTEM32;C:\Windows\WinSxS\amd64_microsoft.windows.common-controls_6595b64144ccf1df_6.0.22621.3672_none_2713b9d173822955;C:\Program Files\Java\jdk-21\bin\server;C:\Users\main\AppData\Roaming\Uef;C:\Users\main\IdeaProjects\java-uef\cbuild\Release;C:\Windows\System32\DriverStore\FileRepository\nvcvig.inf_amd64_1b154e8b0df3879e

VM Arguments:
jvm_args: -Ddebugger.agent.enable.coroutines=true -Dkotlinx.coroutines.debug.enable.creation.stack.trace=false -agentlib:jdwp=transport=dt_socket,server=n,suspend=y,address=127.0.0.1:58648 -javaagent:C:\Users\main\AppData\Local\JetBrains\IntelliJIdea2024.2\captureAgent\debugger-agent.jar=file:/C:/Users/main/AppData/Local/Temp/capture.props -Dfile.encoding=UTF-8 -Duser.country=JP -Duser.language=ja -Duser.variant 
java_command: net.rk4z.test.Main
java_class_path (initial): C:\Users\main\IdeaProjects\java-uef\build\classes\java\test;C:\Users\main\IdeaProjects\java-uef\build\classes\kotlin\test;C:\Users\main\IdeaProjects\java-uef\build\resources\test;C:\Users\main\IdeaProjects\java-uef\build\classes\java\main;C:\Users\main\IdeaProjects\java-uef\build\classes\kotlin\main;C:\Users\main\IdeaProjects\java-uef\build\resources\main;C:\Users\main\.gradle\caches\modules-2\files-2.1\org.jetbrains.kotlin\kotlin-stdlib\2.0.20\7388d355f7cceb002cd387ccb7ab3850e4e0a07f\kotlin-stdlib-2.0.20.jar;C:\Users\main\.gradle\caches\modules-2\files-2.1\org.apache.logging.log4j\log4j-slf4j2-impl\3.0.0-beta2\30889fe7602c02c54fd11826bbc2af5fdbfedf6a\log4j-slf4j2-impl-3.0.0-beta2.jar;C:\Users\main\.gradle\caches\modules-2\files-2.1\org.slf4j\slf4j-api\2.1.0-alpha1\4e2525fc4327cc553c52e3937427c7cf2114735f\slf4j-api-2.1.0-alpha1.jar;C:\Users\main\.gradle\caches\modules-2\files-2.1\org.jetbrains\annotations\13.0\919f0dfe192fb4e063e7dacadee7f8bb9a2672a9\annotations-13.0.jar;C:\Users\main\.gradle\caches\modules-2\files-2.1\org.apache.logging.log4j\log4j-core\3.0.0-beta2\49714119d6a0f3731d080381f5ddcd61fab27fc3\log4j-core-3.0.0-beta2.jar;C:\Users\main\.gradle\caches\modules-2\files-2.1\org.apache.logging.log4j\log4j-plugins\3.0.0-beta2\dc24089857163f36a6f3adb8b9036628def859c4\log4j-plugins-3.0.0-beta2.jar;C:\Users\main\.gradle\caches\modules-2\files-2.1\org.apache.logging.log4j\log4j-api\3.0.0-beta2\3df0cf119d50a1840f39e3dd75dbceebb46079f2\log4j-api-3.0.0-beta2.jar
Launcher Type: SUN_STANDARD

[Global flags]
     intx CICompilerCount                          = 12                                        {product} {ergonomic}
     uint ConcGCThreads                            = 3                                         {product} {ergonomic}
     uint G1ConcRefinementThreads                  = 13                                        {product} {ergonomic}
   size_t G1HeapRegionSize                         = 8388608                                   {product} {ergonomic}
    uintx GCDrainStackTargetSize                   = 64                                        {product} {ergonomic}
   size_t InitialHeapSize                          = 1073741824                                {product} {ergonomic}
   size_t MarkStackSize                            = 4194304                                   {product} {ergonomic}
   size_t MaxHeapSize                              = 17112760320                               {product} {ergonomic}
   size_t MaxNewSize                               = 10267656192                               {product} {ergonomic}
   size_t MinHeapDeltaBytes                        = 8388608                                   {product} {ergonomic}
   size_t MinHeapSize                              = 8388608                                   {product} {ergonomic}
    uintx NonNMethodCodeHeapSize                   = 7602480                                {pd product} {ergonomic}
    uintx NonProfiledCodeHeapSize                  = 122027880                              {pd product} {ergonomic}
    uintx ProfiledCodeHeapSize                     = 122027880                              {pd product} {ergonomic}
    uintx ReservedCodeCacheSize                    = 251658240                              {pd product} {ergonomic}
     bool SegmentedCodeCache                       = true                                      {product} {ergonomic}
   size_t SoftMaxHeapSize                          = 17112760320                            {manageable} {ergonomic}
     bool UseCompressedOops                        = true                           {product lp64_product} {ergonomic}
     bool UseG1GC                                  = true                                      {product} {ergonomic}
     bool UseLargePagesIndividualAllocation        = false                                  {pd product} {ergonomic}

Logging:
Log output configuration:
 #0: stdout all=warning uptime,level,tags foldmultilines=false
 #1: stderr all=off uptime,level,tags foldmultilines=false

Environment Variables:
PATH=C:\Python312\Scripts\;C:\Python312\;C:\Program Files\Smart Projects\IsoBuster;C:\Program Files\Common Files\Oracle\Java\javapath;C:\Program Files (x86)\Common Files\Oracle\Java\java8path;C:\Program Files (x86)\Common Files\Oracle\Java\javapath;C:\Windows\system32;C:\Windows;C:\Windows\System32\Wbem;C:\Windows\System32\WindowsPowerShell\v1.0\;C:\Windows\System32\OpenSSH\;C:\Program Files (x86)\NVIDIA Corporation\PhysX\Common;C:\Program Files\NVIDIA Corporation\NVIDIA NvDLISR;C:\Program Files\Git\cmd;C:\Program Files\nodejs\;C:\ProgramData\chocolatey\bin;C:\Program Files\CMake\bin;C:\Program Files\ninja;C:\Program Files (x86)\cloudflared\;C:\Program Files\Cloudflare\Cloudflare WARP\;C:\Windows\SysWOW64;C:\PHP;C:\ProgramData\ComposerSetup\bin;C:\Users\main\.cargo\bin;C:\Users\main\AppData\Local\Microsoft\WindowsApps;C:\Users\main\AppData\Local\JetBrains\Toolbox\scripts;C:\Users\main\AppData\Roaming\npm;C:\Users\main\AppData\Roaming\Programs\Zero Install;C:\Users\main\AppData\Roaming\Composer\vendor\bin
USERNAME=main
OS=Windows_NT
PROCESSOR_IDENTIFIER=Intel64 Family 6 Model 154 Stepping 3, GenuineIntel
TMP=C:\Users\main\AppData\Local\Temp
TEMP=C:\Users\main\AppData\Local\Temp




Periodic native trim disabled

---------------  S Y S T E M  ---------------

OS:
 Windows 11 , 64 bit Build 22621 (10.0.22621.3958)
OS uptime: 0 days 5:57 hours
Hyper-V role detected

CPU: total 16 (initial active 16) (8 cores per cpu, 2 threads per core) family 6 model 154 stepping 3 microcode 0x41e, cx8, cmov, fxsr, ht, mmx, 3dnowpref, sse, sse2, sse3, ssse3, sse4.1, sse4.2, popcnt, lzcnt, tsc, tscinvbit, avx, avx2, aes, erms, clmul, bmi1, bmi2, adx, sha, fma, vzeroupper, clflush, clflushopt, clwb, hv, serialize, rdtscp, rdpid, fsrm, f16c, cet_ibt, cet_ss
Processor Information for processor 0
  Max Mhz: 2500, Current Mhz: 2500, Mhz Limit: 2500
Processor Information for processor 1
  Max Mhz: 2500, Current Mhz: 2500, Mhz Limit: 2500
Processor Information for processor 2
  Max Mhz: 2500, Current Mhz: 2500, Mhz Limit: 2500
Processor Information for processor 3
  Max Mhz: 2500, Current Mhz: 2500, Mhz Limit: 2500
Processor Information for processor 4
  Max Mhz: 2500, Current Mhz: 2500, Mhz Limit: 2500
Processor Information for processor 5
  Max Mhz: 2500, Current Mhz: 2500, Mhz Limit: 2500
Processor Information for processor 6
  Max Mhz: 2500, Current Mhz: 2500, Mhz Limit: 2500
Processor Information for processor 7
  Max Mhz: 2500, Current Mhz: 2500, Mhz Limit: 2500
Processor Information for processor 8
  Max Mhz: 2500, Current Mhz: 1800, Mhz Limit: 1800
Processor Information for processor 9
  Max Mhz: 2500, Current Mhz: 1800, Mhz Limit: 1800
Processor Information for processor 10
  Max Mhz: 2500, Current Mhz: 1800, Mhz Limit: 1800
Processor Information for processor 11
  Max Mhz: 2500, Current Mhz: 1800, Mhz Limit: 1800
Processor Information for processor 12
  Max Mhz: 2500, Current Mhz: 1800, Mhz Limit: 1800
Processor Information for processor 13
  Max Mhz: 2500, Current Mhz: 1800, Mhz Limit: 1800
Processor Information for processor 14
  Max Mhz: 2500, Current Mhz: 1800, Mhz Limit: 1800
Processor Information for processor 15
  Max Mhz: 2500, Current Mhz: 1800, Mhz Limit: 1800

Memory: 4k page, system-wide physical 65256M (41932M free)
TotalPageFile size 69352M (AvailPageFile size 45973M)
current process WorkingSet (physical memory assigned to process): 108M, peak: 114M
current process commit charge ("private bytes"): 1210M, peak: 1228M

vm_info: Java HotSpot(TM) 64-Bit Server VM (21.0.3+7-LTS-152) for windows-amd64 JRE (21.0.3+7-LTS-152), built on 2024-03-11T17:42:26Z by "mach5one" with MS VC++ 17.6 (VS2022)

END.
