#
# A fatal error has been detected by the Java Runtime Environment:
#
#  EXCEPTION_ACCESS_VIOLATION (0xc0000005) at pc=0x00007ff9a4b1df07, pid=26404, tid=2228
#
# JRE version: Java(TM) SE Runtime Environment (21.0.3+7) (build 21.0.3+7-LTS-152)
# Java VM: Java HotSpot(TM) 64-Bit Server VM (21.0.3+7-LTS-152, mixed mode, sharing, tiered, compressed oops, compressed class ptrs, g1 gc, windows-amd64)
# Problematic frame:
# C  [AppCore.dll+0xdf07]
#
# No core dump will be written. Minidumps are not enabled by default on client versions of Windows
#
# If you would like to submit a bug report, please visit:
#   https://bugreport.java.com/bugreport/crash.jsp
# The crash happened outside the Java Virtual Machine in native code.
# See problematic frame for where to report the bug.
#

---------------  S U M M A R Y ------------

Command Line: -Dfile.encoding=UTF-8 -Duser.country=JP -Duser.language=ja -Duser.variant net.rk4z.test.Main

Host: 12th Gen Intel(R) Core(TM) i5-12500H, 16 cores, 63G,  Windows 11 , 64 bit Build 22621 (10.0.22621.3958)
Time: Mon Sep  9 09:07:10 2024  Windows 11 , 64 bit Build 22621 (10.0.22621.3958) elapsed time: 0.857202 seconds (0d 0h 0m 0s)

---------------  T H R E A D  ---------------

Current thread (0x000002ccbf28a440):  JavaThread "main"             [_thread_in_native, id=2228, stack(0x000000f565400000,0x000000f565500000) (1024K)]

Stack: [0x000000f565400000,0x000000f565500000],  sp=0x000000f5654feed0,  free space=1019k
Native frames: (J=compiled Java code, j=interpreted, Vv=VM code, C=native code)
C  [AppCore.dll+0xdf07]

Java frames: (J=compiled Java code, j=interpreted, Vv=VM code)
j  net.rk4z.juef.UefApp.run()V+0
j  net.rk4z.test.Main.main([Ljava/lang/String;)V+136
v  ~StubRoutines::call_stub 0x000002ccd051100d

siginfo: EXCEPTION_ACCESS_VIOLATION (0xc0000005), reading address 0xffffffffffffffff


Registers:
RAX=0x00007ff93537bae8, RBX=0x0000000000000000, RCX=0x000002cd3634d0a0, RDX=0x0000000000000000
RSP=0x000000f5654feed0, RBP=0x000000f5654fefd0, RSI=0x00000000014402d6, RDI=0x0000000000000000
R8 =0x0000000000000000, R9 =0x0000000000000000, R10=0x0000000000000000, R11=0x0000000000000246
R12=0x00000000002805fc, R13=0x0000000000000000, R14=0x0000000000000200, R15=0x0000000000000000
RIP=0x00007ff9a4b1df07, EFLAGS=0x0000000000010246


Register to memory mapping:

RAX=0x00007ff93537bae8 UltralightCore.dll
RBX=0x0 is null
RCX=0x000002cd3634d0a0 points into unknown readable memory: 0x00007ff93537bae8 | e8 ba 37 35 f9 7f 00 00
RDX=0x0 is null
RSP=0x000000f5654feed0 is pointing into the stack for thread: 0x000002ccbf28a440
RBP=0x000000f5654fefd0 is pointing into the stack for thread: 0x000002ccbf28a440
RSI=0x00000000014402d6 is an unknown value
RDI=0x0 is null
R8 =0x0 is null
R9 =0x0 is null
R10=0x0 is null
R11=0x0000000000000246 is an unknown value
R12=0x00000000002805fc is an unknown value
R13=0x0 is null
R14=0x0000000000000200 is an unknown value
R15=0x0 is null

Top of Stack: (sp=0x000000f5654feed0)
0x000000f5654feed0:   0000000000000000 00000000014402d6
0x000000f5654feee0:   0000000000000000 00007ff9fae09c6e
0x000000f5654feef0:   0000000000000001 00007ff9f8594ad8
0x000000f5654fef00:   000000f5654ff0d8 000000f5654fef20
0x000000f5654fef10:   0000000000000001 0000000000000000
0x000000f5654fef20:   0000000000030000 00007ff9fc817958
0x000000f5654fef30:   000000f5654ff0b8 00007ff9fd778ae3
0x000000f5654fef40:   000000f564f75000 00007ff9c3e22e4a
0x000000f5654fef50:   0000000000000048 0000000000000018
0x000000f5654fef60:   0000000000000000 0000000000000000
0x000000f5654fef70:   0000000000000070 0000c316afe1ffca
0x000000f5654fef80:   0000000000000000 0000000000000000
0x000000f5654fef90:   0000000000000000 0000000000000200
0x000000f5654fefa0:   000000f5654ff0d8 0000000000000001
0x000000f5654fefb0:   000000f5654ff0b8 00007ff9fc8149ef
0x000000f5654fefc0:   00006d45f3e403fc 00007ff9fc807f9c
0x000000f5654fefd0:   971e40ad908f5824 2abcb1e9f8abb63f
0x000000f5654fefe0:   0000000000000000 0000000000000200
0x000000f5654feff0:   0000000000000000 0000000000000001
0x000000f5654ff000:   0000000080000022 0000000000000000
0x000000f5654ff010:   0000000000000000 00007ff9fc8082e1
0x000000f5654ff020:   000000f5654ff108 00007ff9fc8130e5
0x000000f5654ff030:   0000000000000000 0000000080000022
0x000000f5654ff040:   000000f5654ff0d8 00007ff9fc886000
0x000000f5654ff050:   0000000000000000 00007ff9fd7f3fe4
0x000000f5654ff060:   0000000000000000 0000000000000000
0x000000f5654ff070:   0000000100000000 0000000080000022
0x000000f5654ff080:   000000f500000000 0000000000000000
0x000000f5654ff090:   0000000000000000 0000001200000050
0x000000f5654ff0a0:   00007ff9fb4514d4 000000f5654ff118
0x000000f5654ff0b0:   000000f5654ff0e8 0000000000030000
0x000000f5654ff0c0:   0000000000000001 00007ff9f8594950 

Instructions: (pc=0x00007ff9a4b1df07)
0x00007ff9a4b1de07:   8d 4c 24 40 ff 15 8f 86 00 00 90 4c 8b 43 18 48
0x00007ff9a4b1de17:   8b d0 48 8d 4b 18 41 ff 50 38 90 48 8d 4c 24 40
0x00007ff9a4b1de27:   ff 15 6b 86 00 00 33 c0 e9 19 05 00 00 ba eb ff
0x00007ff9a4b1de37:   ff ff ff 15 61 85 00 00 80 78 0e 00 0f 85 82 00
0x00007ff9a4b1de47:   00 00 c7 45 88 18 00 00 00 0f 57 c0 33 c0 0f 11
0x00007ff9a4b1de57:   45 8c 89 45 9c 8d 50 eb 49 8b cc ff 15 38 85 00
0x00007ff9a4b1de67:   00 0f 10 45 88 0f 11 40 10 f2 0f 10 4d 98 f2 0f
0x00007ff9a4b1de77:   11 48 20 ba eb ff ff ff 49 8b cc ff 15 18 85 00
0x00007ff9a4b1de87:   00 c7 40 14 02 00 00 00 ba eb ff ff ff 49 8b cc
0x00007ff9a4b1de97:   ff 15 03 85 00 00 4c 89 60 18 ba eb ff ff ff 49
0x00007ff9a4b1dea7:   8b cc ff 15 f1 84 00 00 48 8d 48 10 ff 15 97 84
0x00007ff9a4b1deb7:   00 00 ba eb ff ff ff 49 8b cc ff 15 d9 84 00 00
0x00007ff9a4b1dec7:   c6 40 0e 01 ba eb ff ff ff 49 8b cc ff 15 c7 84
0x00007ff9a4b1ded7:   00 00 80 78 0d 00 75 2e ba eb ff ff ff 49 8b cc
0x00007ff9a4b1dee7:   ff 15 b3 84 00 00 c6 40 0d 01 ba eb ff ff ff 49
0x00007ff9a4b1def7:   8b cc ff 15 a1 84 00 00 48 8b 08 48 8b 01 33 d2
0x00007ff9a4b1df07:   ff 90 98 00 00 00 45 33 f6 44 89 75 88 41 8d 56
0x00007ff9a4b1df17:   eb 49 8b cc ff 15 7f 84 00 00 48 8b 08 48 8b 01
0x00007ff9a4b1df27:   0f bf d6 ff 90 c8 00 00 00 89 45 8c 41 8d 56 eb
0x00007ff9a4b1df37:   49 8b cc ff 15 60 84 00 00 48 8b 08 48 8b 01 48
0x00007ff9a4b1df47:   c1 ee 10 0f bf d6 ff 90 c8 00 00 00 89 45 90 41
0x00007ff9a4b1df57:   8d 56 eb 49 8b cc ff 15 3d 84 00 00 8b 48 08 89
0x00007ff9a4b1df67:   4d 94 41 8d 56 eb 49 8b cc ff 15 2a 84 00 00 48
0x00007ff9a4b1df77:   8b 08 48 83 c1 18 48 8b 01 48 8d 55 88 ff 50 40
0x00007ff9a4b1df87:   33 c0 e9 bf 03 00 00 8d 82 ff fd ff ff 3d df 00
0x00007ff9a4b1df97:   00 00 0f 87 a2 03 00 00 4c 8d 05 5a 20 ff ff 41
0x00007ff9a4b1dfa7:   0f b6 84 00 9c e3 00 00 41 8b 8c 80 74 e3 00 00
0x00007ff9a4b1dfb7:   49 03 c8 ff e1 ba eb ff ff ff 49 8b cc ff 15 d6
0x00007ff9a4b1dfc7:   83 00 00 c6 40 0c 01 33 c0 e9 78 03 00 00 ba eb
0x00007ff9a4b1dfd7:   ff ff ff 49 8b cc ff 15 bd 83 00 00 48 85 c0 0f
0x00007ff9a4b1dfe7:   84 ee 00 00 00 48 c1 ef 10 0f b7 c7 66 0f 6e f0
0x00007ff9a4b1dff7:   f3 0f e6 f6 f2 0f 5e 35 f5 97 00 00 ba eb ff ff 


Stack slot to memory mapping:

stack at sp + 0 slots: 0x0 is null
stack at sp + 1 slots: 0x00000000014402d6 is an unknown value
stack at sp + 2 slots: 0x0 is null
stack at sp + 3 slots: 0x00007ff9fae09c6e KERNELBASE.dll
stack at sp + 4 slots: 0x0000000000000001 is an unknown value
stack at sp + 5 slots: 0x00007ff9f8594ad8 dxgi.dll
stack at sp + 6 slots: 0x000000f5654ff0d8 is pointing into the stack for thread: 0x000002ccbf28a440
stack at sp + 7 slots: 0x000000f5654fef20 is pointing into the stack for thread: 0x000002ccbf28a440


---------------  P R O C E S S  ---------------

Threads class SMR info:
_java_thread_list=0x000002cd31b89070, length=16, elements={
0x000002ccbf28a440, 0x000002cced1f7520, 0x000002cced1f1630, 0x000002cced1f97a0,
0x000002cced1fc490, 0x000002cced1fd690, 0x000002cced1fe890, 0x000002cced2052d0,
0x000002cced207520, 0x000002cd31126a30, 0x000002cd312837a0, 0x000002cd31287640,
0x000002cd318e2e20, 0x000002cd31a59f20, 0x000002cd31a5a5d0, 0x000002cd36184360
}

Java Threads: ( => current thread )
=>0x000002ccbf28a440 JavaThread "main"                              [_thread_in_native, id=2228, stack(0x000000f565400000,0x000000f565500000) (1024K)]
  0x000002cced1f7520 JavaThread "Reference Handler"          daemon [_thread_blocked, id=19244, stack(0x000000f565c00000,0x000000f565d00000) (1024K)]
  0x000002cced1f1630 JavaThread "Finalizer"                  daemon [_thread_blocked, id=10676, stack(0x000000f565d00000,0x000000f565e00000) (1024K)]
  0x000002cced1f97a0 JavaThread "Signal Dispatcher"          daemon [_thread_blocked, id=22560, stack(0x000000f565e00000,0x000000f565f00000) (1024K)]
  0x000002cced1fc490 JavaThread "Attach Listener"            daemon [_thread_blocked, id=8016, stack(0x000000f565f00000,0x000000f566000000) (1024K)]
  0x000002cced1fd690 JavaThread "Service Thread"             daemon [_thread_blocked, id=2008, stack(0x000000f566000000,0x000000f566100000) (1024K)]
  0x000002cced1fe890 JavaThread "Monitor Deflation Thread"   daemon [_thread_blocked, id=24016, stack(0x000000f566100000,0x000000f566200000) (1024K)]
  0x000002cced2052d0 JavaThread "C2 CompilerThread0"         daemon [_thread_blocked, id=13864, stack(0x000000f566200000,0x000000f566300000) (1024K)]
  0x000002cced207520 JavaThread "C1 CompilerThread0"         daemon [_thread_blocked, id=12592, stack(0x000000f566300000,0x000000f566400000) (1024K)]
  0x000002cd31126a30 JavaThread "C1 CompilerThread1"         daemon [_thread_blocked, id=13932, stack(0x000000f566400000,0x000000f566500000) (1024K)]
  0x000002cd312837a0 JavaThread "Notification Thread"        daemon [_thread_blocked, id=19848, stack(0x000000f566500000,0x000000f566600000) (1024K)]
  0x000002cd31287640 JavaThread "Common-Cleaner"             daemon [_thread_blocked, id=2060, stack(0x000000f566600000,0x000000f566700000) (1024K)]
  0x000002cd318e2e20 JavaThread "C2 CompilerThread1"         daemon [_thread_blocked, id=11344, stack(0x000000f566700000,0x000000f566800000) (1024K)]
  0x000002cd31a59f20 JavaThread "C1 CompilerThread2"         daemon [_thread_blocked, id=22120, stack(0x000000f566800000,0x000000f566900000) (1024K)]
  0x000002cd31a5a5d0 JavaThread "C1 CompilerThread3"         daemon [_thread_blocked, id=23628, stack(0x000000f566900000,0x000000f566a00000) (1024K)]
  0x000002cd36184360 JavaThread "C2 CompilerThread2"         daemon [_thread_blocked, id=23120, stack(0x000000f566a00000,0x000000f566b00000) (1024K)]
Total: 16

Other Threads:
  0x000002ccbf26e6f0 VMThread "VM Thread"                           [id=24344, stack(0x000000f565b00000,0x000000f565c00000) (1024K)]
  0x000002cced1c0bf0 WatcherThread "VM Periodic Task Thread"        [id=9488, stack(0x000000f565a00000,0x000000f565b00000) (1024K)]
  0x000002ccbf26d4d0 WorkerThread "GC Thread#0"                     [id=13796, stack(0x000000f565500000,0x000000f565600000) (1024K)]
  0x000002ccbf5143a0 ConcurrentGCThread "G1 Main Marker"            [id=23544, stack(0x000000f565600000,0x000000f565700000) (1024K)]
  0x000002ccbf26ee30 WorkerThread "G1 Conc#0"                       [id=20868, stack(0x000000f565700000,0x000000f565800000) (1024K)]
  0x000002cced100ed0 ConcurrentGCThread "G1 Refine#0"               [id=6428, stack(0x000000f565800000,0x000000f565900000) (1024K)]
  0x000002cced101a40 ConcurrentGCThread "G1 Service"                [id=24520, stack(0x000000f565900000,0x000000f565a00000) (1024K)]
Total: 7

Threads with active compile tasks:
Total: 0

VM state: not at safepoint (normal execution)

VM Mutex/Monitor currently owned by a thread: None

Heap address: 0x0000000404000000, size: 16320 MB, Compressed Oops mode: Zero based, Oop shift amount: 3

CDS archive(s) mapped at: [0x000002ccf0000000-0x000002ccf0c90000-0x000002ccf0c90000), size 13172736, SharedBaseAddress: 0x000002ccf0000000, ArchiveRelocationMode: 1.
Compressed class space mapped at: 0x000002ccf1000000-0x000002cd31000000, reserved size: 1073741824
Narrow klass base: 0x000002ccf0000000, Narrow klass shift: 0, Narrow klass range: 0x100000000

GC Precious Log:
 CardTable entry size: 512
 Card Set container configuration: InlinePtr #cards 4 size 8 Array Of Cards #cards 64 size 144 Howl #buckets 8 coarsen threshold 14745 Howl Bitmap #cards 2048 size 272 coarsen threshold 1843 Card regions per heap region 1 cards per card region 16384
 CPUs: 16 total, 16 available
 Memory: 65256M
 Large Page Support: Disabled
 NUMA Support: Disabled
 Compressed Oops: Enabled (Zero based)
 Heap Region Size: 8M
 Heap Min Capacity: 8M
 Heap Initial Capacity: 1G
 Heap Max Capacity: 16320M
 Pre-touch: Disabled
 Parallel Workers: 13
 Concurrent Workers: 3
 Concurrent Refinement Workers: 13
 Periodic GC: Disabled

Heap:
 garbage-first heap   total 1048576K, used 24576K [0x0000000404000000, 0x0000000800000000)
  region size 8192K, 4 young (32768K), 0 survivors (0K)
 Metaspace       used 6176K, committed 6464K, reserved 1114112K
  class space    used 776K, committed 896K, reserved 1048576K

Heap Regions: E=young(eden), S=young(survivor), O=old, HS=humongous(starts), HC=humongous(continues), CS=collection set, F=free, TAMS=top-at-mark-start, PB=parsable bottom
|   0|0x0000000404000000, 0x0000000404000000, 0x0000000404800000|  0%| F|  |TAMS 0x0000000404000000| PB 0x0000000404000000| Untracked 
|   1|0x0000000404800000, 0x0000000404800000, 0x0000000405000000|  0%| F|  |TAMS 0x0000000404800000| PB 0x0000000404800000| Untracked 
|   2|0x0000000405000000, 0x0000000405000000, 0x0000000405800000|  0%| F|  |TAMS 0x0000000405000000| PB 0x0000000405000000| Untracked 
|   3|0x0000000405800000, 0x0000000405800000, 0x0000000406000000|  0%| F|  |TAMS 0x0000000405800000| PB 0x0000000405800000| Untracked 
|   4|0x0000000406000000, 0x0000000406000000, 0x0000000406800000|  0%| F|  |TAMS 0x0000000406000000| PB 0x0000000406000000| Untracked 
|   5|0x0000000406800000, 0x0000000406800000, 0x0000000407000000|  0%| F|  |TAMS 0x0000000406800000| PB 0x0000000406800000| Untracked 
|   6|0x0000000407000000, 0x0000000407000000, 0x0000000407800000|  0%| F|  |TAMS 0x0000000407000000| PB 0x0000000407000000| Untracked 
|   7|0x0000000407800000, 0x0000000407800000, 0x0000000408000000|  0%| F|  |TAMS 0x0000000407800000| PB 0x0000000407800000| Untracked 
|   8|0x0000000408000000, 0x0000000408000000, 0x0000000408800000|  0%| F|  |TAMS 0x0000000408000000| PB 0x0000000408000000| Untracked 
|   9|0x0000000408800000, 0x0000000408800000, 0x0000000409000000|  0%| F|  |TAMS 0x0000000408800000| PB 0x0000000408800000| Untracked 
|  10|0x0000000409000000, 0x0000000409000000, 0x0000000409800000|  0%| F|  |TAMS 0x0000000409000000| PB 0x0000000409000000| Untracked 
|  11|0x0000000409800000, 0x0000000409800000, 0x000000040a000000|  0%| F|  |TAMS 0x0000000409800000| PB 0x0000000409800000| Untracked 
|  12|0x000000040a000000, 0x000000040a000000, 0x000000040a800000|  0%| F|  |TAMS 0x000000040a000000| PB 0x000000040a000000| Untracked 
|  13|0x000000040a800000, 0x000000040a800000, 0x000000040b000000|  0%| F|  |TAMS 0x000000040a800000| PB 0x000000040a800000| Untracked 
|  14|0x000000040b000000, 0x000000040b000000, 0x000000040b800000|  0%| F|  |TAMS 0x000000040b000000| PB 0x000000040b000000| Untracked 
|  15|0x000000040b800000, 0x000000040b800000, 0x000000040c000000|  0%| F|  |TAMS 0x000000040b800000| PB 0x000000040b800000| Untracked 
|  16|0x000000040c000000, 0x000000040c000000, 0x000000040c800000|  0%| F|  |TAMS 0x000000040c000000| PB 0x000000040c000000| Untracked 
|  17|0x000000040c800000, 0x000000040c800000, 0x000000040d000000|  0%| F|  |TAMS 0x000000040c800000| PB 0x000000040c800000| Untracked 
|  18|0x000000040d000000, 0x000000040d000000, 0x000000040d800000|  0%| F|  |TAMS 0x000000040d000000| PB 0x000000040d000000| Untracked 
|  19|0x000000040d800000, 0x000000040d800000, 0x000000040e000000|  0%| F|  |TAMS 0x000000040d800000| PB 0x000000040d800000| Untracked 
|  20|0x000000040e000000, 0x000000040e000000, 0x000000040e800000|  0%| F|  |TAMS 0x000000040e000000| PB 0x000000040e000000| Untracked 
|  21|0x000000040e800000, 0x000000040e800000, 0x000000040f000000|  0%| F|  |TAMS 0x000000040e800000| PB 0x000000040e800000| Untracked 
|  22|0x000000040f000000, 0x000000040f000000, 0x000000040f800000|  0%| F|  |TAMS 0x000000040f000000| PB 0x000000040f000000| Untracked 
|  23|0x000000040f800000, 0x000000040f800000, 0x0000000410000000|  0%| F|  |TAMS 0x000000040f800000| PB 0x000000040f800000| Untracked 
|  24|0x0000000410000000, 0x0000000410000000, 0x0000000410800000|  0%| F|  |TAMS 0x0000000410000000| PB 0x0000000410000000| Untracked 
|  25|0x0000000410800000, 0x0000000410800000, 0x0000000411000000|  0%| F|  |TAMS 0x0000000410800000| PB 0x0000000410800000| Untracked 
|  26|0x0000000411000000, 0x0000000411000000, 0x0000000411800000|  0%| F|  |TAMS 0x0000000411000000| PB 0x0000000411000000| Untracked 
|  27|0x0000000411800000, 0x0000000411800000, 0x0000000412000000|  0%| F|  |TAMS 0x0000000411800000| PB 0x0000000411800000| Untracked 
|  28|0x0000000412000000, 0x0000000412000000, 0x0000000412800000|  0%| F|  |TAMS 0x0000000412000000| PB 0x0000000412000000| Untracked 
|  29|0x0000000412800000, 0x0000000412800000, 0x0000000413000000|  0%| F|  |TAMS 0x0000000412800000| PB 0x0000000412800000| Untracked 
|  30|0x0000000413000000, 0x0000000413000000, 0x0000000413800000|  0%| F|  |TAMS 0x0000000413000000| PB 0x0000000413000000| Untracked 
|  31|0x0000000413800000, 0x0000000413800000, 0x0000000414000000|  0%| F|  |TAMS 0x0000000413800000| PB 0x0000000413800000| Untracked 
|  32|0x0000000414000000, 0x0000000414000000, 0x0000000414800000|  0%| F|  |TAMS 0x0000000414000000| PB 0x0000000414000000| Untracked 
|  33|0x0000000414800000, 0x0000000414800000, 0x0000000415000000|  0%| F|  |TAMS 0x0000000414800000| PB 0x0000000414800000| Untracked 
|  34|0x0000000415000000, 0x0000000415000000, 0x0000000415800000|  0%| F|  |TAMS 0x0000000415000000| PB 0x0000000415000000| Untracked 
|  35|0x0000000415800000, 0x0000000415800000, 0x0000000416000000|  0%| F|  |TAMS 0x0000000415800000| PB 0x0000000415800000| Untracked 
|  36|0x0000000416000000, 0x0000000416000000, 0x0000000416800000|  0%| F|  |TAMS 0x0000000416000000| PB 0x0000000416000000| Untracked 
|  37|0x0000000416800000, 0x0000000416800000, 0x0000000417000000|  0%| F|  |TAMS 0x0000000416800000| PB 0x0000000416800000| Untracked 
|  38|0x0000000417000000, 0x0000000417000000, 0x0000000417800000|  0%| F|  |TAMS 0x0000000417000000| PB 0x0000000417000000| Untracked 
|  39|0x0000000417800000, 0x0000000417800000, 0x0000000418000000|  0%| F|  |TAMS 0x0000000417800000| PB 0x0000000417800000| Untracked 
|  40|0x0000000418000000, 0x0000000418000000, 0x0000000418800000|  0%| F|  |TAMS 0x0000000418000000| PB 0x0000000418000000| Untracked 
|  41|0x0000000418800000, 0x0000000418800000, 0x0000000419000000|  0%| F|  |TAMS 0x0000000418800000| PB 0x0000000418800000| Untracked 
|  42|0x0000000419000000, 0x0000000419000000, 0x0000000419800000|  0%| F|  |TAMS 0x0000000419000000| PB 0x0000000419000000| Untracked 
|  43|0x0000000419800000, 0x0000000419800000, 0x000000041a000000|  0%| F|  |TAMS 0x0000000419800000| PB 0x0000000419800000| Untracked 
|  44|0x000000041a000000, 0x000000041a000000, 0x000000041a800000|  0%| F|  |TAMS 0x000000041a000000| PB 0x000000041a000000| Untracked 
|  45|0x000000041a800000, 0x000000041a800000, 0x000000041b000000|  0%| F|  |TAMS 0x000000041a800000| PB 0x000000041a800000| Untracked 
|  46|0x000000041b000000, 0x000000041b000000, 0x000000041b800000|  0%| F|  |TAMS 0x000000041b000000| PB 0x000000041b000000| Untracked 
|  47|0x000000041b800000, 0x000000041b800000, 0x000000041c000000|  0%| F|  |TAMS 0x000000041b800000| PB 0x000000041b800000| Untracked 
|  48|0x000000041c000000, 0x000000041c000000, 0x000000041c800000|  0%| F|  |TAMS 0x000000041c000000| PB 0x000000041c000000| Untracked 
|  49|0x000000041c800000, 0x000000041c800000, 0x000000041d000000|  0%| F|  |TAMS 0x000000041c800000| PB 0x000000041c800000| Untracked 
|  50|0x000000041d000000, 0x000000041d000000, 0x000000041d800000|  0%| F|  |TAMS 0x000000041d000000| PB 0x000000041d000000| Untracked 
|  51|0x000000041d800000, 0x000000041d800000, 0x000000041e000000|  0%| F|  |TAMS 0x000000041d800000| PB 0x000000041d800000| Untracked 
|  52|0x000000041e000000, 0x000000041e000000, 0x000000041e800000|  0%| F|  |TAMS 0x000000041e000000| PB 0x000000041e000000| Untracked 
|  53|0x000000041e800000, 0x000000041e800000, 0x000000041f000000|  0%| F|  |TAMS 0x000000041e800000| PB 0x000000041e800000| Untracked 
|  54|0x000000041f000000, 0x000000041f000000, 0x000000041f800000|  0%| F|  |TAMS 0x000000041f000000| PB 0x000000041f000000| Untracked 
|  55|0x000000041f800000, 0x000000041f800000, 0x0000000420000000|  0%| F|  |TAMS 0x000000041f800000| PB 0x000000041f800000| Untracked 
|  56|0x0000000420000000, 0x0000000420000000, 0x0000000420800000|  0%| F|  |TAMS 0x0000000420000000| PB 0x0000000420000000| Untracked 
|  57|0x0000000420800000, 0x0000000420800000, 0x0000000421000000|  0%| F|  |TAMS 0x0000000420800000| PB 0x0000000420800000| Untracked 
|  58|0x0000000421000000, 0x0000000421000000, 0x0000000421800000|  0%| F|  |TAMS 0x0000000421000000| PB 0x0000000421000000| Untracked 
|  59|0x0000000421800000, 0x0000000421800000, 0x0000000422000000|  0%| F|  |TAMS 0x0000000421800000| PB 0x0000000421800000| Untracked 
|  60|0x0000000422000000, 0x0000000422000000, 0x0000000422800000|  0%| F|  |TAMS 0x0000000422000000| PB 0x0000000422000000| Untracked 
|  61|0x0000000422800000, 0x0000000422800000, 0x0000000423000000|  0%| F|  |TAMS 0x0000000422800000| PB 0x0000000422800000| Untracked 
|  62|0x0000000423000000, 0x0000000423000000, 0x0000000423800000|  0%| F|  |TAMS 0x0000000423000000| PB 0x0000000423000000| Untracked 
|  63|0x0000000423800000, 0x0000000423800000, 0x0000000424000000|  0%| F|  |TAMS 0x0000000423800000| PB 0x0000000423800000| Untracked 
|  64|0x0000000424000000, 0x0000000424000000, 0x0000000424800000|  0%| F|  |TAMS 0x0000000424000000| PB 0x0000000424000000| Untracked 
|  65|0x0000000424800000, 0x0000000424800000, 0x0000000425000000|  0%| F|  |TAMS 0x0000000424800000| PB 0x0000000424800000| Untracked 
|  66|0x0000000425000000, 0x0000000425000000, 0x0000000425800000|  0%| F|  |TAMS 0x0000000425000000| PB 0x0000000425000000| Untracked 
|  67|0x0000000425800000, 0x0000000425800000, 0x0000000426000000|  0%| F|  |TAMS 0x0000000425800000| PB 0x0000000425800000| Untracked 
|  68|0x0000000426000000, 0x0000000426000000, 0x0000000426800000|  0%| F|  |TAMS 0x0000000426000000| PB 0x0000000426000000| Untracked 
|  69|0x0000000426800000, 0x0000000426800000, 0x0000000427000000|  0%| F|  |TAMS 0x0000000426800000| PB 0x0000000426800000| Untracked 
|  70|0x0000000427000000, 0x0000000427000000, 0x0000000427800000|  0%| F|  |TAMS 0x0000000427000000| PB 0x0000000427000000| Untracked 
|  71|0x0000000427800000, 0x0000000427800000, 0x0000000428000000|  0%| F|  |TAMS 0x0000000427800000| PB 0x0000000427800000| Untracked 
|  72|0x0000000428000000, 0x0000000428000000, 0x0000000428800000|  0%| F|  |TAMS 0x0000000428000000| PB 0x0000000428000000| Untracked 
|  73|0x0000000428800000, 0x0000000428800000, 0x0000000429000000|  0%| F|  |TAMS 0x0000000428800000| PB 0x0000000428800000| Untracked 
|  74|0x0000000429000000, 0x0000000429000000, 0x0000000429800000|  0%| F|  |TAMS 0x0000000429000000| PB 0x0000000429000000| Untracked 
|  75|0x0000000429800000, 0x0000000429800000, 0x000000042a000000|  0%| F|  |TAMS 0x0000000429800000| PB 0x0000000429800000| Untracked 
|  76|0x000000042a000000, 0x000000042a000000, 0x000000042a800000|  0%| F|  |TAMS 0x000000042a000000| PB 0x000000042a000000| Untracked 
|  77|0x000000042a800000, 0x000000042a800000, 0x000000042b000000|  0%| F|  |TAMS 0x000000042a800000| PB 0x000000042a800000| Untracked 
|  78|0x000000042b000000, 0x000000042b000000, 0x000000042b800000|  0%| F|  |TAMS 0x000000042b000000| PB 0x000000042b000000| Untracked 
|  79|0x000000042b800000, 0x000000042b800000, 0x000000042c000000|  0%| F|  |TAMS 0x000000042b800000| PB 0x000000042b800000| Untracked 
|  80|0x000000042c000000, 0x000000042c000000, 0x000000042c800000|  0%| F|  |TAMS 0x000000042c000000| PB 0x000000042c000000| Untracked 
|  81|0x000000042c800000, 0x000000042c800000, 0x000000042d000000|  0%| F|  |TAMS 0x000000042c800000| PB 0x000000042c800000| Untracked 
|  82|0x000000042d000000, 0x000000042d000000, 0x000000042d800000|  0%| F|  |TAMS 0x000000042d000000| PB 0x000000042d000000| Untracked 
|  83|0x000000042d800000, 0x000000042d800000, 0x000000042e000000|  0%| F|  |TAMS 0x000000042d800000| PB 0x000000042d800000| Untracked 
|  84|0x000000042e000000, 0x000000042e000000, 0x000000042e800000|  0%| F|  |TAMS 0x000000042e000000| PB 0x000000042e000000| Untracked 
|  85|0x000000042e800000, 0x000000042e800000, 0x000000042f000000|  0%| F|  |TAMS 0x000000042e800000| PB 0x000000042e800000| Untracked 
|  86|0x000000042f000000, 0x000000042f000000, 0x000000042f800000|  0%| F|  |TAMS 0x000000042f000000| PB 0x000000042f000000| Untracked 
|  87|0x000000042f800000, 0x000000042f800000, 0x0000000430000000|  0%| F|  |TAMS 0x000000042f800000| PB 0x000000042f800000| Untracked 
|  88|0x0000000430000000, 0x0000000430000000, 0x0000000430800000|  0%| F|  |TAMS 0x0000000430000000| PB 0x0000000430000000| Untracked 
|  89|0x0000000430800000, 0x0000000430800000, 0x0000000431000000|  0%| F|  |TAMS 0x0000000430800000| PB 0x0000000430800000| Untracked 
|  90|0x0000000431000000, 0x0000000431000000, 0x0000000431800000|  0%| F|  |TAMS 0x0000000431000000| PB 0x0000000431000000| Untracked 
|  91|0x0000000431800000, 0x0000000431800000, 0x0000000432000000|  0%| F|  |TAMS 0x0000000431800000| PB 0x0000000431800000| Untracked 
|  92|0x0000000432000000, 0x0000000432000000, 0x0000000432800000|  0%| F|  |TAMS 0x0000000432000000| PB 0x0000000432000000| Untracked 
|  93|0x0000000432800000, 0x0000000432800000, 0x0000000433000000|  0%| F|  |TAMS 0x0000000432800000| PB 0x0000000432800000| Untracked 
|  94|0x0000000433000000, 0x0000000433000000, 0x0000000433800000|  0%| F|  |TAMS 0x0000000433000000| PB 0x0000000433000000| Untracked 
|  95|0x0000000433800000, 0x0000000433800000, 0x0000000434000000|  0%| F|  |TAMS 0x0000000433800000| PB 0x0000000433800000| Untracked 
|  96|0x0000000434000000, 0x0000000434000000, 0x0000000434800000|  0%| F|  |TAMS 0x0000000434000000| PB 0x0000000434000000| Untracked 
|  97|0x0000000434800000, 0x0000000434800000, 0x0000000435000000|  0%| F|  |TAMS 0x0000000434800000| PB 0x0000000434800000| Untracked 
|  98|0x0000000435000000, 0x0000000435000000, 0x0000000435800000|  0%| F|  |TAMS 0x0000000435000000| PB 0x0000000435000000| Untracked 
|  99|0x0000000435800000, 0x0000000435800000, 0x0000000436000000|  0%| F|  |TAMS 0x0000000435800000| PB 0x0000000435800000| Untracked 
| 100|0x0000000436000000, 0x0000000436000000, 0x0000000436800000|  0%| F|  |TAMS 0x0000000436000000| PB 0x0000000436000000| Untracked 
| 101|0x0000000436800000, 0x0000000436800000, 0x0000000437000000|  0%| F|  |TAMS 0x0000000436800000| PB 0x0000000436800000| Untracked 
| 102|0x0000000437000000, 0x0000000437000000, 0x0000000437800000|  0%| F|  |TAMS 0x0000000437000000| PB 0x0000000437000000| Untracked 
| 103|0x0000000437800000, 0x0000000437800000, 0x0000000438000000|  0%| F|  |TAMS 0x0000000437800000| PB 0x0000000437800000| Untracked 
| 104|0x0000000438000000, 0x0000000438000000, 0x0000000438800000|  0%| F|  |TAMS 0x0000000438000000| PB 0x0000000438000000| Untracked 
| 105|0x0000000438800000, 0x0000000438800000, 0x0000000439000000|  0%| F|  |TAMS 0x0000000438800000| PB 0x0000000438800000| Untracked 
| 106|0x0000000439000000, 0x0000000439000000, 0x0000000439800000|  0%| F|  |TAMS 0x0000000439000000| PB 0x0000000439000000| Untracked 
| 107|0x0000000439800000, 0x0000000439800000, 0x000000043a000000|  0%| F|  |TAMS 0x0000000439800000| PB 0x0000000439800000| Untracked 
| 108|0x000000043a000000, 0x000000043a000000, 0x000000043a800000|  0%| F|  |TAMS 0x000000043a000000| PB 0x000000043a000000| Untracked 
| 109|0x000000043a800000, 0x000000043a800000, 0x000000043b000000|  0%| F|  |TAMS 0x000000043a800000| PB 0x000000043a800000| Untracked 
| 110|0x000000043b000000, 0x000000043b000000, 0x000000043b800000|  0%| F|  |TAMS 0x000000043b000000| PB 0x000000043b000000| Untracked 
| 111|0x000000043b800000, 0x000000043b800000, 0x000000043c000000|  0%| F|  |TAMS 0x000000043b800000| PB 0x000000043b800000| Untracked 
| 112|0x000000043c000000, 0x000000043c000000, 0x000000043c800000|  0%| F|  |TAMS 0x000000043c000000| PB 0x000000043c000000| Untracked 
| 113|0x000000043c800000, 0x000000043c800000, 0x000000043d000000|  0%| F|  |TAMS 0x000000043c800000| PB 0x000000043c800000| Untracked 
| 114|0x000000043d000000, 0x000000043d000000, 0x000000043d800000|  0%| F|  |TAMS 0x000000043d000000| PB 0x000000043d000000| Untracked 
| 115|0x000000043d800000, 0x000000043d800000, 0x000000043e000000|  0%| F|  |TAMS 0x000000043d800000| PB 0x000000043d800000| Untracked 
| 116|0x000000043e000000, 0x000000043e000000, 0x000000043e800000|  0%| F|  |TAMS 0x000000043e000000| PB 0x000000043e000000| Untracked 
| 117|0x000000043e800000, 0x000000043e800000, 0x000000043f000000|  0%| F|  |TAMS 0x000000043e800000| PB 0x000000043e800000| Untracked 
| 118|0x000000043f000000, 0x000000043f000000, 0x000000043f800000|  0%| F|  |TAMS 0x000000043f000000| PB 0x000000043f000000| Untracked 
| 119|0x000000043f800000, 0x000000043f800000, 0x0000000440000000|  0%| F|  |TAMS 0x000000043f800000| PB 0x000000043f800000| Untracked 
| 120|0x0000000440000000, 0x0000000440000000, 0x0000000440800000|  0%| F|  |TAMS 0x0000000440000000| PB 0x0000000440000000| Untracked 
| 121|0x0000000440800000, 0x0000000440800000, 0x0000000441000000|  0%| F|  |TAMS 0x0000000440800000| PB 0x0000000440800000| Untracked 
| 122|0x0000000441000000, 0x0000000441000000, 0x0000000441800000|  0%| F|  |TAMS 0x0000000441000000| PB 0x0000000441000000| Untracked 
| 123|0x0000000441800000, 0x0000000441800000, 0x0000000442000000|  0%| F|  |TAMS 0x0000000441800000| PB 0x0000000441800000| Untracked 
| 124|0x0000000442000000, 0x00000004425c6df0, 0x0000000442800000| 72%| E|  |TAMS 0x0000000442000000| PB 0x0000000442000000| Complete 
| 125|0x0000000442800000, 0x0000000443000000, 0x0000000443000000|100%| E|CS|TAMS 0x0000000442800000| PB 0x0000000442800000| Complete 
| 126|0x0000000443000000, 0x0000000443800000, 0x0000000443800000|100%| E|CS|TAMS 0x0000000443000000| PB 0x0000000443000000| Complete 
| 127|0x0000000443800000, 0x0000000444000000, 0x0000000444000000|100%| E|CS|TAMS 0x0000000443800000| PB 0x0000000443800000| Complete 

Card table byte_map: [0x000002ccdb070000,0x000002ccdd050000] _byte_map_base: 0x000002ccd9050000

Marking Bits: (CMBitMap*) 0x000002ccbf502260
 Bits: [0x000002ccdd050000, 0x000002ccecf50000)

Polling page: 0x000002ccbf520000

Metaspace:

Usage:
  Non-class:      5.27 MB used.
      Class:    776.11 KB used.
       Both:      6.03 MB used.

Virtual space:
  Non-class space:       64.00 MB reserved,       5.44 MB (  8%) committed,  1 nodes.
      Class space:        1.00 GB reserved,     896.00 KB ( <1%) committed,  1 nodes.
             Both:        1.06 GB reserved,       6.31 MB ( <1%) committed. 

Chunk freelists:
   Non-Class:  9.14 MB
       Class:  15.12 MB
        Both:  24.27 MB

MaxMetaspaceSize: unlimited
CompressedClassSpaceSize: 1.00 GB
Initial GC threshold: 21.00 MB
Current GC threshold: 21.00 MB
CDS: on
 - commit_granule_bytes: 65536.
 - commit_granule_words: 8192.
 - virtual_space_node_default_size: 8388608.
 - enlarge_chunks_in_place: 1.
 - use_allocation_guard: 0.


Internal statistics:

num_allocs_failed_limit: 0.
num_arena_births: 258.
num_arena_deaths: 0.
num_vsnodes_births: 2.
num_vsnodes_deaths: 0.
num_space_committed: 101.
num_space_uncommitted: 0.
num_chunks_returned_to_freelist: 0.
num_chunks_taken_from_freelist: 485.
num_chunk_merges: 0.
num_chunk_splits: 280.
num_chunks_enlarged: 160.
num_inconsistent_stats: 0.

CodeHeap 'non-profiled nmethods': size=119168Kb used=528Kb max_used=528Kb free=118639Kb
 bounds [0x000002ccd0c60000, 0x000002ccd0ed0000, 0x000002ccd80c0000]
CodeHeap 'profiled nmethods': size=119104Kb used=3274Kb max_used=3274Kb free=115829Kb
 bounds [0x000002ccc90c0000, 0x000002ccc9400000, 0x000002ccd0510000]
CodeHeap 'non-nmethods': size=7488Kb used=3060Kb max_used=3099Kb free=4427Kb
 bounds [0x000002ccd0510000, 0x000002ccd0820000, 0x000002ccd0c60000]
 total_blobs=2245 nmethods=1771 adapters=375
 compilation: enabled
              stopped_count=0, restarted_count=0
 full_count=0

Compilation events (20 events):
Event: 0.652 Thread 0x000002cced207520 1763       3       java.lang.invoke.DirectMethodHandle$Constructor::viewAsType (49 bytes)
Event: 0.652 Thread 0x000002cced207520 nmethod 1763 0x000002ccc93eaf10 code [0x000002ccc93eb0c0, 0x000002ccc93eb2a8]
Event: 0.654 Thread 0x000002cced207520 1764 %     3       java.util.Properties$LineReader::readLine @ 224 (584 bytes)
Event: 0.655 Thread 0x000002cd31126a30 1765   !   3       java.util.ServiceLoader$LazyClassPathLookupIterator::hasNextService (144 bytes)
Event: 0.655 Thread 0x000002cced207520 nmethod 1764% 0x000002ccc93eb390 code [0x000002ccc93eb7a0, 0x000002ccc93ee6b8]
Event: 0.656 Thread 0x000002cd31126a30 nmethod 1765 0x000002ccc93ef510 code [0x000002ccc93ef8c0, 0x000002ccc93f0db0]
Event: 0.656 Thread 0x000002cd31a5a5d0 1766       3       jdk.internal.org.objectweb.asm.MethodVisitor::visitMethodInsn (80 bytes)
Event: 0.657 Thread 0x000002cd31a5a5d0 nmethod 1766 0x000002ccc93f1890 code [0x000002ccc93f1a80, 0x000002ccc93f1f68]
Event: 0.662 Thread 0x000002cd31a5a5d0 1767       1       sun.nio.fs.NativeBuffer::address (5 bytes)
Event: 0.662 Thread 0x000002cd31a5a5d0 nmethod 1767 0x000002ccd0cd4f90 code [0x000002ccd0cd5120, 0x000002ccd0cd51e8]
Event: 0.663 Thread 0x000002cd31a59f20 1768       3       java.lang.invoke.LambdaFormEditor$TransformKey::packedBytes (30 bytes)
Event: 0.663 Thread 0x000002cd31a59f20 nmethod 1768 0x000002ccc93f2110 code [0x000002ccc93f22a0, 0x000002ccc93f23a8]
Event: 0.663 Thread 0x000002cd318e2e20 nmethod 1685 0x000002ccd0cd5290 code [0x000002ccd0cd5580, 0x000002ccd0cd71a8]
Event: 0.663 Thread 0x000002cd31a59f20 1769       3       java.nio.Buffer::hasRemaining (17 bytes)
Event: 0.663 Thread 0x000002cd31a59f20 nmethod 1769 0x000002ccc93f2410 code [0x000002ccc93f25a0, 0x000002ccc93f2708]
Event: 0.675 Thread 0x000002cd31a59f20 1770       3       java.nio.ByteOrder::nativeOrder (4 bytes)
Event: 0.675 Thread 0x000002cd31a59f20 nmethod 1770 0x000002ccc93f2790 code [0x000002ccc93f2920, 0x000002ccc93f2a18]
Event: 0.677 Thread 0x000002cd36184360 1771   !   4       java.util.concurrent.ConcurrentHashMap::putVal (432 bytes)
Event: 0.693 Thread 0x000002cd36184360 nmethod 1771 0x000002ccd0cd7c10 code [0x000002ccd0cd7e80, 0x000002ccd0cd8fa8]
Event: 0.761 Thread 0x000002cced2052d0 nmethod 1639 0x000002ccd0cd9a90 code [0x000002ccd0cda2c0, 0x000002ccd0ce0dd0]

GC Heap History (0 events):
No events

Dll operation events (11 events):
Event: 0.010 Loaded shared library C:\Program Files\Java\jdk-21\bin\java.dll
Event: 0.060 Loaded shared library C:\Program Files\Java\jdk-21\bin\jsvml.dll
Event: 0.081 Loaded shared library C:\Program Files\Java\jdk-21\bin\net.dll
Event: 0.082 Loaded shared library C:\Program Files\Java\jdk-21\bin\nio.dll
Event: 0.084 Loaded shared library C:\Program Files\Java\jdk-21\bin\zip.dll
Event: 0.104 Loaded shared library C:\Program Files\Java\jdk-21\bin\jimage.dll
Event: 0.665 Loaded shared library C:\Users\main\AppData\Roaming\Uef\UltralightCore.dll
Event: 0.670 Loaded shared library C:\Users\main\AppData\Roaming\Uef\WebCore.dll
Event: 0.672 Loaded shared library C:\Users\main\AppData\Roaming\Uef\Ultralight.dll
Event: 0.675 Loaded shared library C:\Users\main\AppData\Roaming\Uef\AppCore.dll
Event: 0.676 Loaded shared library C:\Users\main\IdeaProjects\java-uef\cbuild\Release\Uef.dll

Deoptimization events (20 events):
Event: 0.519 Thread 0x000002ccbf28a440 DEOPT PACKING pc=0x000002ccd0cbbd7c sp=0x000000f5654fdfc0
Event: 0.519 Thread 0x000002ccbf28a440 DEOPT UNPACKING pc=0x000002ccd05646a2 sp=0x000000f5654fdf70 mode 2
Event: 0.529 Thread 0x000002ccbf28a440 DEOPT PACKING pc=0x000002ccc9100e67 sp=0x000000f5654f8410
Event: 0.529 Thread 0x000002ccbf28a440 DEOPT UNPACKING pc=0x000002ccd0564e42 sp=0x000000f5654f78e8 mode 0
Event: 0.577 Thread 0x000002ccbf28a440 Uncommon trap: trap_request=0xffffffd6 fr.pc=0x000002ccd0cc2b04 relative=0x00000000000003c4
Event: 0.577 Thread 0x000002ccbf28a440 Uncommon trap: reason=array_check action=maybe_recompile pc=0x000002ccd0cc2b04 method=java.util.LinkedHashMap.valuesToArray([Ljava/lang/Object;Z)[Ljava/lang/Object; @ 67 c2
Event: 0.577 Thread 0x000002ccbf28a440 DEOPT PACKING pc=0x000002ccd0cc2b04 sp=0x000000f5654fcf00
Event: 0.577 Thread 0x000002ccbf28a440 DEOPT UNPACKING pc=0x000002ccd05646a2 sp=0x000000f5654fcea0 mode 2
Event: 0.577 Thread 0x000002ccbf28a440 Uncommon trap: trap_request=0xffffffd6 fr.pc=0x000002ccd0cc2b04 relative=0x00000000000003c4
Event: 0.577 Thread 0x000002ccbf28a440 Uncommon trap: reason=array_check action=maybe_recompile pc=0x000002ccd0cc2b04 method=java.util.LinkedHashMap.valuesToArray([Ljava/lang/Object;Z)[Ljava/lang/Object; @ 67 c2
Event: 0.577 Thread 0x000002ccbf28a440 DEOPT PACKING pc=0x000002ccd0cc2b04 sp=0x000000f5654fce40
Event: 0.577 Thread 0x000002ccbf28a440 DEOPT UNPACKING pc=0x000002ccd05646a2 sp=0x000000f5654fcde0 mode 2
Event: 0.577 Thread 0x000002ccbf28a440 Uncommon trap: trap_request=0xffffffd6 fr.pc=0x000002ccd0cc2b04 relative=0x00000000000003c4
Event: 0.577 Thread 0x000002ccbf28a440 Uncommon trap: reason=array_check action=maybe_recompile pc=0x000002ccd0cc2b04 method=java.util.LinkedHashMap.valuesToArray([Ljava/lang/Object;Z)[Ljava/lang/Object; @ 67 c2
Event: 0.577 Thread 0x000002ccbf28a440 DEOPT PACKING pc=0x000002ccd0cc2b04 sp=0x000000f5654fce40
Event: 0.577 Thread 0x000002ccbf28a440 DEOPT UNPACKING pc=0x000002ccd05646a2 sp=0x000000f5654fcde0 mode 2
Event: 0.577 Thread 0x000002ccbf28a440 Uncommon trap: trap_request=0xffffffd6 fr.pc=0x000002ccd0cc2b04 relative=0x00000000000003c4
Event: 0.577 Thread 0x000002ccbf28a440 Uncommon trap: reason=array_check action=maybe_recompile pc=0x000002ccd0cc2b04 method=java.util.LinkedHashMap.valuesToArray([Ljava/lang/Object;Z)[Ljava/lang/Object; @ 67 c2
Event: 0.577 Thread 0x000002ccbf28a440 DEOPT PACKING pc=0x000002ccd0cc2b04 sp=0x000000f5654fce40
Event: 0.577 Thread 0x000002ccbf28a440 DEOPT UNPACKING pc=0x000002ccd05646a2 sp=0x000000f5654fcde0 mode 2

Classes loaded (20 events):
Event: 0.654 Loading class java/net/InetAddress$CachedLookup
Event: 0.654 Loading class java/net/InetAddress$CachedLookup done
Event: 0.654 Loading class java/net/InetAddress$CachedLocalHost
Event: 0.654 Loading class java/net/InetAddress$CachedLocalHost done
Event: 0.660 Loading class java/security/NoSuchAlgorithmException
Event: 0.660 Loading class java/security/GeneralSecurityException
Event: 0.660 Loading class java/security/GeneralSecurityException done
Event: 0.660 Loading class java/security/NoSuchAlgorithmException done
Event: 0.662 Loading class java/nio/file/attribute/FileAttribute
Event: 0.662 Loading class java/nio/file/attribute/FileAttribute done
Event: 0.662 Loading class sun/nio/fs/WindowsSecurityDescriptor
Event: 0.662 Loading class sun/nio/fs/WindowsSecurityDescriptor done
Event: 0.662 Loading class sun/nio/fs/WindowsException
Event: 0.662 Loading class sun/nio/fs/WindowsException done
Event: 0.662 Loading class java/nio/file/FileAlreadyExistsException
Event: 0.662 Loading class java/nio/file/FileSystemException
Event: 0.662 Loading class java/nio/file/FileSystemException done
Event: 0.662 Loading class java/nio/file/FileAlreadyExistsException done
Event: 0.662 Loading class java/nio/file/AccessMode
Event: 0.662 Loading class java/nio/file/AccessMode done

Classes unloaded (0 events):
No events

Classes redefined (0 events):
No events

Internal exceptions (20 events):
Event: 0.363 Thread 0x000002ccbf28a440 Exception <a 'java/lang/NoSuchMethodError'{0x0000000443615a18}: 'java.lang.Object java.lang.invoke.DirectMethodHandle$Holder.newInvokeSpecial(java.lang.Object, java.lang.Object, java.lang.Object, java.lang.Object, java.lang.Object, java.lang.Object, java.lang.Object)'> (0x0000000443615a18) 
thrown [s\open\src\hotspot\share\interpreter\linkResolver.cpp, line 773]
Event: 0.366 Thread 0x000002ccbf28a440 Exception <a 'java/lang/NoSuchMethodError'{0x000000044363ddb8}: 'java.lang.Object java.lang.invoke.Invokers$Holder.invokeExact_MT(java.lang.Object, java.lang.Object, java.lang.Object, java.lang.Object, java.lang.Object)'> (0x000000044363ddb8) 
thrown [s\open\src\hotspot\share\interpreter\linkResolver.cpp, line 773]
Event: 0.418 Thread 0x000002ccbf28a440 Exception <a 'java/lang/NoSuchMethodError'{0x000000044376b3a0}: 'java.lang.Object java.lang.invoke.DirectMethodHandle$Holder.invokeVirtual(java.lang.Object, java.lang.Object, java.lang.Object)'> (0x000000044376b3a0) 
thrown [s\open\src\hotspot\share\interpreter\linkResolver.cpp, line 773]
Event: 0.430 Thread 0x000002ccbf28a440 Exception <a 'java/lang/NoSuchMethodError'{0x00000004437b9630}: 'int java.lang.invoke.DirectMethodHandle$Holder.invokeStatic(java.lang.Object)'> (0x00000004437b9630) 
thrown [s\open\src\hotspot\share\interpreter\linkResolver.cpp, line 773]
Event: 0.431 Thread 0x000002ccbf28a440 Exception <a 'java/lang/NoSuchMethodError'{0x00000004437bca38}: 'int java.lang.invoke.DirectMethodHandle$Holder.invokeStaticInit(java.lang.Object)'> (0x00000004437bca38) 
thrown [s\open\src\hotspot\share\interpreter\linkResolver.cpp, line 773]
Event: 0.463 Thread 0x000002ccbf28a440 Exception <a 'java/lang/NoSuchMethodError'{0x0000000442929e30}: 'void java.lang.invoke.DirectMethodHandle$Holder.invokeStatic(java.lang.Object, java.lang.Object, java.lang.Object, java.lang.Object)'> (0x0000000442929e30) 
thrown [s\open\src\hotspot\share\interpreter\linkResolver.cpp, line 773]
Event: 0.463 Thread 0x000002ccbf28a440 Exception <a 'java/lang/NoSuchMethodError'{0x000000044292d838}: 'void java.lang.invoke.DirectMethodHandle$Holder.invokeStaticInit(java.lang.Object, java.lang.Object, java.lang.Object, java.lang.Object)'> (0x000000044292d838) 
thrown [s\open\src\hotspot\share\interpreter\linkResolver.cpp, line 773]
Event: 0.466 Thread 0x000002ccbf28a440 Exception <a 'java/lang/NoSuchMethodError'{0x000000044294aee8}: 'void java.lang.invoke.DirectMethodHandle$Holder.invokeStaticInit(java.lang.Object, java.lang.Object, java.lang.Object)'> (0x000000044294aee8) 
thrown [s\open\src\hotspot\share\interpreter\linkResolver.cpp, line 773]
Event: 0.468 Thread 0x000002ccbf28a440 Exception <a 'java/lang/NoSuchMethodError'{0x0000000442965280}: 'int java.lang.invoke.DirectMethodHandle$Holder.invokeStaticInit(java.lang.Object, java.lang.Object, java.lang.Object)'> (0x0000000442965280) 
thrown [s\open\src\hotspot\share\interpreter\linkResolver.cpp, line 773]
Event: 0.472 Thread 0x000002ccbf28a440 Exception <a 'java/lang/NoSuchMethodError'{0x0000000442994750}: 'java.lang.Object java.lang.invoke.DirectMethodHandle$Holder.invokeStatic(java.lang.Object, java.lang.Object, int)'> (0x0000000442994750) 
thrown [s\open\src\hotspot\share\interpreter\linkResolver.cpp, line 773]
Event: 0.473 Thread 0x000002ccbf28a440 Exception <a 'java/lang/NoSuchMethodError'{0x000000044299f860}: 'void java.lang.invoke.DelegatingMethodHandle$Holder.delegate(java.lang.Object, java.lang.Object, int, java.lang.Object)'> (0x000000044299f860) 
thrown [s\open\src\hotspot\share\interpreter\linkResolver.cpp, line 773]
Event: 0.473 Thread 0x000002ccbf28a440 Exception <a 'java/lang/NoSuchMethodError'{0x00000004429a3540}: 'int java.lang.invoke.DirectMethodHandle$Holder.invokeSpecial(java.lang.Object, java.lang.Object, java.lang.Object)'> (0x00000004429a3540) 
thrown [s\open\src\hotspot\share\interpreter\linkResolver.cpp, line 773]
Event: 0.490 Thread 0x000002ccbf28a440 Exception <a 'java/lang/NoSuchMethodError'{0x0000000442a6f270}: 'java.lang.Object java.lang.invoke.DirectMethodHandle$Holder.newInvokeSpecial(java.lang.Object, long, int, java.lang.Object)'> (0x0000000442a6f270) 
thrown [s\open\src\hotspot\share\interpreter\linkResolver.cpp, line 773]
Event: 0.499 Thread 0x000002ccbf28a440 Exception <a 'java/lang/NoSuchMethodError'{0x0000000442af30a8}: 'java.lang.Object java.lang.invoke.DirectMethodHandle$Holder.invokeVirtual(java.lang.Object, java.lang.Object, java.lang.Object, java.lang.Object)'> (0x0000000442af30a8) 
thrown [s\open\src\hotspot\share\interpreter\linkResolver.cpp, line 773]
Event: 0.662 Thread 0x000002ccbf28a440 Exception <a 'sun/nio/fs/WindowsException'{0x00000004424ede48}> (0x00000004424ede48) 
thrown [s\open\src\hotspot\share\prims\jni.cpp, line 520]
Event: 0.662 Thread 0x000002ccbf28a440 Exception <a 'sun/nio/fs/WindowsException'{0x00000004424eeab8}> (0x00000004424eeab8) 
thrown [s\open\src\hotspot\share\prims\jni.cpp, line 520]
Event: 0.663 Thread 0x000002ccbf28a440 Exception <a 'sun/nio/fs/WindowsException'{0x00000004424f0060}> (0x00000004424f0060) 
thrown [s\open\src\hotspot\share\prims\jni.cpp, line 520]
Event: 0.663 Thread 0x000002ccbf28a440 Exception <a 'sun/nio/fs/WindowsException'{0x00000004424f0958}> (0x00000004424f0958) 
thrown [s\open\src\hotspot\share\prims\jni.cpp, line 520]
Event: 0.663 Thread 0x000002ccbf28a440 Exception <a 'sun/nio/fs/WindowsException'{0x00000004424f1240}> (0x00000004424f1240) 
thrown [s\open\src\hotspot\share\prims\jni.cpp, line 520]
Event: 0.663 Thread 0x000002ccbf28a440 Exception <a 'sun/nio/fs/WindowsException'{0x00000004424f1b28}> (0x00000004424f1b28) 
thrown [s\open\src\hotspot\share\prims\jni.cpp, line 520]

ZGC Phase Switch (0 events):
No events

VM Operations (12 events):
Event: 0.085 Executing VM operation: HandshakeAllThreads (Deoptimize)
Event: 0.085 Executing VM operation: HandshakeAllThreads (Deoptimize) done
Event: 0.184 Executing VM operation: HandshakeAllThreads (Deoptimize)
Event: 0.184 Executing VM operation: HandshakeAllThreads (Deoptimize) done
Event: 0.436 Executing VM operation: HandshakeAllThreads (Deoptimize)
Event: 0.436 Executing VM operation: HandshakeAllThreads (Deoptimize) done
Event: 0.453 Executing VM operation: ICBufferFull
Event: 0.453 Executing VM operation: ICBufferFull done
Event: 0.472 Executing VM operation: HandshakeAllThreads (Deoptimize)
Event: 0.472 Executing VM operation: HandshakeAllThreads (Deoptimize) done
Event: 0.661 Executing VM operation: ICBufferFull
Event: 0.661 Executing VM operation: ICBufferFull done

Events (16 events):
Event: 0.045 Thread 0x000002ccbf28a440 Thread added: 0x000002ccbf28a440
Event: 0.058 Thread 0x000002cced1f7520 Thread added: 0x000002cced1f7520
Event: 0.058 Thread 0x000002cced1f1630 Thread added: 0x000002cced1f1630
Event: 0.059 Thread 0x000002cced1f97a0 Thread added: 0x000002cced1f97a0
Event: 0.059 Thread 0x000002cced1fc490 Thread added: 0x000002cced1fc490
Event: 0.059 Thread 0x000002cced1fd690 Thread added: 0x000002cced1fd690
Event: 0.059 Thread 0x000002cced1fe890 Thread added: 0x000002cced1fe890
Event: 0.059 Thread 0x000002cced2052d0 Thread added: 0x000002cced2052d0
Event: 0.059 Thread 0x000002cced207520 Thread added: 0x000002cced207520
Event: 0.062 Thread 0x000002cd31126a30 Thread added: 0x000002cd31126a30
Event: 0.074 Thread 0x000002cd312837a0 Thread added: 0x000002cd312837a0
Event: 0.076 Thread 0x000002cd31287640 Thread added: 0x000002cd31287640
Event: 0.381 Thread 0x000002cd318e2e20 Thread added: 0x000002cd318e2e20
Event: 0.498 Thread 0x000002cd31a59f20 Thread added: 0x000002cd31a59f20
Event: 0.498 Thread 0x000002cd31a5a5d0 Thread added: 0x000002cd31a5a5d0
Event: 0.635 Thread 0x000002cd36184360 Thread added: 0x000002cd36184360


Dynamic libraries:
0x00007ff7c6e20000 - 0x00007ff7c6e30000 	C:\Program Files\Java\jdk-21\bin\java.exe
0x00007ff9fd750000 - 0x00007ff9fd967000 	C:\Windows\SYSTEM32\ntdll.dll
0x00007ff9fd230000 - 0x00007ff9fd2f4000 	C:\Windows\System32\KERNEL32.DLL
0x00007ff9fada0000 - 0x00007ff9fb14d000 	C:\Windows\System32\KERNELBASE.dll
0x00007ff9faaa0000 - 0x00007ff9fabb1000 	C:\Windows\System32\ucrtbase.dll
0x00007ff9cffe0000 - 0x00007ff9cfffb000 	C:\Program Files\Java\jdk-21\bin\VCRUNTIME140.dll
0x00007ff9cfec0000 - 0x00007ff9cfed9000 	C:\Program Files\Java\jdk-21\bin\jli.dll
0x00007ff9fb480000 - 0x00007ff9fb532000 	C:\Windows\System32\ADVAPI32.dll
0x00007ff9fd660000 - 0x00007ff9fd707000 	C:\Windows\System32\msvcrt.dll
0x00007ff9fc9b0000 - 0x00007ff9fca59000 	C:\Windows\System32\sechost.dll
0x00007ff9faa70000 - 0x00007ff9faa98000 	C:\Windows\System32\bcrypt.dll
0x00007ff9fca60000 - 0x00007ff9fcb74000 	C:\Windows\System32\RPCRT4.dll
0x00007ff9fc7f0000 - 0x00007ff9fc99e000 	C:\Windows\System32\USER32.dll
0x00007ff9ebb70000 - 0x00007ff9ebe03000 	C:\Windows\WinSxS\amd64_microsoft.windows.common-controls_6595b64144ccf1df_6.0.22621.3672_none_2713b9d173822955\COMCTL32.dll
0x00007ff9fb450000 - 0x00007ff9fb476000 	C:\Windows\System32\win32u.dll
0x00007ff9fd580000 - 0x00007ff9fd5a9000 	C:\Windows\System32\GDI32.dll
0x00007ff9fabc0000 - 0x00007ff9facd9000 	C:\Windows\System32\gdi32full.dll
0x00007ff9fb150000 - 0x00007ff9fb1ea000 	C:\Windows\System32\msvcp_win.dll
0x00007ff9f1d20000 - 0x00007ff9f1d2a000 	C:\Windows\SYSTEM32\VERSION.dll
0x00007ff9fc5f0000 - 0x00007ff9fc621000 	C:\Windows\System32\IMM32.DLL
0x00007ff9d00a0000 - 0x00007ff9d00ac000 	C:\Program Files\Java\jdk-21\bin\vcruntime140_1.dll
0x00007ff9c9410000 - 0x00007ff9c949e000 	C:\Program Files\Java\jdk-21\bin\msvcp140.dll
0x00007ff9353c0000 - 0x00007ff9360cd000 	C:\Program Files\Java\jdk-21\bin\server\jvm.dll
0x00007ff9fd000000 - 0x00007ff9fd071000 	C:\Windows\System32\WS2_32.dll
0x00007ff9f98c0000 - 0x00007ff9f990d000 	C:\Windows\SYSTEM32\POWRPROF.dll
0x00007ff9f39d0000 - 0x00007ff9f3a04000 	C:\Windows\SYSTEM32\WINMM.dll
0x00007ff9f98a0000 - 0x00007ff9f98b3000 	C:\Windows\SYSTEM32\UMPDC.dll
0x00007ff9f9af0000 - 0x00007ff9f9b08000 	C:\Windows\SYSTEM32\kernel.appcore.dll
0x00007ff9ceaf0000 - 0x00007ff9ceafa000 	C:\Program Files\Java\jdk-21\bin\jimage.dll
0x00007ff9f80a0000 - 0x00007ff9f82d2000 	C:\Windows\SYSTEM32\DBGHELP.DLL
0x00007ff9fc260000 - 0x00007ff9fc5ed000 	C:\Windows\System32\combase.dll
0x00007ff9fc710000 - 0x00007ff9fc7e7000 	C:\Windows\System32\OLEAUT32.dll
0x00007ff9cf970000 - 0x00007ff9cf9a2000 	C:\Windows\SYSTEM32\dbgcore.DLL
0x00007ff9fb3d0000 - 0x00007ff9fb44b000 	C:\Windows\System32\bcryptPrimitives.dll
0x00007ff9ceac0000 - 0x00007ff9ceadf000 	C:\Program Files\Java\jdk-21\bin\java.dll
0x00007ff9fb910000 - 0x00007ff9fc178000 	C:\Windows\System32\SHELL32.dll
0x00007ff9f8980000 - 0x00007ff9f927e000 	C:\Windows\SYSTEM32\windows.storage.dll
0x00007ff9f8840000 - 0x00007ff9f897f000 	C:\Windows\SYSTEM32\wintypes.dll
0x00007ff9fd300000 - 0x00007ff9fd3f9000 	C:\Windows\System32\SHCORE.dll
0x00007ff9fc180000 - 0x00007ff9fc1de000 	C:\Windows\System32\shlwapi.dll
0x00007ff9fa9a0000 - 0x00007ff9fa9c1000 	C:\Windows\SYSTEM32\profapi.dll
0x00007ff9a4be0000 - 0x00007ff9a4cb7000 	C:\Program Files\Java\jdk-21\bin\jsvml.dll
0x00007ff9ceab0000 - 0x00007ff9ceac0000 	C:\Program Files\Java\jdk-21\bin\net.dll
0x00007ff9f5c70000 - 0x00007ff9f5da6000 	C:\Windows\SYSTEM32\WINHTTP.dll
0x00007ff9f9fc0000 - 0x00007ff9fa029000 	C:\Windows\system32\mswsock.dll
0x00007ff9c93d0000 - 0x00007ff9c93e6000 	C:\Program Files\Java\jdk-21\bin\nio.dll
0x00007ff9c93f0000 - 0x00007ff9c9408000 	C:\Program Files\Java\jdk-21\bin\zip.dll
0x00007ff9ebeb0000 - 0x00007ff9ebec7000 	C:\Windows\system32\napinsp.dll
0x00007ff9ebe90000 - 0x00007ff9ebeab000 	C:\Windows\system32\pnrpnsp.dll
0x00007ff9f95c0000 - 0x00007ff9f96b8000 	C:\Windows\SYSTEM32\DNSAPI.dll
0x00007ff9f9550000 - 0x00007ff9f957d000 	C:\Windows\SYSTEM32\IPHLPAPI.DLL
0x00007ff9fc6e0000 - 0x00007ff9fc6e9000 	C:\Windows\System32\NSI.dll
0x00007ff9ebe70000 - 0x00007ff9ebe81000 	C:\Windows\System32\winrnr.dll
0x00007ff9cb520000 - 0x00007ff9cb535000 	C:\Windows\system32\wshbth.dll
0x00007ff9ebe40000 - 0x00007ff9ebe67000 	C:\Windows\system32\nlansp_c.dll
0x00007ff9e1b90000 - 0x00007ff9e1b9a000 	C:\Windows\System32\rasadhlp.dll
0x00007ff9f41c0000 - 0x00007ff9f4243000 	C:\Windows\System32\fwpuclnt.dll
0x00007ff935180000 - 0x00007ff9353c0000 	C:\Users\main\AppData\Roaming\Uef\UltralightCore.dll
0x00007ff9320d0000 - 0x00007ff93517d000 	C:\Users\main\AppData\Roaming\Uef\WebCore.dll
0x00007ff9fb260000 - 0x00007ff9fb3c7000 	C:\Windows\System32\CRYPT32.dll
0x00007ff9a1980000 - 0x00007ff9a19f3000 	C:\Users\main\AppData\Roaming\Uef\Ultralight.dll
0x00007ff9a4b10000 - 0x00007ff9a4b4e000 	C:\Users\main\AppData\Roaming\Uef\AppCore.dll
0x00007ff9fd080000 - 0x00007ff9fd225000 	C:\Windows\System32\ole32.dll
0x00007ff9f8300000 - 0x00007ff9f8557000 	C:\Windows\SYSTEM32\d3d11.dll
0x00007ff9f48f0000 - 0x00007ff9f4cd6000 	C:\Windows\SYSTEM32\D3DCOMPILER_47.dll
0x00007ff9f7a80000 - 0x00007ff9f7cf3000 	C:\Windows\SYSTEM32\DWrite.dll
0x00007ff9fa1f0000 - 0x00007ff9fa20b000 	C:\Windows\SYSTEM32\CRYPTSP.dll
0x00007ff9f8560000 - 0x00007ff9f8657000 	C:\Windows\SYSTEM32\dxgi.dll
0x00007ff9ba970000 - 0x00007ff9ba97b000 	C:\Users\main\IdeaProjects\java-uef\cbuild\Release\Uef.dll
0x00007ff9f7450000 - 0x00007ff9f7487000 	C:\Windows\SYSTEM32\dxcore.dll
0x00007ff9f3e20000 - 0x00007ff9f3e69000 	C:\Windows\SYSTEM32\directxdatabasehelper.dll
0x00007ff9c1290000 - 0x00007ff9c134e000 	C:\Windows\System32\DriverStore\FileRepository\nvcvig.inf_amd64_1b154e8b0df3879e\nvldumdx.dll
0x00007ff9fa700000 - 0x00007ff9fa712000 	C:\Windows\SYSTEM32\msasn1.dll
0x00007ff9f1ce0000 - 0x00007ff9f1d12000 	C:\Windows\SYSTEM32\cryptnet.dll
0x00007ff9f14e0000 - 0x00007ff9f1642000 	C:\Windows\SYSTEM32\drvstore.dll
0x00007ff9fa720000 - 0x00007ff9fa74c000 	C:\Windows\SYSTEM32\devobj.dll
0x00007ff9fa750000 - 0x00007ff9fa79e000 	C:\Windows\SYSTEM32\cfgmgr32.dll
0x00007ff9fa310000 - 0x00007ff9fa359000 	C:\Windows\SYSTEM32\wldp.dll
0x00007ff9fa210000 - 0x00007ff9fa21c000 	C:\Windows\SYSTEM32\cryptbase.dll
0x00007ff9fb1f0000 - 0x00007ff9fb25b000 	C:\Windows\System32\wintrust.dll
0x00007ff9fc240000 - 0x00007ff9fc25f000 	C:\Windows\System32\imagehlp.dll
0x00007ff9f9ab0000 - 0x00007ff9f9ae5000 	C:\Windows\system32\rsaenh.dll
0x00007ff9bedd0000 - 0x00007ff9c0fee000 	C:\Windows\System32\DriverStore\FileRepository\nvcvig.inf_amd64_1b154e8b0df3879e\nvgpucomp64.dll
0x00007ff9babc0000 - 0x00007ff9beca3000 	C:\Windows\System32\DriverStore\FileRepository\nvcvig.inf_amd64_1b154e8b0df3879e\nvwgf2umx.dll
0x00007ff994fd0000 - 0x00007ff9952a0000 	C:\Windows\system32\nvspcap64.dll
0x00007ff9f9b70000 - 0x00007ff9f9ba4000 	C:\Windows\SYSTEM32\ntmarta.dll
0x00007ff9f70c0000 - 0x00007ff9f7170000 	C:\Windows\system32\uxtheme.dll
0x00007ff9fb540000 - 0x00007ff9fb69b000 	C:\Windows\System32\MSCTF.dll
0x00007ff9ea1c0000 - 0x00007ff9ea30e000 	C:\Windows\SYSTEM32\textinputframework.dll
0x00007ff9f5420000 - 0x00007ff9f5553000 	C:\Windows\SYSTEM32\CoreMessaging.dll
0x00007ff9f2bb0000 - 0x00007ff9f2f1d000 	C:\Windows\SYSTEM32\CoreUIComponents.dll
0x00007ff9c3dd0000 - 0x00007ff9c4215000 	C:\Windows\SYSTEM32\UIAutomationCore.DLL

dbghelp: loaded successfully - version: 4.0.5 - missing functions: none
symbol engine: initialized successfully - sym options: 0x614 - pdb path: .;C:\Program Files\Java\jdk-21\bin;C:\Windows\SYSTEM32;C:\Windows\WinSxS\amd64_microsoft.windows.common-controls_6595b64144ccf1df_6.0.22621.3672_none_2713b9d173822955;C:\Program Files\Java\jdk-21\bin\server;C:\Users\main\AppData\Roaming\Uef;C:\Users\main\IdeaProjects\java-uef\cbuild\Release;C:\Windows\System32\DriverStore\FileRepository\nvcvig.inf_amd64_1b154e8b0df3879e

VM Arguments:
jvm_args: -Dfile.encoding=UTF-8 -Duser.country=JP -Duser.language=ja -Duser.variant 
java_command: net.rk4z.test.Main
java_class_path (initial): C:\Users\main\IdeaProjects\java-uef\build\classes\java\test;C:\Users\main\IdeaProjects\java-uef\build\classes\kotlin\test;C:\Users\main\IdeaProjects\java-uef\build\resources\test;C:\Users\main\IdeaProjects\java-uef\build\classes\java\main;C:\Users\main\IdeaProjects\java-uef\build\classes\kotlin\main;C:\Users\main\IdeaProjects\java-uef\build\resources\main;C:\Users\main\.gradle\caches\modules-2\files-2.1\org.jetbrains.kotlin\kotlin-stdlib\2.0.20\7388d355f7cceb002cd387ccb7ab3850e4e0a07f\kotlin-stdlib-2.0.20.jar;C:\Users\main\.gradle\caches\modules-2\files-2.1\org.apache.logging.log4j\log4j-slf4j2-impl\3.0.0-beta2\30889fe7602c02c54fd11826bbc2af5fdbfedf6a\log4j-slf4j2-impl-3.0.0-beta2.jar;C:\Users\main\.gradle\caches\modules-2\files-2.1\org.slf4j\slf4j-api\2.1.0-alpha1\4e2525fc4327cc553c52e3937427c7cf2114735f\slf4j-api-2.1.0-alpha1.jar;C:\Users\main\.gradle\caches\modules-2\files-2.1\org.jetbrains\annotations\13.0\919f0dfe192fb4e063e7dacadee7f8bb9a2672a9\annotations-13.0.jar;C:\Users\main\.gradle\caches\modules-2\files-2.1\org.apache.logging.log4j\log4j-core\3.0.0-beta2\49714119d6a0f3731d080381f5ddcd61fab27fc3\log4j-core-3.0.0-beta2.jar;C:\Users\main\.gradle\caches\modules-2\files-2.1\org.apache.logging.log4j\log4j-plugins\3.0.0-beta2\dc24089857163f36a6f3adb8b9036628def859c4\log4j-plugins-3.0.0-beta2.jar;C:\Users\main\.gradle\caches\modules-2\files-2.1\org.apache.logging.log4j\log4j-api\3.0.0-beta2\3df0cf119d50a1840f39e3dd75dbceebb46079f2\log4j-api-3.0.0-beta2.jar
Launcher Type: SUN_STANDARD

[Global flags]
     intx CICompilerCount                          = 12                                        {product} {ergonomic}
     uint ConcGCThreads                            = 3                                         {product} {ergonomic}
     uint G1ConcRefinementThreads                  = 13                                        {product} {ergonomic}
   size_t G1HeapRegionSize                         = 8388608                                   {product} {ergonomic}
    uintx GCDrainStackTargetSize                   = 64                                        {product} {ergonomic}
   size_t InitialHeapSize                          = 1073741824                                {product} {ergonomic}
   size_t MarkStackSize                            = 4194304                                   {product} {ergonomic}
   size_t MaxHeapSize                              = 17112760320                               {product} {ergonomic}
   size_t MaxNewSize                               = 10267656192                               {product} {ergonomic}
   size_t MinHeapDeltaBytes                        = 8388608                                   {product} {ergonomic}
   size_t MinHeapSize                              = 8388608                                   {product} {ergonomic}
    uintx NonNMethodCodeHeapSize                   = 7602480                                {pd product} {ergonomic}
    uintx NonProfiledCodeHeapSize                  = 122027880                              {pd product} {ergonomic}
    uintx ProfiledCodeHeapSize                     = 122027880                              {pd product} {ergonomic}
    uintx ReservedCodeCacheSize                    = 251658240                              {pd product} {ergonomic}
     bool SegmentedCodeCache                       = true                                      {product} {ergonomic}
   size_t SoftMaxHeapSize                          = 17112760320                            {manageable} {ergonomic}
     bool UseCompressedOops                        = true                           {product lp64_product} {ergonomic}
     bool UseG1GC                                  = true                                      {product} {ergonomic}
     bool UseLargePagesIndividualAllocation        = false                                  {pd product} {ergonomic}

Logging:
Log output configuration:
 #0: stdout all=warning uptime,level,tags foldmultilines=false
 #1: stderr all=off uptime,level,tags foldmultilines=false

Environment Variables:
PATH=C:\Python312\Scripts\;C:\Python312\;C:\Program Files\Smart Projects\IsoBuster;C:\Program Files\Common Files\Oracle\Java\javapath;C:\Program Files (x86)\Common Files\Oracle\Java\java8path;C:\Program Files (x86)\Common Files\Oracle\Java\javapath;C:\Windows\system32;C:\Windows;C:\Windows\System32\Wbem;C:\Windows\System32\WindowsPowerShell\v1.0\;C:\Windows\System32\OpenSSH\;C:\Program Files (x86)\NVIDIA Corporation\PhysX\Common;C:\Program Files\NVIDIA Corporation\NVIDIA NvDLISR;C:\Program Files\Git\cmd;C:\Program Files\nodejs\;C:\ProgramData\chocolatey\bin;C:\Program Files\CMake\bin;C:\Program Files\ninja;C:\Program Files (x86)\cloudflared\;C:\Program Files\Cloudflare\Cloudflare WARP\;C:\Windows\SysWOW64;C:\PHP;C:\ProgramData\ComposerSetup\bin;C:\Users\main\.cargo\bin;C:\Users\main\AppData\Local\Microsoft\WindowsApps;C:\Users\main\AppData\Local\JetBrains\Toolbox\scripts;C:\Users\main\AppData\Roaming\npm;C:\Users\main\AppData\Roaming\Programs\Zero Install;C:\Users\main\AppData\Roaming\Composer\vendor\bin
USERNAME=main
OS=Windows_NT
PROCESSOR_IDENTIFIER=Intel64 Family 6 Model 154 Stepping 3, GenuineIntel
TMP=C:\Users\main\AppData\Local\Temp
TEMP=C:\Users\main\AppData\Local\Temp




Periodic native trim disabled

---------------  S Y S T E M  ---------------

OS:
 Windows 11 , 64 bit Build 22621 (10.0.22621.3958)
OS uptime: 1 days 13:20 hours
Hyper-V role detected

CPU: total 16 (initial active 16) (8 cores per cpu, 2 threads per core) family 6 model 154 stepping 3 microcode 0x41e, cx8, cmov, fxsr, ht, mmx, 3dnowpref, sse, sse2, sse3, ssse3, sse4.1, sse4.2, popcnt, lzcnt, tsc, tscinvbit, avx, avx2, aes, erms, clmul, bmi1, bmi2, adx, sha, fma, vzeroupper, clflush, clflushopt, clwb, hv, serialize, rdtscp, rdpid, fsrm, f16c, cet_ibt, cet_ss
Processor Information for processor 0
  Max Mhz: 2500, Current Mhz: 2500, Mhz Limit: 2500
Processor Information for processor 1
  Max Mhz: 2500, Current Mhz: 2500, Mhz Limit: 2500
Processor Information for processor 2
  Max Mhz: 2500, Current Mhz: 2500, Mhz Limit: 2500
Processor Information for processor 3
  Max Mhz: 2500, Current Mhz: 2500, Mhz Limit: 2500
Processor Information for processor 4
  Max Mhz: 2500, Current Mhz: 2500, Mhz Limit: 2500
Processor Information for processor 5
  Max Mhz: 2500, Current Mhz: 2500, Mhz Limit: 2500
Processor Information for processor 6
  Max Mhz: 2500, Current Mhz: 2500, Mhz Limit: 2500
Processor Information for processor 7
  Max Mhz: 2500, Current Mhz: 2500, Mhz Limit: 2500
Processor Information for processor 8
  Max Mhz: 2500, Current Mhz: 1800, Mhz Limit: 1800
Processor Information for processor 9
  Max Mhz: 2500, Current Mhz: 1800, Mhz Limit: 1800
Processor Information for processor 10
  Max Mhz: 2500, Current Mhz: 1800, Mhz Limit: 1800
Processor Information for processor 11
  Max Mhz: 2500, Current Mhz: 1800, Mhz Limit: 1800
Processor Information for processor 12
  Max Mhz: 2500, Current Mhz: 1800, Mhz Limit: 1800
Processor Information for processor 13
  Max Mhz: 2500, Current Mhz: 1800, Mhz Limit: 1800
Processor Information for processor 14
  Max Mhz: 2500, Current Mhz: 1800, Mhz Limit: 1800
Processor Information for processor 15
  Max Mhz: 2500, Current Mhz: 1800, Mhz Limit: 1800

Memory: 4k page, system-wide physical 65256M (47470M free)
TotalPageFile size 69352M (AvailPageFile size 48614M)
current process WorkingSet (physical memory assigned to process): 119M, peak: 119M
current process commit charge ("private bytes"): 1235M, peak: 1235M

vm_info: Java HotSpot(TM) 64-Bit Server VM (21.0.3+7-LTS-152) for windows-amd64 JRE (21.0.3+7-LTS-152), built on 2024-03-11T17:42:26Z by "mach5one" with MS VC++ 17.6 (VS2022)

END.
