#
# A fatal error has been detected by the Java Runtime Environment:
#
#  EXCEPTION_ACCESS_VIOLATION (0xc0000005) at pc=0x00007ff9562e21e0, pid=21472, tid=17508
#
# JRE version: Java(TM) SE Runtime Environment (21.0.3+7) (build 21.0.3+7-LTS-152)
# Java VM: Java HotSpot(TM) 64-Bit Server VM (21.0.3+7-LTS-152, mixed mode, sharing, tiered, compressed oops, compressed class ptrs, g1 gc, windows-amd64)
# Problematic frame:
# V  [jvm.dll+0x4421e0]
#
# No core dump will be written. Minidumps are not enabled by default on client versions of Windows
#
# If you would like to submit a bug report, please visit:
#   https://bugreport.java.com/bugreport/crash.jsp
#

---------------  S U M M A R Y ------------

Command Line: -Dfile.encoding=UTF-8 -Duser.country=JP -Duser.language=ja -Duser.variant net.rk4z.test.Main

Host: 12th Gen Intel(R) Core(TM) i5-12500H, 16 cores, 63G,  Windows 11 , 64 bit Build 22621 (10.0.22621.3958)
Time: Sat Sep  7 22:54:28 2024  Windows 11 , 64 bit Build 22621 (10.0.22621.3958) elapsed time: 0.066882 seconds (0d 0h 0m 0s)

---------------  T H R E A D  ---------------

Current thread (0x000001ee3dfa9920):  JavaThread "main"             [_thread_in_vm, id=17508, stack(0x0000002e7bd00000,0x0000002e7be00000) (1024K)]

Stack: [0x0000002e7bd00000,0x0000002e7be00000],  sp=0x0000002e7bdff2a0,  free space=1020k
Native frames: (J=compiled Java code, j=interpreted, Vv=VM code, C=native code)
V  [jvm.dll+0x4421e0]
C  [Uef.dll+0x168c]

Java frames: (J=compiled Java code, j=interpreted, Vv=VM code)
j  net.rk4z.juef.UefApp.createApp(Lnet/rk4z/juef/UefConfig;Lnet/rk4z/juef/UefSettings;)V+0
j  net.rk4z.test.Main.main([Ljava/lang/String;)V+102
v  ~StubRoutines::call_stub 0x000001ee4d87100d

siginfo: EXCEPTION_ACCESS_VIOLATION (0xc0000005), reading address 0x0000000000000000


Registers:
RAX=0x0000000000000000, RBX=0x000001ee3dfa9920, RCX=0x000001ee3dfa9cd8, RDX=0x0000000000000000
RSP=0x0000002e7bdff2a0, RBP=0x0000002e7bdff400, RSI=0x0000000000000000, RDI=0x0000000000000000
R8 =0x0000000000000000, R9 =0x00007ff9562e2110, R10=0x0000000000000003, R11=0x0000002e7bdff260
R12=0x0000000000000000, R13=0x0000002e7bdff640, R14=0x0000000000000000, R15=0x0000000002000000
RIP=0x00007ff9562e21e0, EFLAGS=0x0000000000010293


Register to memory mapping:

RAX=0x0 is null
RBX=0x000001ee3dfa9920 is a thread
RCX=0x000001ee3dfa9cd8 points into unknown readable memory: 0x00007ff956a54600 | 00 46 a5 56 f9 7f 00 00
RDX=0x0 is null
RSP=0x0000002e7bdff2a0 is pointing into the stack for thread: 0x000001ee3dfa9920
RBP=0x0000002e7bdff400 is pointing into the stack for thread: 0x000001ee3dfa9920
RSI=0x0 is null
RDI=0x0 is null
R8 =0x0 is null
R9 =0x00007ff9562e2110 jvm.dll
R10=0x0000000000000003 is an unknown value
R11=0x0000002e7bdff260 is pointing into the stack for thread: 0x000001ee3dfa9920
R12=0x0 is null
R13=0x0000002e7bdff640 is pointing into the stack for thread: 0x000001ee3dfa9920
R14=0x0 is null
R15=0x0000000002000000 is an unknown value

Top of Stack: (sp=0x0000002e7bdff2a0)
0x0000002e7bdff2a0:   0000002e7bdff400 0000000000000000
0x0000002e7bdff2b0:   0000000000000000 0000000000000122
0x0000002e7bdff2c0:   000001ee3dfa9920 0000000000000000
0x0000002e7bdff2d0:   000001ee3dfa9cd8 0000000000000000
0x0000002e7bdff2e0:   0000000000000010 0000000000000000
0x0000002e7bdff2f0:   000001ee3dfa9cd8 00007ff9e281168c
0x0000002e7bdff300:   0000002e7bdff400 0000000000100000
0x0000002e7bdff310:   0000000002000000 000000007bdf0000
0x0000002e7bdff320:   000001ee3bda9500 000001ee69d5bbe8
0x0000002e7bdff330:   0000000004000000 0000000000000000
0x0000002e7bdff340:   0000000000000000 0000000000000042
0x0000002e7bdff350:   0000000000000000 0000000000000000
0x0000002e7bdff360:   000001ee6cdc5050 0000000000000008
0x0000002e7bdff370:   000001ee6cdc4d90 0000000000000009
0x0000002e7bdff380:   000001ee69d47610 0000000000000005
0x0000002e7bdff390:   000001ee6cdc50b0 0000000000000009
0x0000002e7bdff3a0:   000001ee6cdc5290 0000000000000009
0x0000002e7bdff3b0:   000001ee69d47630 0000000000000005
0x0000002e7bdff3c0:   000001ee6cdc4d10 0000000000000009
0x0000002e7bdff3d0:   74616572635f0000 0000002e7bdff2d0
0x0000002e7bdff3e0:   0000000000000000 0000000000000000
0x0000002e7bdff3f0:   000001ee4d893480 000001ee00000400
0x0000002e7bdff400:   0000002e7bdff408 00007ff9568c2018
0x0000002e7bdff410:   0000000000000000 00007ff956539060
0x0000002e7bdff420:   0000000000000000 0000000000000000
0x0000002e7bdff430:   000001ee3dfa9900 0000000000000000
0x0000002e7bdff440:   000001ee6cd65300 0000000000000000
0x0000002e7bdff450:   0000000000000000 00007ff95650c900
0x0000002e7bdff460:   0000000000000000 0000000000000000
0x0000002e7bdff470:   0000000000000000 0000000000000000
0x0000002e7bdff480:   0000000000000000 00000008ae401b00
0x0000002e7bdff490:   00007ff95687b1c8 000001ee6cd971a8 

Instructions: (pc=0x00007ff9562e21e0)
0x00007ff9562e20e0:   89 41 20 48 8d 8b 98 03 00 00 e8 81 03 ed ff 90
0x00007ff9562e20f0:   8b c6 48 8b 74 24 58 c7 83 4c 04 00 00 04 00 00
0x00007ff9562e2100:   00 48 8b 5c 24 50 48 83 c4 40 5f c3 cc cc cc cc
0x00007ff9562e2110:   40 53 56 57 48 83 ec 40 8b 81 b8 00 00 00 48 8d
0x00007ff9562e2120:   99 48 fc ff ff 05 53 21 ff ff 48 89 6c 24 60 4c
0x00007ff9562e2130:   89 74 24 68 4d 8b f0 48 8b fa 83 f8 01 77 08 48
0x00007ff9562e2140:   8b cb e8 39 59 fa ff 80 3d e2 84 7d 00 00 c7 83
0x00007ff9562e2150:   4c 04 00 00 06 00 00 00 75 06 e8 31 51 27 00 90
0x00007ff9562e2160:   48 8b 83 50 04 00 00 a8 01 74 0d 45 33 c0 b2 01
0x00007ff9562e2170:   48 8b cb e8 38 42 2e 00 8b 83 48 04 00 00 a8 0c
0x00007ff9562e2180:   74 08 48 8b cb e8 a6 6d fa ff 33 f6 c7 83 4c 04
0x00007ff9562e2190:   00 00 06 00 00 00 48 89 5c 24 20 48 89 74 24 28
0x00007ff9562e21a0:   48 39 73 08 74 0a 48 8d 4c 24 20 e8 d0 0e 2b 00
0x00007ff9562e21b0:   48 8b c7 83 e0 03 48 83 f8 01 75 0f 48 8d 4f ff
0x00007ff9562e21c0:   ff 15 da f7 76 00 48 8b f8 eb 18 48 83 f8 02 75
0x00007ff9562e21d0:   0f 48 8d 4f fe ff 15 45 6e 76 00 48 8b f8 eb 03
0x00007ff9562e21e0:   48 8b 3f 48 63 15 7e 92 7d 00 48 8b cf ff 15 a5
0x00007ff9562e21f0:   f7 76 00 48 8b e8 48 85 c0 74 4c 48 8b d0 4c 89
0x00007ff9562e2200:   7c 24 70 48 8b cf e8 c5 4a fa ff 4c 63 f8 41 b8
0x00007ff9562e2210:   01 00 00 00 b2 09 49 8d 4f 01 e8 b1 d3 c7 ff 48
0x00007ff9562e2220:   8b f0 48 85 c0 74 1b 45 8d 4f 01 4c 8b c0 48 8b
0x00007ff9562e2230:   d5 48 8b cf e8 c7 9c f9 ff 4d 85 f6 74 04 41 c6
0x00007ff9562e2240:   06 01 4c 8b 7c 24 70 48 83 7c 24 28 00 4c 8b 74
0x00007ff9562e2250:   24 68 48 8b 6c 24 60 74 0a 48 8d 4c 24 20 e8 9d
0x00007ff9562e2260:   0e 2b 00 48 8b bb 98 01 00 00 48 8b 47 10 48 83
0x00007ff9562e2270:   38 00 74 08 48 8b cf e8 24 87 f5 ff 48 8b 4f 08
0x00007ff9562e2280:   48 8b 47 10 48 89 41 10 48 8b 4f 08 48 8b 47 18
0x00007ff9562e2290:   48 89 41 18 48 8b 4f 08 48 8b 47 20 48 89 41 20
0x00007ff9562e22a0:   48 8d 8b 98 03 00 00 e8 c4 01 ed ff 90 48 8b c6
0x00007ff9562e22b0:   c7 83 4c 04 00 00 04 00 00 00 48 83 c4 40 5f 5e
0x00007ff9562e22c0:   5b c3 cc cc cc cc cc cc cc cc cc cc cc cc cc cc
0x00007ff9562e22d0:   40 53 48 83 ec 20 8b 81 b8 00 00 00 48 81 c1 48 


Stack slot to memory mapping:

stack at sp + 0 slots: 0x0000002e7bdff400 is pointing into the stack for thread: 0x000001ee3dfa9920
stack at sp + 1 slots: 0x0 is null
stack at sp + 2 slots: 0x0 is null
stack at sp + 3 slots: 0x0000000000000122 is an unknown value
stack at sp + 4 slots: 0x000001ee3dfa9920 is a thread
stack at sp + 5 slots: 0x0 is null
stack at sp + 6 slots: 0x000001ee3dfa9cd8 points into unknown readable memory: 0x00007ff956a54600 | 00 46 a5 56 f9 7f 00 00
stack at sp + 7 slots: 0x0 is null


---------------  P R O C E S S  ---------------

Threads class SMR info:
_java_thread_list=0x000001ee6cd8ec10, length=13, elements={
0x000001ee3dfa9920, 0x000001ee69d7dda0, 0x000001ee69d755d0, 0x000001ee6cbd1f80,
0x000001ee6cbd2a00, 0x000001ee6cbd3590, 0x000001ee6cbd4120, 0x000001ee6cbd5110,
0x000001ee6cbe1920, 0x000001ee6cc438c0, 0x000001ee6cdb4660, 0x000001ee6cdc5a90,
0x000001ee6cdc66d0
}

Java Threads: ( => current thread )
=>0x000001ee3dfa9920 JavaThread "main"                              [_thread_in_vm, id=17508, stack(0x0000002e7bd00000,0x0000002e7be00000) (1024K)]
  0x000001ee69d7dda0 JavaThread "Reference Handler"          daemon [_thread_blocked, id=23224, stack(0x0000002e7c500000,0x0000002e7c600000) (1024K)]
  0x000001ee69d755d0 JavaThread "Finalizer"                  daemon [_thread_blocked, id=22736, stack(0x0000002e7c600000,0x0000002e7c700000) (1024K)]
  0x000001ee6cbd1f80 JavaThread "Signal Dispatcher"          daemon [_thread_blocked, id=7312, stack(0x0000002e7c700000,0x0000002e7c800000) (1024K)]
  0x000001ee6cbd2a00 JavaThread "Attach Listener"            daemon [_thread_blocked, id=18596, stack(0x0000002e7c800000,0x0000002e7c900000) (1024K)]
  0x000001ee6cbd3590 JavaThread "Service Thread"             daemon [_thread_blocked, id=8840, stack(0x0000002e7c900000,0x0000002e7ca00000) (1024K)]
  0x000001ee6cbd4120 JavaThread "Monitor Deflation Thread"   daemon [_thread_blocked, id=20972, stack(0x0000002e7ca00000,0x0000002e7cb00000) (1024K)]
  0x000001ee6cbd5110 JavaThread "C2 CompilerThread0"         daemon [_thread_blocked, id=21176, stack(0x0000002e7cb00000,0x0000002e7cc00000) (1024K)]
  0x000001ee6cbe1920 JavaThread "C1 CompilerThread0"         daemon [_thread_blocked, id=11240, stack(0x0000002e7cc00000,0x0000002e7cd00000) (1024K)]
  0x000001ee6cc438c0 JavaThread "C1 CompilerThread1"         daemon [_thread_blocked, id=21984, stack(0x0000002e7cd00000,0x0000002e7ce00000) (1024K)]
  0x000001ee6cdb4660 JavaThread "C1 CompilerThread2"         daemon [_thread_blocked, id=23428, stack(0x0000002e7ce00000,0x0000002e7cf00000) (1024K)]
  0x000001ee6cdc5a90 JavaThread "Notification Thread"        daemon [_thread_blocked, id=6380, stack(0x0000002e7cf00000,0x0000002e7d000000) (1024K)]
  0x000001ee6cdc66d0 JavaThread "Common-Cleaner"             daemon [_thread_blocked, id=16352, stack(0x0000002e7d000000,0x0000002e7d100000) (1024K)]
Total: 13

Other Threads:
  0x000001ee69d5aeb0 VMThread "VM Thread"                           [id=17780, stack(0x0000002e7c400000,0x0000002e7c500000) (1024K)]
  0x000001ee69d46150 WatcherThread "VM Periodic Task Thread"        [id=9660, stack(0x0000002e7c300000,0x0000002e7c400000) (1024K)]
  0x000001ee3e0511d0 WorkerThread "GC Thread#0"                     [id=5252, stack(0x0000002e7be00000,0x0000002e7bf00000) (1024K)]
  0x000001ee3e061f10 ConcurrentGCThread "G1 Main Marker"            [id=14056, stack(0x0000002e7bf00000,0x0000002e7c000000) (1024K)]
  0x000001ee3e062910 WorkerThread "G1 Conc#0"                       [id=12180, stack(0x0000002e7c000000,0x0000002e7c100000) (1024K)]
  0x000001ee69c84550 ConcurrentGCThread "G1 Refine#0"               [id=3148, stack(0x0000002e7c100000,0x0000002e7c200000) (1024K)]
  0x000001ee69c84fc0 ConcurrentGCThread "G1 Service"                [id=19964, stack(0x0000002e7c200000,0x0000002e7c300000) (1024K)]
Total: 7

Threads with active compile tasks:
Total: 0

VM state: not at safepoint (normal execution)

VM Mutex/Monitor currently owned by a thread: None

Heap address: 0x0000000404000000, size: 16320 MB, Compressed Oops mode: Zero based, Oop shift amount: 3

CDS archive(s) mapped at: [0x000001ee6d000000-0x000001ee6dc90000-0x000001ee6dc90000), size 13172736, SharedBaseAddress: 0x000001ee6d000000, ArchiveRelocationMode: 1.
Compressed class space mapped at: 0x000001ee6e000000-0x000001eeae000000, reserved size: 1073741824
Narrow klass base: 0x000001ee6d000000, Narrow klass shift: 0, Narrow klass range: 0x100000000

GC Precious Log:
 CardTable entry size: 512
 Card Set container configuration: InlinePtr #cards 4 size 8 Array Of Cards #cards 64 size 144 Howl #buckets 8 coarsen threshold 14745 Howl Bitmap #cards 2048 size 272 coarsen threshold 1843 Card regions per heap region 1 cards per card region 16384
 CPUs: 16 total, 16 available
 Memory: 65256M
 Large Page Support: Disabled
 NUMA Support: Disabled
 Compressed Oops: Enabled (Zero based)
 Heap Region Size: 8M
 Heap Min Capacity: 8M
 Heap Initial Capacity: 1G
 Heap Max Capacity: 16320M
 Pre-touch: Disabled
 Parallel Workers: 13
 Concurrent Workers: 3
 Concurrent Refinement Workers: 13
 Periodic GC: Disabled

Heap:
 garbage-first heap   total 1048576K, used 0K [0x0000000404000000, 0x0000000800000000)
  region size 8192K, 1 young (8192K), 0 survivors (0K)
 Metaspace       used 214K, committed 384K, reserved 1114112K
  class space    used 15K, committed 128K, reserved 1048576K

Heap Regions: E=young(eden), S=young(survivor), O=old, HS=humongous(starts), HC=humongous(continues), CS=collection set, F=free, TAMS=top-at-mark-start, PB=parsable bottom
|   0|0x0000000404000000, 0x0000000404000000, 0x0000000404800000|  0%| F|  |TAMS 0x0000000404000000| PB 0x0000000404000000| Untracked 
|   1|0x0000000404800000, 0x0000000404800000, 0x0000000405000000|  0%| F|  |TAMS 0x0000000404800000| PB 0x0000000404800000| Untracked 
|   2|0x0000000405000000, 0x0000000405000000, 0x0000000405800000|  0%| F|  |TAMS 0x0000000405000000| PB 0x0000000405000000| Untracked 
|   3|0x0000000405800000, 0x0000000405800000, 0x0000000406000000|  0%| F|  |TAMS 0x0000000405800000| PB 0x0000000405800000| Untracked 
|   4|0x0000000406000000, 0x0000000406000000, 0x0000000406800000|  0%| F|  |TAMS 0x0000000406000000| PB 0x0000000406000000| Untracked 
|   5|0x0000000406800000, 0x0000000406800000, 0x0000000407000000|  0%| F|  |TAMS 0x0000000406800000| PB 0x0000000406800000| Untracked 
|   6|0x0000000407000000, 0x0000000407000000, 0x0000000407800000|  0%| F|  |TAMS 0x0000000407000000| PB 0x0000000407000000| Untracked 
|   7|0x0000000407800000, 0x0000000407800000, 0x0000000408000000|  0%| F|  |TAMS 0x0000000407800000| PB 0x0000000407800000| Untracked 
|   8|0x0000000408000000, 0x0000000408000000, 0x0000000408800000|  0%| F|  |TAMS 0x0000000408000000| PB 0x0000000408000000| Untracked 
|   9|0x0000000408800000, 0x0000000408800000, 0x0000000409000000|  0%| F|  |TAMS 0x0000000408800000| PB 0x0000000408800000| Untracked 
|  10|0x0000000409000000, 0x0000000409000000, 0x0000000409800000|  0%| F|  |TAMS 0x0000000409000000| PB 0x0000000409000000| Untracked 
|  11|0x0000000409800000, 0x0000000409800000, 0x000000040a000000|  0%| F|  |TAMS 0x0000000409800000| PB 0x0000000409800000| Untracked 
|  12|0x000000040a000000, 0x000000040a000000, 0x000000040a800000|  0%| F|  |TAMS 0x000000040a000000| PB 0x000000040a000000| Untracked 
|  13|0x000000040a800000, 0x000000040a800000, 0x000000040b000000|  0%| F|  |TAMS 0x000000040a800000| PB 0x000000040a800000| Untracked 
|  14|0x000000040b000000, 0x000000040b000000, 0x000000040b800000|  0%| F|  |TAMS 0x000000040b000000| PB 0x000000040b000000| Untracked 
|  15|0x000000040b800000, 0x000000040b800000, 0x000000040c000000|  0%| F|  |TAMS 0x000000040b800000| PB 0x000000040b800000| Untracked 
|  16|0x000000040c000000, 0x000000040c000000, 0x000000040c800000|  0%| F|  |TAMS 0x000000040c000000| PB 0x000000040c000000| Untracked 
|  17|0x000000040c800000, 0x000000040c800000, 0x000000040d000000|  0%| F|  |TAMS 0x000000040c800000| PB 0x000000040c800000| Untracked 
|  18|0x000000040d000000, 0x000000040d000000, 0x000000040d800000|  0%| F|  |TAMS 0x000000040d000000| PB 0x000000040d000000| Untracked 
|  19|0x000000040d800000, 0x000000040d800000, 0x000000040e000000|  0%| F|  |TAMS 0x000000040d800000| PB 0x000000040d800000| Untracked 
|  20|0x000000040e000000, 0x000000040e000000, 0x000000040e800000|  0%| F|  |TAMS 0x000000040e000000| PB 0x000000040e000000| Untracked 
|  21|0x000000040e800000, 0x000000040e800000, 0x000000040f000000|  0%| F|  |TAMS 0x000000040e800000| PB 0x000000040e800000| Untracked 
|  22|0x000000040f000000, 0x000000040f000000, 0x000000040f800000|  0%| F|  |TAMS 0x000000040f000000| PB 0x000000040f000000| Untracked 
|  23|0x000000040f800000, 0x000000040f800000, 0x0000000410000000|  0%| F|  |TAMS 0x000000040f800000| PB 0x000000040f800000| Untracked 
|  24|0x0000000410000000, 0x0000000410000000, 0x0000000410800000|  0%| F|  |TAMS 0x0000000410000000| PB 0x0000000410000000| Untracked 
|  25|0x0000000410800000, 0x0000000410800000, 0x0000000411000000|  0%| F|  |TAMS 0x0000000410800000| PB 0x0000000410800000| Untracked 
|  26|0x0000000411000000, 0x0000000411000000, 0x0000000411800000|  0%| F|  |TAMS 0x0000000411000000| PB 0x0000000411000000| Untracked 
|  27|0x0000000411800000, 0x0000000411800000, 0x0000000412000000|  0%| F|  |TAMS 0x0000000411800000| PB 0x0000000411800000| Untracked 
|  28|0x0000000412000000, 0x0000000412000000, 0x0000000412800000|  0%| F|  |TAMS 0x0000000412000000| PB 0x0000000412000000| Untracked 
|  29|0x0000000412800000, 0x0000000412800000, 0x0000000413000000|  0%| F|  |TAMS 0x0000000412800000| PB 0x0000000412800000| Untracked 
|  30|0x0000000413000000, 0x0000000413000000, 0x0000000413800000|  0%| F|  |TAMS 0x0000000413000000| PB 0x0000000413000000| Untracked 
|  31|0x0000000413800000, 0x0000000413800000, 0x0000000414000000|  0%| F|  |TAMS 0x0000000413800000| PB 0x0000000413800000| Untracked 
|  32|0x0000000414000000, 0x0000000414000000, 0x0000000414800000|  0%| F|  |TAMS 0x0000000414000000| PB 0x0000000414000000| Untracked 
|  33|0x0000000414800000, 0x0000000414800000, 0x0000000415000000|  0%| F|  |TAMS 0x0000000414800000| PB 0x0000000414800000| Untracked 
|  34|0x0000000415000000, 0x0000000415000000, 0x0000000415800000|  0%| F|  |TAMS 0x0000000415000000| PB 0x0000000415000000| Untracked 
|  35|0x0000000415800000, 0x0000000415800000, 0x0000000416000000|  0%| F|  |TAMS 0x0000000415800000| PB 0x0000000415800000| Untracked 
|  36|0x0000000416000000, 0x0000000416000000, 0x0000000416800000|  0%| F|  |TAMS 0x0000000416000000| PB 0x0000000416000000| Untracked 
|  37|0x0000000416800000, 0x0000000416800000, 0x0000000417000000|  0%| F|  |TAMS 0x0000000416800000| PB 0x0000000416800000| Untracked 
|  38|0x0000000417000000, 0x0000000417000000, 0x0000000417800000|  0%| F|  |TAMS 0x0000000417000000| PB 0x0000000417000000| Untracked 
|  39|0x0000000417800000, 0x0000000417800000, 0x0000000418000000|  0%| F|  |TAMS 0x0000000417800000| PB 0x0000000417800000| Untracked 
|  40|0x0000000418000000, 0x0000000418000000, 0x0000000418800000|  0%| F|  |TAMS 0x0000000418000000| PB 0x0000000418000000| Untracked 
|  41|0x0000000418800000, 0x0000000418800000, 0x0000000419000000|  0%| F|  |TAMS 0x0000000418800000| PB 0x0000000418800000| Untracked 
|  42|0x0000000419000000, 0x0000000419000000, 0x0000000419800000|  0%| F|  |TAMS 0x0000000419000000| PB 0x0000000419000000| Untracked 
|  43|0x0000000419800000, 0x0000000419800000, 0x000000041a000000|  0%| F|  |TAMS 0x0000000419800000| PB 0x0000000419800000| Untracked 
|  44|0x000000041a000000, 0x000000041a000000, 0x000000041a800000|  0%| F|  |TAMS 0x000000041a000000| PB 0x000000041a000000| Untracked 
|  45|0x000000041a800000, 0x000000041a800000, 0x000000041b000000|  0%| F|  |TAMS 0x000000041a800000| PB 0x000000041a800000| Untracked 
|  46|0x000000041b000000, 0x000000041b000000, 0x000000041b800000|  0%| F|  |TAMS 0x000000041b000000| PB 0x000000041b000000| Untracked 
|  47|0x000000041b800000, 0x000000041b800000, 0x000000041c000000|  0%| F|  |TAMS 0x000000041b800000| PB 0x000000041b800000| Untracked 
|  48|0x000000041c000000, 0x000000041c000000, 0x000000041c800000|  0%| F|  |TAMS 0x000000041c000000| PB 0x000000041c000000| Untracked 
|  49|0x000000041c800000, 0x000000041c800000, 0x000000041d000000|  0%| F|  |TAMS 0x000000041c800000| PB 0x000000041c800000| Untracked 
|  50|0x000000041d000000, 0x000000041d000000, 0x000000041d800000|  0%| F|  |TAMS 0x000000041d000000| PB 0x000000041d000000| Untracked 
|  51|0x000000041d800000, 0x000000041d800000, 0x000000041e000000|  0%| F|  |TAMS 0x000000041d800000| PB 0x000000041d800000| Untracked 
|  52|0x000000041e000000, 0x000000041e000000, 0x000000041e800000|  0%| F|  |TAMS 0x000000041e000000| PB 0x000000041e000000| Untracked 
|  53|0x000000041e800000, 0x000000041e800000, 0x000000041f000000|  0%| F|  |TAMS 0x000000041e800000| PB 0x000000041e800000| Untracked 
|  54|0x000000041f000000, 0x000000041f000000, 0x000000041f800000|  0%| F|  |TAMS 0x000000041f000000| PB 0x000000041f000000| Untracked 
|  55|0x000000041f800000, 0x000000041f800000, 0x0000000420000000|  0%| F|  |TAMS 0x000000041f800000| PB 0x000000041f800000| Untracked 
|  56|0x0000000420000000, 0x0000000420000000, 0x0000000420800000|  0%| F|  |TAMS 0x0000000420000000| PB 0x0000000420000000| Untracked 
|  57|0x0000000420800000, 0x0000000420800000, 0x0000000421000000|  0%| F|  |TAMS 0x0000000420800000| PB 0x0000000420800000| Untracked 
|  58|0x0000000421000000, 0x0000000421000000, 0x0000000421800000|  0%| F|  |TAMS 0x0000000421000000| PB 0x0000000421000000| Untracked 
|  59|0x0000000421800000, 0x0000000421800000, 0x0000000422000000|  0%| F|  |TAMS 0x0000000421800000| PB 0x0000000421800000| Untracked 
|  60|0x0000000422000000, 0x0000000422000000, 0x0000000422800000|  0%| F|  |TAMS 0x0000000422000000| PB 0x0000000422000000| Untracked 
|  61|0x0000000422800000, 0x0000000422800000, 0x0000000423000000|  0%| F|  |TAMS 0x0000000422800000| PB 0x0000000422800000| Untracked 
|  62|0x0000000423000000, 0x0000000423000000, 0x0000000423800000|  0%| F|  |TAMS 0x0000000423000000| PB 0x0000000423000000| Untracked 
|  63|0x0000000423800000, 0x0000000423800000, 0x0000000424000000|  0%| F|  |TAMS 0x0000000423800000| PB 0x0000000423800000| Untracked 
|  64|0x0000000424000000, 0x0000000424000000, 0x0000000424800000|  0%| F|  |TAMS 0x0000000424000000| PB 0x0000000424000000| Untracked 
|  65|0x0000000424800000, 0x0000000424800000, 0x0000000425000000|  0%| F|  |TAMS 0x0000000424800000| PB 0x0000000424800000| Untracked 
|  66|0x0000000425000000, 0x0000000425000000, 0x0000000425800000|  0%| F|  |TAMS 0x0000000425000000| PB 0x0000000425000000| Untracked 
|  67|0x0000000425800000, 0x0000000425800000, 0x0000000426000000|  0%| F|  |TAMS 0x0000000425800000| PB 0x0000000425800000| Untracked 
|  68|0x0000000426000000, 0x0000000426000000, 0x0000000426800000|  0%| F|  |TAMS 0x0000000426000000| PB 0x0000000426000000| Untracked 
|  69|0x0000000426800000, 0x0000000426800000, 0x0000000427000000|  0%| F|  |TAMS 0x0000000426800000| PB 0x0000000426800000| Untracked 
|  70|0x0000000427000000, 0x0000000427000000, 0x0000000427800000|  0%| F|  |TAMS 0x0000000427000000| PB 0x0000000427000000| Untracked 
|  71|0x0000000427800000, 0x0000000427800000, 0x0000000428000000|  0%| F|  |TAMS 0x0000000427800000| PB 0x0000000427800000| Untracked 
|  72|0x0000000428000000, 0x0000000428000000, 0x0000000428800000|  0%| F|  |TAMS 0x0000000428000000| PB 0x0000000428000000| Untracked 
|  73|0x0000000428800000, 0x0000000428800000, 0x0000000429000000|  0%| F|  |TAMS 0x0000000428800000| PB 0x0000000428800000| Untracked 
|  74|0x0000000429000000, 0x0000000429000000, 0x0000000429800000|  0%| F|  |TAMS 0x0000000429000000| PB 0x0000000429000000| Untracked 
|  75|0x0000000429800000, 0x0000000429800000, 0x000000042a000000|  0%| F|  |TAMS 0x0000000429800000| PB 0x0000000429800000| Untracked 
|  76|0x000000042a000000, 0x000000042a000000, 0x000000042a800000|  0%| F|  |TAMS 0x000000042a000000| PB 0x000000042a000000| Untracked 
|  77|0x000000042a800000, 0x000000042a800000, 0x000000042b000000|  0%| F|  |TAMS 0x000000042a800000| PB 0x000000042a800000| Untracked 
|  78|0x000000042b000000, 0x000000042b000000, 0x000000042b800000|  0%| F|  |TAMS 0x000000042b000000| PB 0x000000042b000000| Untracked 
|  79|0x000000042b800000, 0x000000042b800000, 0x000000042c000000|  0%| F|  |TAMS 0x000000042b800000| PB 0x000000042b800000| Untracked 
|  80|0x000000042c000000, 0x000000042c000000, 0x000000042c800000|  0%| F|  |TAMS 0x000000042c000000| PB 0x000000042c000000| Untracked 
|  81|0x000000042c800000, 0x000000042c800000, 0x000000042d000000|  0%| F|  |TAMS 0x000000042c800000| PB 0x000000042c800000| Untracked 
|  82|0x000000042d000000, 0x000000042d000000, 0x000000042d800000|  0%| F|  |TAMS 0x000000042d000000| PB 0x000000042d000000| Untracked 
|  83|0x000000042d800000, 0x000000042d800000, 0x000000042e000000|  0%| F|  |TAMS 0x000000042d800000| PB 0x000000042d800000| Untracked 
|  84|0x000000042e000000, 0x000000042e000000, 0x000000042e800000|  0%| F|  |TAMS 0x000000042e000000| PB 0x000000042e000000| Untracked 
|  85|0x000000042e800000, 0x000000042e800000, 0x000000042f000000|  0%| F|  |TAMS 0x000000042e800000| PB 0x000000042e800000| Untracked 
|  86|0x000000042f000000, 0x000000042f000000, 0x000000042f800000|  0%| F|  |TAMS 0x000000042f000000| PB 0x000000042f000000| Untracked 
|  87|0x000000042f800000, 0x000000042f800000, 0x0000000430000000|  0%| F|  |TAMS 0x000000042f800000| PB 0x000000042f800000| Untracked 
|  88|0x0000000430000000, 0x0000000430000000, 0x0000000430800000|  0%| F|  |TAMS 0x0000000430000000| PB 0x0000000430000000| Untracked 
|  89|0x0000000430800000, 0x0000000430800000, 0x0000000431000000|  0%| F|  |TAMS 0x0000000430800000| PB 0x0000000430800000| Untracked 
|  90|0x0000000431000000, 0x0000000431000000, 0x0000000431800000|  0%| F|  |TAMS 0x0000000431000000| PB 0x0000000431000000| Untracked 
|  91|0x0000000431800000, 0x0000000431800000, 0x0000000432000000|  0%| F|  |TAMS 0x0000000431800000| PB 0x0000000431800000| Untracked 
|  92|0x0000000432000000, 0x0000000432000000, 0x0000000432800000|  0%| F|  |TAMS 0x0000000432000000| PB 0x0000000432000000| Untracked 
|  93|0x0000000432800000, 0x0000000432800000, 0x0000000433000000|  0%| F|  |TAMS 0x0000000432800000| PB 0x0000000432800000| Untracked 
|  94|0x0000000433000000, 0x0000000433000000, 0x0000000433800000|  0%| F|  |TAMS 0x0000000433000000| PB 0x0000000433000000| Untracked 
|  95|0x0000000433800000, 0x0000000433800000, 0x0000000434000000|  0%| F|  |TAMS 0x0000000433800000| PB 0x0000000433800000| Untracked 
|  96|0x0000000434000000, 0x0000000434000000, 0x0000000434800000|  0%| F|  |TAMS 0x0000000434000000| PB 0x0000000434000000| Untracked 
|  97|0x0000000434800000, 0x0000000434800000, 0x0000000435000000|  0%| F|  |TAMS 0x0000000434800000| PB 0x0000000434800000| Untracked 
|  98|0x0000000435000000, 0x0000000435000000, 0x0000000435800000|  0%| F|  |TAMS 0x0000000435000000| PB 0x0000000435000000| Untracked 
|  99|0x0000000435800000, 0x0000000435800000, 0x0000000436000000|  0%| F|  |TAMS 0x0000000435800000| PB 0x0000000435800000| Untracked 
| 100|0x0000000436000000, 0x0000000436000000, 0x0000000436800000|  0%| F|  |TAMS 0x0000000436000000| PB 0x0000000436000000| Untracked 
| 101|0x0000000436800000, 0x0000000436800000, 0x0000000437000000|  0%| F|  |TAMS 0x0000000436800000| PB 0x0000000436800000| Untracked 
| 102|0x0000000437000000, 0x0000000437000000, 0x0000000437800000|  0%| F|  |TAMS 0x0000000437000000| PB 0x0000000437000000| Untracked 
| 103|0x0000000437800000, 0x0000000437800000, 0x0000000438000000|  0%| F|  |TAMS 0x0000000437800000| PB 0x0000000437800000| Untracked 
| 104|0x0000000438000000, 0x0000000438000000, 0x0000000438800000|  0%| F|  |TAMS 0x0000000438000000| PB 0x0000000438000000| Untracked 
| 105|0x0000000438800000, 0x0000000438800000, 0x0000000439000000|  0%| F|  |TAMS 0x0000000438800000| PB 0x0000000438800000| Untracked 
| 106|0x0000000439000000, 0x0000000439000000, 0x0000000439800000|  0%| F|  |TAMS 0x0000000439000000| PB 0x0000000439000000| Untracked 
| 107|0x0000000439800000, 0x0000000439800000, 0x000000043a000000|  0%| F|  |TAMS 0x0000000439800000| PB 0x0000000439800000| Untracked 
| 108|0x000000043a000000, 0x000000043a000000, 0x000000043a800000|  0%| F|  |TAMS 0x000000043a000000| PB 0x000000043a000000| Untracked 
| 109|0x000000043a800000, 0x000000043a800000, 0x000000043b000000|  0%| F|  |TAMS 0x000000043a800000| PB 0x000000043a800000| Untracked 
| 110|0x000000043b000000, 0x000000043b000000, 0x000000043b800000|  0%| F|  |TAMS 0x000000043b000000| PB 0x000000043b000000| Untracked 
| 111|0x000000043b800000, 0x000000043b800000, 0x000000043c000000|  0%| F|  |TAMS 0x000000043b800000| PB 0x000000043b800000| Untracked 
| 112|0x000000043c000000, 0x000000043c000000, 0x000000043c800000|  0%| F|  |TAMS 0x000000043c000000| PB 0x000000043c000000| Untracked 
| 113|0x000000043c800000, 0x000000043c800000, 0x000000043d000000|  0%| F|  |TAMS 0x000000043c800000| PB 0x000000043c800000| Untracked 
| 114|0x000000043d000000, 0x000000043d000000, 0x000000043d800000|  0%| F|  |TAMS 0x000000043d000000| PB 0x000000043d000000| Untracked 
| 115|0x000000043d800000, 0x000000043d800000, 0x000000043e000000|  0%| F|  |TAMS 0x000000043d800000| PB 0x000000043d800000| Untracked 
| 116|0x000000043e000000, 0x000000043e000000, 0x000000043e800000|  0%| F|  |TAMS 0x000000043e000000| PB 0x000000043e000000| Untracked 
| 117|0x000000043e800000, 0x000000043e800000, 0x000000043f000000|  0%| F|  |TAMS 0x000000043e800000| PB 0x000000043e800000| Untracked 
| 118|0x000000043f000000, 0x000000043f000000, 0x000000043f800000|  0%| F|  |TAMS 0x000000043f000000| PB 0x000000043f000000| Untracked 
| 119|0x000000043f800000, 0x000000043f800000, 0x0000000440000000|  0%| F|  |TAMS 0x000000043f800000| PB 0x000000043f800000| Untracked 
| 120|0x0000000440000000, 0x0000000440000000, 0x0000000440800000|  0%| F|  |TAMS 0x0000000440000000| PB 0x0000000440000000| Untracked 
| 121|0x0000000440800000, 0x0000000440800000, 0x0000000441000000|  0%| F|  |TAMS 0x0000000440800000| PB 0x0000000440800000| Untracked 
| 122|0x0000000441000000, 0x0000000441000000, 0x0000000441800000|  0%| F|  |TAMS 0x0000000441000000| PB 0x0000000441000000| Untracked 
| 123|0x0000000441800000, 0x0000000441800000, 0x0000000442000000|  0%| F|  |TAMS 0x0000000441800000| PB 0x0000000441800000| Untracked 
| 124|0x0000000442000000, 0x0000000442000000, 0x0000000442800000|  0%| F|  |TAMS 0x0000000442000000| PB 0x0000000442000000| Untracked 
| 125|0x0000000442800000, 0x0000000442800000, 0x0000000443000000|  0%| F|  |TAMS 0x0000000442800000| PB 0x0000000442800000| Untracked 
| 126|0x0000000443000000, 0x0000000443000000, 0x0000000443800000|  0%| F|  |TAMS 0x0000000443000000| PB 0x0000000443000000| Untracked 
| 127|0x0000000443800000, 0x0000000443dc2b50, 0x0000000444000000| 72%| E|  |TAMS 0x0000000443800000| PB 0x0000000443800000| Complete 

Card table byte_map: [0x000001ee57ca0000,0x000001ee59c80000] _byte_map_base: 0x000001ee55c80000

Marking Bits: (CMBitMap*) 0x000001ee3e051580
 Bits: [0x000001ee59c80000, 0x000001ee69b80000)

Polling page: 0x000001ee3bd60000

Metaspace:

Usage:
  Non-class:    199.34 KB used.
      Class:     15.05 KB used.
       Both:    214.40 KB used.

Virtual space:
  Non-class space:       64.00 MB reserved,     256.00 KB ( <1%) committed,  1 nodes.
      Class space:        1.00 GB reserved,     128.00 KB ( <1%) committed,  1 nodes.
             Both:        1.06 GB reserved,     384.00 KB ( <1%) committed. 

Chunk freelists:
   Non-Class:  11.98 MB
       Class:  15.74 MB
        Both:  27.72 MB

MaxMetaspaceSize: unlimited
CompressedClassSpaceSize: 1.00 GB
Initial GC threshold: 21.00 MB
Current GC threshold: 21.00 MB
CDS: on
 - commit_granule_bytes: 65536.
 - commit_granule_words: 8192.
 - virtual_space_node_default_size: 8388608.
 - enlarge_chunks_in_place: 1.
 - use_allocation_guard: 0.


Internal statistics:

num_allocs_failed_limit: 0.
num_arena_births: 4.
num_arena_deaths: 0.
num_vsnodes_births: 2.
num_vsnodes_deaths: 0.
num_space_committed: 6.
num_space_uncommitted: 0.
num_chunks_returned_to_freelist: 0.
num_chunks_taken_from_freelist: 9.
num_chunk_merges: 0.
num_chunk_splits: 5.
num_chunks_enlarged: 3.
num_inconsistent_stats: 0.

CodeHeap 'non-profiled nmethods': size=119168Kb used=15Kb max_used=15Kb free=119152Kb
 bounds [0x000001ee4dfc0000, 0x000001ee4e230000, 0x000001ee55420000]
CodeHeap 'profiled nmethods': size=119104Kb used=100Kb max_used=100Kb free=119003Kb
 bounds [0x000001ee46420000, 0x000001ee46690000, 0x000001ee4d870000]
CodeHeap 'non-nmethods': size=7488Kb used=2308Kb max_used=2314Kb free=5180Kb
 bounds [0x000001ee4d870000, 0x000001ee4dae0000, 0x000001ee4dfc0000]
 total_blobs=393 nmethods=78 adapters=218
 compilation: enabled
              stopped_count=0, restarted_count=0
 full_count=0

Compilation events (20 events):
Event: 0.044 Thread 0x000001ee6cbe1920 nmethod 67 0x000001ee4dfc3590 code [0x000001ee4dfc3720, 0x000001ee4dfc37f0]
Event: 0.044 Thread 0x000001ee6cbd5110 nmethod 49 0x000001ee4dfc3890 code [0x000001ee4dfc3a20, 0x000001ee4dfc3bd8]
Event: 0.044 Thread 0x000001ee6cc438c0 nmethod 70 0x000001ee46435f10 code [0x000001ee464360e0, 0x000001ee46436320]
Event: 0.044 Thread 0x000001ee6cdb4660 nmethod 40 0x000001ee46436410 code [0x000001ee46436600, 0x000001ee46436a88]
Event: 0.044 Thread 0x000001ee6cdb4660   71       3       java.lang.StringLatin1::canEncode (13 bytes)
Event: 0.044 Thread 0x000001ee6cdb4660 nmethod 71 0x000001ee46436c10 code [0x000001ee46436da0, 0x000001ee46436ee8]
Event: 0.046 Thread 0x000001ee6cdb4660   72       3       java.lang.String::isEmpty (14 bytes)
Event: 0.046 Thread 0x000001ee6cdb4660 nmethod 72 0x000001ee46436f90 code [0x000001ee46437140, 0x000001ee464372b0]
Event: 0.058 Thread 0x000001ee6cc438c0   73       3       java.lang.StringLatin1::indexOfChar (33 bytes)
Event: 0.058 Thread 0x000001ee6cbe1920   74       3       java.lang.AbstractStringBuilder::isLatin1 (19 bytes)
Event: 0.058 Thread 0x000001ee6cc438c0 nmethod 73 0x000001ee46437390 code [0x000001ee46437540, 0x000001ee46437768]
Event: 0.058 Thread 0x000001ee6cbe1920 nmethod 74 0x000001ee46437890 code [0x000001ee46437a40, 0x000001ee46437bb8]
Event: 0.058 Thread 0x000001ee6cbe1920   75       3       java.lang.StringBuilder::append (8 bytes)
Event: 0.058 Thread 0x000001ee6cc438c0   76       3       java.lang.AbstractStringBuilder::append (77 bytes)
Event: 0.058 Thread 0x000001ee6cdb4660   77       3       java.io.WinNTFileSystem::isSlash (18 bytes)
Event: 0.059 Thread 0x000001ee6cbe1920 nmethod 75 0x000001ee46437c90 code [0x000001ee46437e40, 0x000001ee46437f90]
Event: 0.059 Thread 0x000001ee6cdb4660 nmethod 77 0x000001ee46438010 code [0x000001ee464381c0, 0x000001ee46438360]
Event: 0.059 Thread 0x000001ee6cc438c0 nmethod 76 0x000001ee46438410 code [0x000001ee46438620, 0x000001ee46438d08]
Event: 0.061 Thread 0x000001ee6cc438c0   78       3       java.lang.Math::max (11 bytes)
Event: 0.061 Thread 0x000001ee6cc438c0 nmethod 78 0x000001ee46438f90 code [0x000001ee46439120, 0x000001ee46439260]

GC Heap History (0 events):
No events

Dll operation events (7 events):
Event: 0.006 Loaded shared library C:\Program Files\Java\jdk-21\bin\java.dll
Event: 0.033 Loaded shared library C:\Program Files\Java\jdk-21\bin\jsvml.dll
Event: 0.048 Loaded shared library C:\Users\main\IdeaProjects\java-uef\bin\win\UltralightCore.dll
Event: 0.050 Loaded shared library C:\Users\main\IdeaProjects\java-uef\bin\win\WebCore.dll
Event: 0.052 Loaded shared library C:\Users\main\IdeaProjects\java-uef\bin\win\Ultralight.dll
Event: 0.056 Loaded shared library C:\Users\main\IdeaProjects\java-uef\bin\win\AppCore.dll
Event: 0.057 Loaded shared library C:\Users\main\IdeaProjects\java-uef\cbuild\Release\Uef.dll

Deoptimization events (0 events):
No events

Classes loaded (20 events):
Event: 0.026 Loading class sun/nio/cs/DelegatableDecoder done
Event: 0.027 Loading class sun/nio/cs/DoubleByte$Decoder done
Event: 0.027 Loading class sun/nio/cs/MS932$DecodeHolder
Event: 0.027 Loading class sun/nio/cs/MS932$DecodeHolder done
Event: 0.027 Loading class sun/nio/cs/DoubleByte
Event: 0.027 Loading class sun/nio/cs/DoubleByte done
Event: 0.029 Loading class sun/nio/cs/DoubleByte$Encoder
Event: 0.029 Loading class sun/nio/cs/DoubleByte$Encoder done
Event: 0.029 Loading class sun/nio/cs/MS932$EncodeHolder
Event: 0.029 Loading class sun/nio/cs/MS932$EncodeHolder done
Event: 0.044 Loading class jdk/internal/loader/URLClassPath$FileLoader
Event: 0.044 Loading class jdk/internal/loader/URLClassPath$FileLoader done
Event: 0.045 Loading class jdk/internal/loader/URLClassPath$FileLoader$1
Event: 0.045 Loading class jdk/internal/loader/URLClassPath$FileLoader$1 done
Event: 0.058 Loading class java/io/FileNotFoundException
Event: 0.058 Loading class java/io/IOException
Event: 0.058 Loading class java/io/IOException done
Event: 0.058 Loading class java/io/FileNotFoundException done
Event: 0.058 Loading class java/security/PrivilegedActionException
Event: 0.058 Loading class java/security/PrivilegedActionException done

Classes unloaded (0 events):
No events

Classes redefined (0 events):
No events

Internal exceptions (0 events):
No events

ZGC Phase Switch (0 events):
No events

VM Operations (0 events):
No events

Events (13 events):
Event: 0.019 Thread 0x000001ee3dfa9920 Thread added: 0x000001ee3dfa9920
Event: 0.030 Thread 0x000001ee69d7dda0 Thread added: 0x000001ee69d7dda0
Event: 0.031 Thread 0x000001ee69d755d0 Thread added: 0x000001ee69d755d0
Event: 0.031 Thread 0x000001ee6cbd1f80 Thread added: 0x000001ee6cbd1f80
Event: 0.031 Thread 0x000001ee6cbd2a00 Thread added: 0x000001ee6cbd2a00
Event: 0.031 Thread 0x000001ee6cbd3590 Thread added: 0x000001ee6cbd3590
Event: 0.031 Thread 0x000001ee6cbd4120 Thread added: 0x000001ee6cbd4120
Event: 0.031 Thread 0x000001ee6cbd5110 Thread added: 0x000001ee6cbd5110
Event: 0.031 Thread 0x000001ee6cbe1920 Thread added: 0x000001ee6cbe1920
Event: 0.033 Thread 0x000001ee6cc438c0 Thread added: 0x000001ee6cc438c0
Event: 0.042 Thread 0x000001ee6cdb4660 Thread added: 0x000001ee6cdb4660
Event: 0.043 Thread 0x000001ee6cdc5a90 Thread added: 0x000001ee6cdc5a90
Event: 0.045 Thread 0x000001ee6cdc66d0 Thread added: 0x000001ee6cdc66d0


Dynamic libraries:
0x00007ff7c6e20000 - 0x00007ff7c6e30000 	C:\Program Files\Java\jdk-21\bin\java.exe
0x00007ff9fd750000 - 0x00007ff9fd967000 	C:\Windows\SYSTEM32\ntdll.dll
0x00007ff9fd230000 - 0x00007ff9fd2f4000 	C:\Windows\System32\KERNEL32.DLL
0x00007ff9fada0000 - 0x00007ff9fb14d000 	C:\Windows\System32\KERNELBASE.dll
0x00007ff9faaa0000 - 0x00007ff9fabb1000 	C:\Windows\System32\ucrtbase.dll
0x00007ff9c9ac0000 - 0x00007ff9c9ad9000 	C:\Program Files\Java\jdk-21\bin\jli.dll
0x00007ff9c94b0000 - 0x00007ff9c94cb000 	C:\Program Files\Java\jdk-21\bin\VCRUNTIME140.dll
0x00007ff9fb480000 - 0x00007ff9fb532000 	C:\Windows\System32\ADVAPI32.dll
0x00007ff9fd660000 - 0x00007ff9fd707000 	C:\Windows\System32\msvcrt.dll
0x00007ff9fc9b0000 - 0x00007ff9fca59000 	C:\Windows\System32\sechost.dll
0x00007ff9faa70000 - 0x00007ff9faa98000 	C:\Windows\System32\bcrypt.dll
0x00007ff9fca60000 - 0x00007ff9fcb74000 	C:\Windows\System32\RPCRT4.dll
0x00007ff9fc7f0000 - 0x00007ff9fc99e000 	C:\Windows\System32\USER32.dll
0x00007ff9fb450000 - 0x00007ff9fb476000 	C:\Windows\System32\win32u.dll
0x00007ff9ebb70000 - 0x00007ff9ebe03000 	C:\Windows\WinSxS\amd64_microsoft.windows.common-controls_6595b64144ccf1df_6.0.22621.3672_none_2713b9d173822955\COMCTL32.dll
0x00007ff9fd580000 - 0x00007ff9fd5a9000 	C:\Windows\System32\GDI32.dll
0x00007ff9fabc0000 - 0x00007ff9facd9000 	C:\Windows\System32\gdi32full.dll
0x00007ff9fb150000 - 0x00007ff9fb1ea000 	C:\Windows\System32\msvcp_win.dll
0x00007ff9f1d20000 - 0x00007ff9f1d2a000 	C:\Windows\SYSTEM32\VERSION.dll
0x00007ff9fc5f0000 - 0x00007ff9fc621000 	C:\Windows\System32\IMM32.DLL
0x00007ff9cb2a0000 - 0x00007ff9cb2ac000 	C:\Program Files\Java\jdk-21\bin\vcruntime140_1.dll
0x00007ff9c26b0000 - 0x00007ff9c273e000 	C:\Program Files\Java\jdk-21\bin\msvcp140.dll
0x00007ff955ea0000 - 0x00007ff956bad000 	C:\Program Files\Java\jdk-21\bin\server\jvm.dll
0x00007ff9fd000000 - 0x00007ff9fd071000 	C:\Windows\System32\WS2_32.dll
0x00007ff9f98c0000 - 0x00007ff9f990d000 	C:\Windows\SYSTEM32\POWRPROF.dll
0x00007ff9f39d0000 - 0x00007ff9f3a04000 	C:\Windows\SYSTEM32\WINMM.dll
0x00007ff9f98a0000 - 0x00007ff9f98b3000 	C:\Windows\SYSTEM32\UMPDC.dll
0x00007ff9f9af0000 - 0x00007ff9f9b08000 	C:\Windows\SYSTEM32\kernel.appcore.dll
0x00007ff9c9930000 - 0x00007ff9c993a000 	C:\Program Files\Java\jdk-21\bin\jimage.dll
0x00007ff9f80a0000 - 0x00007ff9f82d2000 	C:\Windows\SYSTEM32\DBGHELP.DLL
0x00007ff9fc260000 - 0x00007ff9fc5ed000 	C:\Windows\System32\combase.dll
0x00007ff9fc710000 - 0x00007ff9fc7e7000 	C:\Windows\System32\OLEAUT32.dll
0x00007ff9cf970000 - 0x00007ff9cf9a2000 	C:\Windows\SYSTEM32\dbgcore.DLL
0x00007ff9fb3d0000 - 0x00007ff9fb44b000 	C:\Windows\System32\bcryptPrimitives.dll
0x00007ff9c93b0000 - 0x00007ff9c93cf000 	C:\Program Files\Java\jdk-21\bin\java.dll
0x00007ff9fb910000 - 0x00007ff9fc178000 	C:\Windows\System32\SHELL32.dll
0x00007ff9f8980000 - 0x00007ff9f927e000 	C:\Windows\SYSTEM32\windows.storage.dll
0x00007ff9f8840000 - 0x00007ff9f897f000 	C:\Windows\SYSTEM32\wintypes.dll
0x00007ff9fd300000 - 0x00007ff9fd3f9000 	C:\Windows\System32\SHCORE.dll
0x00007ff9fc180000 - 0x00007ff9fc1de000 	C:\Windows\System32\shlwapi.dll
0x00007ff9fa9a0000 - 0x00007ff9fa9c1000 	C:\Windows\SYSTEM32\profapi.dll
0x00007ff9a5c20000 - 0x00007ff9a5cf7000 	C:\Program Files\Java\jdk-21\bin\jsvml.dll
0x00007ff92d690000 - 0x00007ff92d8d0000 	C:\Users\main\IdeaProjects\java-uef\bin\win\UltralightCore.dll
0x00007ff92a5e0000 - 0x00007ff92d68d000 	C:\Users\main\IdeaProjects\java-uef\bin\win\WebCore.dll
0x00007ff9fb260000 - 0x00007ff9fb3c7000 	C:\Windows\System32\CRYPT32.dll
0x00007ff9a17a0000 - 0x00007ff9a1813000 	C:\Users\main\IdeaProjects\java-uef\bin\win\Ultralight.dll
0x00007ff9a1760000 - 0x00007ff9a179e000 	C:\Users\main\IdeaProjects\java-uef\bin\win\AppCore.dll
0x00007ff9fd080000 - 0x00007ff9fd225000 	C:\Windows\System32\ole32.dll
0x00007ff9f8300000 - 0x00007ff9f8557000 	C:\Windows\SYSTEM32\d3d11.dll
0x00007ff9f48f0000 - 0x00007ff9f4cd6000 	C:\Windows\SYSTEM32\D3DCOMPILER_47.dll
0x00007ff9f7a80000 - 0x00007ff9f7cf3000 	C:\Windows\SYSTEM32\DWrite.dll
0x00007ff9fa1f0000 - 0x00007ff9fa20b000 	C:\Windows\SYSTEM32\CRYPTSP.dll
0x00007ff9f8560000 - 0x00007ff9f8657000 	C:\Windows\SYSTEM32\dxgi.dll
0x00007ff9e2810000 - 0x00007ff9e2819000 	C:\Users\main\IdeaProjects\java-uef\cbuild\Release\Uef.dll

dbghelp: loaded successfully - version: 4.0.5 - missing functions: none
symbol engine: initialized successfully - sym options: 0x614 - pdb path: .;C:\Program Files\Java\jdk-21\bin;C:\Windows\SYSTEM32;C:\Windows\WinSxS\amd64_microsoft.windows.common-controls_6595b64144ccf1df_6.0.22621.3672_none_2713b9d173822955;C:\Program Files\Java\jdk-21\bin\server;C:\Users\main\IdeaProjects\java-uef\bin\win;C:\Users\main\IdeaProjects\java-uef\cbuild\Release

VM Arguments:
jvm_args: -Dfile.encoding=UTF-8 -Duser.country=JP -Duser.language=ja -Duser.variant 
java_command: net.rk4z.test.Main
java_class_path (initial): C:\Users\main\IdeaProjects\java-uef\build\classes\java\test;C:\Users\main\IdeaProjects\java-uef\build\classes\kotlin\test;C:\Users\main\IdeaProjects\java-uef\build\resources\test;C:\Users\main\IdeaProjects\java-uef\build\classes\java\main;C:\Users\main\IdeaProjects\java-uef\build\classes\kotlin\main;C:\Users\main\IdeaProjects\java-uef\build\resources\main;C:\Users\main\.gradle\caches\modules-2\files-2.1\org.jetbrains.kotlin\kotlin-stdlib\2.0.20\7388d355f7cceb002cd387ccb7ab3850e4e0a07f\kotlin-stdlib-2.0.20.jar;C:\Users\main\.gradle\caches\modules-2\files-2.1\org.jetbrains\annotations\13.0\919f0dfe192fb4e063e7dacadee7f8bb9a2672a9\annotations-13.0.jar
Launcher Type: SUN_STANDARD

[Global flags]
     intx CICompilerCount                          = 12                                        {product} {ergonomic}
     uint ConcGCThreads                            = 3                                         {product} {ergonomic}
     uint G1ConcRefinementThreads                  = 13                                        {product} {ergonomic}
   size_t G1HeapRegionSize                         = 8388608                                   {product} {ergonomic}
    uintx GCDrainStackTargetSize                   = 64                                        {product} {ergonomic}
   size_t InitialHeapSize                          = 1073741824                                {product} {ergonomic}
   size_t MarkStackSize                            = 4194304                                   {product} {ergonomic}
   size_t MaxHeapSize                              = 17112760320                               {product} {ergonomic}
   size_t MaxNewSize                               = 10267656192                               {product} {ergonomic}
   size_t MinHeapDeltaBytes                        = 8388608                                   {product} {ergonomic}
   size_t MinHeapSize                              = 8388608                                   {product} {ergonomic}
    uintx NonNMethodCodeHeapSize                   = 7602480                                {pd product} {ergonomic}
    uintx NonProfiledCodeHeapSize                  = 122027880                              {pd product} {ergonomic}
    uintx ProfiledCodeHeapSize                     = 122027880                              {pd product} {ergonomic}
    uintx ReservedCodeCacheSize                    = 251658240                              {pd product} {ergonomic}
     bool SegmentedCodeCache                       = true                                      {product} {ergonomic}
   size_t SoftMaxHeapSize                          = 17112760320                            {manageable} {ergonomic}
     bool UseCompressedOops                        = true                           {product lp64_product} {ergonomic}
     bool UseG1GC                                  = true                                      {product} {ergonomic}
     bool UseLargePagesIndividualAllocation        = false                                  {pd product} {ergonomic}

Logging:
Log output configuration:
 #0: stdout all=warning uptime,level,tags foldmultilines=false
 #1: stderr all=off uptime,level,tags foldmultilines=false

Environment Variables:
PATH=C:\Python312\Scripts\;C:\Python312\;C:\Program Files\Smart Projects\IsoBuster;C:\Program Files\Common Files\Oracle\Java\javapath;C:\Program Files (x86)\Common Files\Oracle\Java\java8path;C:\Program Files (x86)\Common Files\Oracle\Java\javapath;C:\Windows\system32;C:\Windows;C:\Windows\System32\Wbem;C:\Windows\System32\WindowsPowerShell\v1.0\;C:\Windows\System32\OpenSSH\;C:\Program Files (x86)\NVIDIA Corporation\PhysX\Common;C:\Program Files\NVIDIA Corporation\NVIDIA NvDLISR;C:\Program Files\Git\cmd;C:\Program Files\nodejs\;C:\ProgramData\chocolatey\bin;C:\Program Files\CMake\bin;C:\Program Files\ninja;C:\Program Files (x86)\cloudflared\;C:\Program Files\Cloudflare\Cloudflare WARP\;C:\Windows\SysWOW64;C:\PHP;C:\ProgramData\ComposerSetup\bin;C:\Users\main\.cargo\bin;C:\Users\main\AppData\Local\Microsoft\WindowsApps;C:\Users\main\AppData\Local\JetBrains\Toolbox\scripts;C:\Users\main\AppData\Roaming\npm;C:\Users\main\AppData\Roaming\Programs\Zero Install;C:\Users\main\AppData\Roaming\Composer\vendor\bin
USERNAME=main
OS=Windows_NT
PROCESSOR_IDENTIFIER=Intel64 Family 6 Model 154 Stepping 3, GenuineIntel
TMP=C:\Users\main\AppData\Local\Temp
TEMP=C:\Users\main\AppData\Local\Temp




Periodic native trim disabled

---------------  S Y S T E M  ---------------

OS:
 Windows 11 , 64 bit Build 22621 (10.0.22621.3958)
OS uptime: 0 days 3:08 hours
Hyper-V role detected

CPU: total 16 (initial active 16) (8 cores per cpu, 2 threads per core) family 6 model 154 stepping 3 microcode 0x41e, cx8, cmov, fxsr, ht, mmx, 3dnowpref, sse, sse2, sse3, ssse3, sse4.1, sse4.2, popcnt, lzcnt, tsc, tscinvbit, avx, avx2, aes, erms, clmul, bmi1, bmi2, adx, sha, fma, vzeroupper, clflush, clflushopt, clwb, hv, serialize, rdtscp, rdpid, fsrm, f16c, cet_ibt, cet_ss
Processor Information for processor 0
  Max Mhz: 2500, Current Mhz: 2500, Mhz Limit: 2500
Processor Information for processor 1
  Max Mhz: 2500, Current Mhz: 2500, Mhz Limit: 2500
Processor Information for processor 2
  Max Mhz: 2500, Current Mhz: 2500, Mhz Limit: 2500
Processor Information for processor 3
  Max Mhz: 2500, Current Mhz: 2500, Mhz Limit: 2500
Processor Information for processor 4
  Max Mhz: 2500, Current Mhz: 2500, Mhz Limit: 2500
Processor Information for processor 5
  Max Mhz: 2500, Current Mhz: 2500, Mhz Limit: 2500
Processor Information for processor 6
  Max Mhz: 2500, Current Mhz: 2500, Mhz Limit: 2500
Processor Information for processor 7
  Max Mhz: 2500, Current Mhz: 2500, Mhz Limit: 2500
Processor Information for processor 8
  Max Mhz: 2500, Current Mhz: 1800, Mhz Limit: 1800
Processor Information for processor 9
  Max Mhz: 2500, Current Mhz: 1800, Mhz Limit: 1800
Processor Information for processor 10
  Max Mhz: 2500, Current Mhz: 1800, Mhz Limit: 1800
Processor Information for processor 11
  Max Mhz: 2500, Current Mhz: 1800, Mhz Limit: 1800
Processor Information for processor 12
  Max Mhz: 2500, Current Mhz: 1800, Mhz Limit: 1800
Processor Information for processor 13
  Max Mhz: 2500, Current Mhz: 1800, Mhz Limit: 1800
Processor Information for processor 14
  Max Mhz: 2500, Current Mhz: 1800, Mhz Limit: 1800
Processor Information for processor 15
  Max Mhz: 2500, Current Mhz: 1800, Mhz Limit: 1800

Memory: 4k page, system-wide physical 65256M (38912M free)
TotalPageFile size 69352M (AvailPageFile size 41459M)
current process WorkingSet (physical memory assigned to process): 40M, peak: 40M
current process commit charge ("private bytes"): 1137M, peak: 1137M

vm_info: Java HotSpot(TM) 64-Bit Server VM (21.0.3+7-LTS-152) for windows-amd64 JRE (21.0.3+7-LTS-152), built on 2024-03-11T17:42:26Z by "mach5one" with MS VC++ 17.6 (VS2022)

END.
